14/03/2017 12:10:03||CAMERA_DISCONNECT||Embrey Builders LLC-Riverstone MDX463||MDX463 Cam1||Connection lost
14/03/2017 12:10:03||CAMERA_DISCONNECT||Embrey Builders LLC-Riverstone MDX463||MDX463 Cam2||Connection lost
14/03/2017 13:52:59||CAMERA_DISCONNECT||Embrey Builders LLC-Riverstone MDX463||MDX463 Cam1||Connection lost
14/03/2017 13:52:59||CAMERA_DISCONNECT||Embrey Builders LLC-Riverstone MDX463||MDX463 Cam2||Connection lost
14/03/2017 13:56:26||CAMERA_DISCONNECT||Embrey Builders LLC-Riverstone MDX463||MDX463 Cam1||Connection lost
14/03/2017 13:56:27||CAMERA_DISCONNECT||Embrey Builders LLC-Riverstone MDX463||MDX463 Cam2||Connection lost
14/03/2017 15:11:11||CAMERA_DISCONNECT||Embrey Builders LLC-Riverstone MDX463||MDX463 Cam1||Connection lost
14/03/2017 15:11:12||CAMERA_DISCONNECT||Embrey Builders LLC-Riverstone MDX463||MDX463 Cam2||Connection lost
14/03/2017 15:25:09||CAMERA_DISCONNECT||Cyrus Management - Lucas Storage P194||P194 Cam1PTZ||Connection lost
14/03/2017 15:25:09||CAMERA_DISCONNECT||Cyrus Management - Lucas Storage P194||P194 Cam2PTZ||Connection lost
14/03/2017 15:25:10||CAMERA_DISCONNECT||Cyrus Management - Lucas Storage P194||P194 Cam3||Connection lost
14/03/2017 15:25:11||CAMERA_DISCONNECT||Cyrus Management - Lucas Storage P194||P194 Cam4||Connection lost
14/03/2017 15:25:16||CAMERA_DISCONNECT||Sherwood Construction - Lindsey Streets P212||P212 Cam1 PTZ||Connection lost
14/03/2017 15:25:17||CAMERA_DISCONNECT||Sherwood Construction - Lindsey Streets P212||P212 Cam3||Connection lost
14/03/2017 15:25:19||CAMERA_DISCONNECT||Sherwood Construction - Lindsey Streets P212||P212 Cam4||Connection lost
14/03/2017 15:25:20||CAMERA_DISCONNECT||Sherwood Construction - Lindsey Streets P212||P212 Cam2 PTZ||Connection lost
14/03/2017 15:25:25||CAMERA_DISCONNECT||||CAM0508 Cam2||Connection lost
14/03/2017 15:25:25||CAMERA_DISCONNECT||||CAM0508 Cam1 PTZ||Connection lost
14/03/2017 15:25:25||CAMERA_DISCONNECT||||CAM0508 Cam3||Connection lost
14/03/2017 15:25:26||CAMERA_DISCONNECT||||CAM0508 Cam4||Connection lost
14/03/2017 15:25:45||CAMERA_DISCONNECT||All Star Honda - Greenfield WI F120||F120 Cam15||Connection lost
14/03/2017 15:25:45||CAMERA_DISCONNECT||All Star Honda - Greenfield WI F120||F120 Cam16||Connection lost
14/03/2017 15:26:02||CAMERA_DISCONNECT||Embrey Builders LLC-Riverstone MDX458||MDX458 Cam1||Connection lost
14/03/2017 15:26:02||CAMERA_DISCONNECT||Embrey Builders LLC-Riverstone MDX458||MDX458 Cam2||Connection lost
14/03/2017 15:26:04||CAMERA_DISCONNECT||Embrey Builders LLC-Riverstone MDX463||MDX463 Cam1||Connection lost
14/03/2017 15:26:05||CAMERA_DISCONNECT||Embrey Builders LLC-Riverstone MDX463||MDX463 Cam2||Connection lost
14/03/2017 15:26:05||CAMERA_DISCONNECT||Mobley Contractors, INC-Counts Massie MDX461||MDX461 Cam1||Connection lost
14/03/2017 15:26:05||CAMERA_DISCONNECT||Mobley Contractors, INC-Counts Massie MDX461||MDX461 Cam2||Connection lost
14/03/2017 15:26:11||CAMERA_DISCONNECT||Mobley Contractors, INC-Counts Massie MDX461||MDX461 HD PTZ||Connection lost
14/03/2017 15:38:33||CAMERA_DISCONNECT||Cyrus Management - Lucas Storage P194||P194 Cam1PTZ||Connection lost
14/03/2017 15:38:33||CAMERA_DISCONNECT||Cyrus Management - Lucas Storage P194||P194 Cam2PTZ||Connection lost
14/03/2017 15:38:33||CAMERA_DISCONNECT||Cyrus Management - Lucas Storage P194||P194 Cam3||Connection lost
14/03/2017 15:38:34||CAMERA_DISCONNECT||Cyrus Management - Lucas Storage P194||P194 Cam4||Connection lost
14/03/2017 15:38:37||CAMERA_DISCONNECT||Sherwood Construction - Lindsey Streets P212||P212 Cam1 PTZ||Connection lost
14/03/2017 15:38:37||CAMERA_DISCONNECT||Sherwood Construction - Lindsey Streets P212||P212 Cam2 PTZ||Connection lost
14/03/2017 15:38:37||CAMERA_DISCONNECT||Sherwood Construction - Lindsey Streets P212||P212 Cam3||Connection lost
14/03/2017 15:38:38||CAMERA_DISCONNECT||Sherwood Construction - Lindsey Streets P212||P212 Cam4||Connection lost
14/03/2017 15:38:40||CAMERA_DISCONNECT||||CAM0508 Cam1 PTZ||Connection lost
14/03/2017 15:38:41||CAMERA_DISCONNECT||||CAM0508 Cam2||Connection lost
14/03/2017 15:38:41||CAMERA_DISCONNECT||||CAM0508 Cam3||Connection lost
14/03/2017 15:38:41||CAMERA_DISCONNECT||||CAM0508 Cam4||Connection lost
14/03/2017 15:38:50||CAMERA_DISCONNECT||All Star Honda - Greenfield WI F120||F120 Cam15||Connection lost
14/03/2017 15:38:50||CAMERA_DISCONNECT||All Star Honda - Greenfield WI F120||F120 Cam16||Connection lost
14/03/2017 15:39:02||CAMERA_DISCONNECT||Embrey Builders LLC-Riverstone MDX458||MDX458 Cam1||Connection lost
14/03/2017 15:39:02||CAMERA_DISCONNECT||Embrey Builders LLC-Riverstone MDX458||MDX458 Cam2||Connection lost
14/03/2017 15:39:05||CAMERA_DISCONNECT||Embrey Builders LLC-Riverstone MDX463||MDX463 Cam1||Connection lost
14/03/2017 15:39:05||CAMERA_DISCONNECT||Embrey Builders LLC-Riverstone MDX463||MDX463 Cam2||Connection lost
14/03/2017 15:39:05||CAMERA_DISCONNECT||Mobley Contractors, INC-Counts Massie MDX461||MDX461 Cam1||Connection lost
14/03/2017 15:39:06||CAMERA_DISCONNECT||Mobley Contractors, INC-Counts Massie MDX461||MDX461 Cam2||Connection lost
14/03/2017 15:39:10||CAMERA_DISCONNECT||Mobley Contractors, INC-Counts Massie MDX461||MDX461 HD PTZ||Connection lost
14/03/2017 15:39:22||CAMERA_DISCONNECT||M Sport Motors - 2599-2605 North Main Street Site F76-1||F76 Cam1||Connection lost
14/03/2017 15:39:22||CAMERA_DISCONNECT||M Sport Motors - 2599-2605 North Main Street Site F76-1||F76 Cam2||Connection lost
14/03/2017 15:39:23||CAMERA_DISCONNECT||M Sport Motors - 2599-2605 North Main Street Site F76-1||F76 Cam3||Connection lost
14/03/2017 15:47:26||CAMERA_DISCONNECT||Embrey Builders LLC-Riverstone MDX463||MDX463 Cam1||Connection lost
14/03/2017 15:47:27||CAMERA_DISCONNECT||Embrey Builders LLC-Riverstone MDX463||MDX463 Cam2||Connection lost
14/03/2017 16:13:00||CAMERA_DISCONNECT||Embrey Builders LLC-Riverstone MDX463||MDX463 Cam1||Connection lost
14/03/2017 16:13:00||CAMERA_DISCONNECT||Embrey Builders LLC-Riverstone MDX463||MDX463 Cam2||Connection lost
14/03/2017 16:24:18||CAMERA_DISCONNECT||Embrey Builders LLC-Riverstone MDX463||MDX463 Cam1||Connection lost
14/03/2017 16:24:18||CAMERA_DISCONNECT||Embrey Builders LLC-Riverstone MDX463||MDX463 Cam2||Connection lost
14/03/2017 16:52:53||CAMERA_DISCONNECT||M&R -165 W Superior 3. MD435||MD435 Cam1||Connection lost
14/03/2017 16:52:53||CAMERA_DISCONNECT||M&R -165 W Superior 3. MD435||MD435 Cam2||Connection lost
14/03/2017 16:52:54||CAMERA_DISCONNECT||Cambridge Swinerton Builders- Chamblee Gateway South MD563||MD563 Cam1||Connection lost
14/03/2017 16:52:54||CAMERA_DISCONNECT||Cambridge Swinerton Builders- Chamblee Gateway South MD563||MD563 Cam2||Connection lost
14/03/2017 16:53:00||CAMERA_DISCONNECT||Oncor - Temple Transmission Office oncor-temple||Oncor - Temple Trans (fixed) Cam7||Connection lost
14/03/2017 16:53:00||CAMERA_DISCONNECT||Oncor - Temple Transmission Office oncor-temple||Oncor - Temple Trans (fixed) Cam8||Connection lost
14/03/2017 16:53:01||CAMERA_DISCONNECT||Oncor - Temple Transmission Office oncor-temple||Oncor - Temple Trans (fixed) Cam1||Connection lost
14/03/2017 16:53:01||CAMERA_DISCONNECT||Oncor - Temple Transmission Office oncor-temple||Oncor - Temple Trans (fixed) Cam2||Connection lost
14/03/2017 16:53:01||CAMERA_DISCONNECT||Oncor - Temple Transmission Office oncor-temple||Oncor - Temple Trans (fixed) Cam3||Connection lost
14/03/2017 16:53:02||CAMERA_DISCONNECT||Oncor - Temple Transmission Office oncor-temple||Oncor - Temple Trans (fixed) Cam4||Connection lost
14/03/2017 16:53:02||CAMERA_DISCONNECT||Oncor - Temple Transmission Office oncor-temple||Oncor - Temple Trans (fixed) Cam5||Connection lost
14/03/2017 16:53:02||CAMERA_DISCONNECT||Oncor - Temple Transmission Office oncor-temple||Oncor - Temple Trans (fixed) Cam6||Connection lost
14/03/2017 16:53:05||CAMERA_DISCONNECT||Allen Contracting inc  - Shields & 240 XL011||XL011 Cam1||Connection lost
14/03/2017 16:53:05||CAMERA_DISCONNECT||Allen Contracting inc  - Shields & 240 XL011||XL011 Cam2||Connection lost
14/03/2017 16:53:05||CAMERA_DISCONNECT||Allen Contracting inc  - Shields & 240 XL011||XL011 Cam3||Connection lost
14/03/2017 16:53:06||CAMERA_DISCONNECT||Standard Pacific Homes - Phillips Creek 3 P086||P086 Cam2 PTZ||Connection lost
14/03/2017 16:53:06||CAMERA_DISCONNECT||Standard Pacific Homes - Phillips Creek 3 P086||P086 Cam3||Connection lost
14/03/2017 16:53:07||CAMERA_DISCONNECT||Standard Pacific Homes - Phillips Creek 3 P086||P086 Cam4||Connection lost
14/03/2017 16:53:07||CAMERA_DISCONNECT||Standard Pacific Homes - Phillips Creek 3 P086||P086 Cam1 PTZ||Connection lost
14/03/2017 16:53:13||CAMERA_DISCONNECT||Trinitas Oxford MDX071||MDX071 Cam1||Connection lost
14/03/2017 16:53:13||CAMERA_DISCONNECT||Trinitas Oxford MDX071||MDX071 Cam2||Connection lost
14/03/2017 16:53:13||CAMERA_DISCONNECT||Cityscape Residential - Quaility Hill Summit MDX072||MDX072 Cam1||Connection lost
14/03/2017 16:53:14||CAMERA_DISCONNECT||Cityscape Residential - Quaility Hill Summit MDX072||MDX072 Cam2||Connection lost
14/03/2017 16:53:14||CAMERA_DISCONNECT||Cityscape Residential - Quaility Hill Summit MDX074||MDX074 Cam1||Connection lost
14/03/2017 16:53:15||CAMERA_DISCONNECT||Cityscape Residential - Quaility Hill Summit MDX074||MDX074 Cam2||Connection lost
14/03/2017 16:53:23||CAMERA_DISCONNECT||Lagrone Services - Main Event Humble MD1013||MD1013 Cam1||Connection lost
14/03/2017 16:53:23||CAMERA_DISCONNECT||Lagrone Services - Main Event Humble MD1013||MD1013 Cam2||Connection lost
14/03/2017 16:53:25||CAMERA_DISCONNECT||Matan Companies - Urban Green MD301||MD301 Cam1||Connection lost
14/03/2017 16:53:25||CAMERA_DISCONNECT||Matan Companies - Urban Green MD301||MD301 Cam2||Connection lost
14/03/2017 16:53:27||CAMERA_DISCONNECT||Mattamy Homes - Renaissance at West Villages MDX130||MDX130 Cam1||Connection lost
14/03/2017 16:53:27||CAMERA_DISCONNECT||Mattamy Homes - Renaissance at West Villages MDX130||MDX130 Cam2||Connection lost
14/03/2017 16:53:27||CAMERA_DISCONNECT||The Morganti Group, Inc MDX133||MDX133 Cam 2||Connection lost
14/03/2017 16:53:28||CAMERA_DISCONNECT||The Morganti Group, Inc MDX133||MDX133 Cam 1||Connection lost
14/03/2017 16:53:33||CAMERA_DISCONNECT||M&R -165 W Superior 3. MD396||MD396 Cam1||Connection lost
14/03/2017 16:53:33||CAMERA_DISCONNECT||M&R -165 W Superior 3. MD396||MD396 Cam2||Connection lost
14/03/2017 16:53:35||CAMERA_DISCONNECT||Cityscape Residential - Quaility Hill Summit MDX074||MDX074 HD PTZ||Connection lost
14/03/2017 16:53:36||CAMERA_DISCONNECT||Cityscape Residential - Quaility Hill Summit MDX072||MDX072 HD PTZ ||Connection lost
14/03/2017 16:53:36||CAMERA_CONNECT||Matan Companies - Urban Green MD301||MD301 Cam1||Connection restored
14/03/2017 16:53:37||CAMERA_DISCONNECT||M&R - 833 N. Clark MR106||MR106 Cam1||Connection lost
14/03/2017 16:53:37||CAMERA_CONNECT||Matan Companies - Urban Green MD301||MD301 Cam2||Connection restored
14/03/2017 16:53:37||CAMERA_DISCONNECT||M&R - 833 N. Clark MR106||MR106 Cam2||Connection lost
14/03/2017 16:53:38||CAMERA_DISCONNECT||M&R - 833 N. Clark MR107||MR107 Cam1||Connection lost
14/03/2017 16:53:39||CAMERA_DISCONNECT||M&R - 833 N. Clark MR107||MR107 Cam2||Connection lost
14/03/2017 16:53:53||CAMERA_DISCONNECT||Mario Sinacola & Sons Excavating, Inc. - Viridian Ph 2 & 3 MDX670||MDX670 Cam1||Connection lost
14/03/2017 17:53:04||CAMERA_DISCONNECT||Cyrus Management - Lucas Storage P194||P194 Cam1PTZ||Connection lost
14/03/2017 17:53:04||CAMERA_DISCONNECT||Cyrus Management - Lucas Storage P194||P194 Cam2PTZ||Connection lost
14/03/2017 17:53:05||CAMERA_DISCONNECT||Cyrus Management - Lucas Storage P194||P194 Cam3||Connection lost
14/03/2017 17:53:05||CAMERA_DISCONNECT||Cyrus Management - Lucas Storage P194||P194 Cam4||Connection lost
14/03/2017 17:53:08||CAMERA_DISCONNECT||Sherwood Construction - Lindsey Streets P212||P212 Cam1 PTZ||Connection lost
14/03/2017 17:53:09||CAMERA_DISCONNECT||Sherwood Construction - Lindsey Streets P212||P212 Cam2 PTZ||Connection lost
14/03/2017 17:53:09||CAMERA_DISCONNECT||Sherwood Construction - Lindsey Streets P212||P212 Cam3||Connection lost
14/03/2017 17:53:10||CAMERA_DISCONNECT||Sherwood Construction - Lindsey Streets P212||P212 Cam4||Connection lost
14/03/2017 17:53:12||CAMERA_DISCONNECT||||CAM0508 Cam1 PTZ||Connection lost
14/03/2017 17:53:13||CAMERA_DISCONNECT||||CAM0508 Cam2||Connection lost
14/03/2017 17:53:13||CAMERA_DISCONNECT||||CAM0508 Cam3||Connection lost
14/03/2017 17:53:13||CAMERA_DISCONNECT||||CAM0508 Cam4||Connection lost
14/03/2017 17:53:23||CAMERA_DISCONNECT||All Star Honda - Greenfield WI F120||F120 Cam15||Connection lost
14/03/2017 17:53:24||CAMERA_DISCONNECT||All Star Honda - Greenfield WI F120||F120 Cam16||Connection lost
14/03/2017 17:53:41||CAMERA_DISCONNECT||Embrey Builders LLC-Riverstone MDX458||MDX458 Cam1||Connection lost
14/03/2017 17:53:41||CAMERA_DISCONNECT||Embrey Builders LLC-Riverstone MDX458||MDX458 Cam2||Connection lost
14/03/2017 17:53:44||CAMERA_DISCONNECT||Embrey Builders LLC-Riverstone MDX463||MDX463 Cam1||Connection lost
14/03/2017 17:53:44||CAMERA_DISCONNECT||Embrey Builders LLC-Riverstone MDX463||MDX463 Cam2||Connection lost
14/03/2017 17:53:45||CAMERA_DISCONNECT||Mobley Contractors, INC-Counts Massie MDX461||MDX461 Cam2||Connection lost
14/03/2017 17:53:45||CAMERA_DISCONNECT||Mobley Contractors, INC-Counts Massie MDX461||MDX461 Cam1||Connection lost
14/03/2017 17:53:51||CAMERA_DISCONNECT||Mobley Contractors, INC-Counts Massie MDX461||MDX461 HD PTZ||Connection lost
14/03/2017 18:00:12||CAMERA_DISCONNECT||Embrey Builders LLC-Riverstone MDX463||MDX463 Cam2||Connection lost
14/03/2017 18:00:12||CAMERA_DISCONNECT||Embrey Builders LLC-Riverstone MDX463||MDX463 Cam1||Connection lost
14/03/2017 18:30:28||CAMERA_DISCONNECT||Embrey Builders LLC-Riverstone MDX463||MDX463 Cam1||Connection lost
14/03/2017 18:30:29||CAMERA_DISCONNECT||Embrey Builders LLC-Riverstone MDX463||MDX463 Cam2||Connection lost
14/03/2017 18:38:27||CAMERA_DISCONNECT||Embrey Builders LLC-Riverstone MDX463||MDX463 Cam1||Connection lost
14/03/2017 18:38:28||CAMERA_DISCONNECT||Embrey Builders LLC-Riverstone MDX463||MDX463 Cam2||Connection lost
14/03/2017 18:43:21||CAMERA_DISCONNECT||Cyrus Management - Lucas Storage P194||P194 Cam1PTZ||Connection lost
14/03/2017 18:43:29||CAMERA_DISCONNECT||Cyrus Management - Lucas Storage P194||P194 Cam2PTZ||Connection lost
14/03/2017 18:43:31||CAMERA_DISCONNECT||Cyrus Management - Lucas Storage P194||P194 Cam3||Connection lost
14/03/2017 18:43:33||CAMERA_DISCONNECT||Cyrus Management - Lucas Storage P194||P194 Cam4||Connection lost
14/03/2017 18:43:45||CAMERA_DISCONNECT||Sherwood Construction - Lindsey Streets P212||P212 Cam1 PTZ||Connection lost
14/03/2017 18:43:46||CAMERA_DISCONNECT||Sherwood Construction - Lindsey Streets P212||P212 Cam2 PTZ||Connection lost
14/03/2017 18:43:46||CAMERA_DISCONNECT||Sherwood Construction - Lindsey Streets P212||P212 Cam3||Connection lost
14/03/2017 18:43:46||CAMERA_DISCONNECT||Sherwood Construction - Lindsey Streets P212||P212 Cam4||Connection lost
14/03/2017 18:43:49||CAMERA_DISCONNECT||||CAM0508 Cam1 PTZ||Connection lost
14/03/2017 18:43:50||CAMERA_DISCONNECT||||CAM0508 Cam2||Connection lost
14/03/2017 18:43:50||CAMERA_DISCONNECT||||CAM0508 Cam3||Connection lost
14/03/2017 18:43:50||CAMERA_DISCONNECT||||CAM0508 Cam4||Connection lost
14/03/2017 18:43:59||CAMERA_DISCONNECT||All Star Honda - Greenfield WI F120||F120 Cam15||Connection lost
14/03/2017 18:44:00||CAMERA_DISCONNECT||All Star Honda - Greenfield WI F120||F120 Cam16||Connection lost
14/03/2017 18:44:17||CAMERA_DISCONNECT||Embrey Builders LLC-Riverstone MDX458||MDX458 Cam1||Connection lost
14/03/2017 18:44:17||CAMERA_DISCONNECT||Embrey Builders LLC-Riverstone MDX458||MDX458 Cam2||Connection lost
14/03/2017 18:44:20||CAMERA_DISCONNECT||Embrey Builders LLC-Riverstone MDX463||MDX463 Cam1||Connection lost
14/03/2017 18:44:21||CAMERA_DISCONNECT||Embrey Builders LLC-Riverstone MDX463||MDX463 Cam2||Connection lost
14/03/2017 18:44:21||CAMERA_DISCONNECT||Mobley Contractors, INC-Counts Massie MDX461||MDX461 Cam2||Connection lost
14/03/2017 18:44:21||CAMERA_DISCONNECT||Mobley Contractors, INC-Counts Massie MDX461||MDX461 Cam1||Connection lost
14/03/2017 18:45:29||CAMERA_DISCONNECT||Mobley Contractors, INC-Counts Massie MDX461||MDX461 HD PTZ||Connection lost
14/03/2017 19:09:01||CAMERA_DISCONNECT||Cyrus Management - Lucas Storage P194||P194 Cam2PTZ||Connection lost
14/03/2017 19:09:01||CAMERA_DISCONNECT||Cyrus Management - Lucas Storage P194||P194 Cam1PTZ||Connection lost
14/03/2017 19:10:20||NETWORK_DISCONNECT||Cyrus Management - Lucas Storage P194||P194 Cam3||Connection lost
14/03/2017 19:10:23||CAMERA_DISCONNECT||Cyrus Management - Lucas Storage P194||P194 Cam4||Connection lost
14/03/2017 19:10:23||NETWORK_CONNECT||Cyrus Management - Lucas Storage P194||P194 Cam3||Connection restored
14/03/2017 19:10:24||CAMERA_DISCONNECT||Cyrus Management - Lucas Storage P194||P194 Cam3||Connection lost
14/03/2017 19:12:00||CAMERA_DISCONNECT||Sherwood Construction - Lindsey Streets P212||P212 Cam1 PTZ||Connection lost
14/03/2017 19:12:02||CAMERA_DISCONNECT||Sherwood Construction - Lindsey Streets P212||P212 Cam2 PTZ||Connection lost
14/03/2017 19:12:03||CAMERA_DISCONNECT||Sherwood Construction - Lindsey Streets P212||P212 Cam3||Connection lost
14/03/2017 19:12:04||CAMERA_DISCONNECT||Sherwood Construction - Lindsey Streets P212||P212 Cam4||Connection lost
14/03/2017 19:12:07||CAMERA_DISCONNECT||||CAM0508 Cam1 PTZ||Connection lost
14/03/2017 19:12:07||CAMERA_DISCONNECT||||CAM0508 Cam2||Connection lost
14/03/2017 19:12:07||CAMERA_DISCONNECT||||CAM0508 Cam3||Connection lost
14/03/2017 19:12:07||CAMERA_DISCONNECT||||CAM0508 Cam4||Connection lost
14/03/2017 19:12:16||CAMERA_DISCONNECT||All Star Honda - Greenfield WI F120||F120 Cam15||Connection lost
14/03/2017 19:12:17||CAMERA_DISCONNECT||All Star Honda - Greenfield WI F120||F120 Cam16||Connection lost
14/03/2017 19:12:31||CAMERA_DISCONNECT||Embrey Builders LLC-Riverstone MDX458||MDX458 Cam1||Connection lost
14/03/2017 19:12:32||CAMERA_DISCONNECT||Embrey Builders LLC-Riverstone MDX458||MDX458 Cam2||Connection lost
14/03/2017 19:12:36||CAMERA_DISCONNECT||Embrey Builders LLC-Riverstone MDX463||MDX463 Cam1||Connection lost
14/03/2017 19:12:36||CAMERA_DISCONNECT||Embrey Builders LLC-Riverstone MDX463||MDX463 Cam2||Connection lost
14/03/2017 19:12:37||CAMERA_DISCONNECT||Mobley Contractors, INC-Counts Massie MDX461||MDX461 Cam2||Connection lost
14/03/2017 19:12:37||CAMERA_DISCONNECT||Mobley Contractors, INC-Counts Massie MDX461||MDX461 Cam1||Connection lost
14/03/2017 19:12:43||CAMERA_DISCONNECT||Mobley Contractors, INC-Counts Massie MDX461||MDX461 HD PTZ||Connection lost
14/03/2017 19:29:56||CAMERA_DISCONNECT||Embrey Builders LLC-Riverstone MDX463||MDX463 Cam1||Connection lost
14/03/2017 19:29:56||CAMERA_DISCONNECT||Embrey Builders LLC-Riverstone MDX463||MDX463 Cam2||Connection lost
14/03/2017 20:18:00||CAMERA_DISCONNECT||Embrey Builders LLC-Riverstone MDX463||MDX463 Cam1||Connection lost
14/03/2017 20:18:00||CAMERA_DISCONNECT||Embrey Builders LLC-Riverstone MDX463||MDX463 Cam2||Connection lost
14/03/2017 20:21:37||CAMERA_DISCONNECT||||CAM0508 Cam1 PTZ||Connection lost
14/03/2017 20:21:37||CAMERA_DISCONNECT||||CAM0508 Cam3||Connection lost
14/03/2017 20:21:37||CAMERA_DISCONNECT||||CAM0508 Cam4||Connection lost
14/03/2017 20:21:37||CAMERA_DISCONNECT||||CAM0508 Cam2||Connection lost
14/03/2017 20:21:38||CAMERA_DISCONNECT||Arrowrock Tres-Industrial - Peyton CAM0809||CAM0809 Cam3||Connection lost
14/03/2017 20:21:38||CAMERA_DISCONNECT||Arrowrock Tres-Industrial - Peyton CAM0809||CAM0809 Cam4 PTZ||Connection lost
14/03/2017 20:21:38||CAMERA_DISCONNECT||Arrowrock Tres-Industrial - Peyton CAM0809||CAM0809 Cam1||Connection lost
14/03/2017 20:21:38||CAMERA_DISCONNECT||Arrowrock Tres-Industrial - Peyton CAM0809||CAM0809 Cam2||Connection lost
14/03/2017 20:21:38||CAMERA_DISCONNECT||Cyrus Management - Lucas Storage P194||P194 Cam4||Connection lost
14/03/2017 20:21:38||CAMERA_DISCONNECT||Cyrus Management - Lucas Storage P194||P194 Cam3||Connection lost
14/03/2017 20:21:38||NETWORK_DISCONNECT||DD&B Construction S094||S094 Cam1||Connection lost
14/03/2017 20:21:39||CAMERA_DISCONNECT||Sherwood Construction - Lindsey Streets P212||P212 Cam4||Connection lost
14/03/2017 20:21:39||CAMERA_DISCONNECT||Cyrus Management - Lucas Storage P194||P194 Cam1PTZ||Connection lost
14/03/2017 20:21:39||CAMERA_DISCONNECT||All Star Honda - Greenfield WI F120||F120 Cam23||Connection lost
14/03/2017 20:21:39||CAMERA_DISCONNECT||Embrey Builders LLC-Riverstone MDX463||MDX463 Cam2||Connection lost
14/03/2017 20:21:39||CAMERA_DISCONNECT||All Star Honda - Greenfield WI F120||F120 Cam15||Connection lost
14/03/2017 20:21:39||CAMERA_DISCONNECT||Sherwood Construction - Lindsey Streets P212||P212 Cam2 PTZ||Connection lost
14/03/2017 20:21:39||CAMERA_DISCONNECT||Sherwood Construction - Lindsey Streets P212||P212 Cam1 PTZ||Connection lost
14/03/2017 20:21:39||CAMERA_DISCONNECT||Sherwood Construction - Lindsey Streets P212||P212 Cam3||Connection lost
14/03/2017 20:21:39||CAMERA_DISCONNECT||Cyrus Management - Lucas Storage P194||P194 Cam2PTZ||Connection lost
14/03/2017 20:21:39||CAMERA_DISCONNECT||All Star Honda - Greenfield WI F120||F120 Cam16||Connection lost
14/03/2017 20:21:39||CAMERA_DISCONNECT||Embrey Builders LLC-Riverstone MDX458||MDX458 Cam1||Connection lost
14/03/2017 20:21:39||CAMERA_DISCONNECT||Embrey Builders LLC-Riverstone MDX458||MDX458 Cam2||Connection lost
14/03/2017 20:21:39||CAMERA_DISCONNECT||Embrey Builders LLC-Riverstone MDX463||MDX463 Cam1||Connection lost
14/03/2017 20:21:39||CAMERA_DISCONNECT||Mobley Contractors, INC-Counts Massie MDX461||MDX461 Cam1||Connection lost
14/03/2017 20:21:39||CAMERA_DISCONNECT||D. H. French Construction-Blue Pearl Vet MD612||MD612 Cam1||Connection lost
14/03/2017 20:21:40||CAMERA_DISCONNECT||D. H. French Construction-Blue Pearl Vet MD612||MD612 Cam2||Connection lost
14/03/2017 20:21:39||CAMERA_DISCONNECT||DD&B Construction S094||S094 Cam2||Connection lost
14/03/2017 20:21:39||CAMERA_DISCONNECT||Gulf Coast Fractionators ACS1033||ACS1033 Cam1||Connection lost
14/03/2017 20:21:39||CAMERA_DISCONNECT||Gulf Coast Fractionators ACS1033||ACS1033 Cam2||Connection lost
14/03/2017 20:21:39||CAMERA_DISCONNECT||Gulf Coast Fractionators ACS1033||ACS1033 Cam3||Connection lost
14/03/2017 20:21:39||CAMERA_DISCONNECT||Gulf Coast Fractionators ACS1033||ACS1033 Cam4||Connection lost
14/03/2017 20:21:39||CAMERA_DISCONNECT||All Star Honda - Greenfield WI F120||F120 Cam24||Connection lost
14/03/2017 20:21:39||CAMERA_DISCONNECT||All Star Honda - Greenfield WI F120||F120 Cam25||Connection lost
14/03/2017 20:21:40||CAMERA_DISCONNECT||Mobley Contractors, INC-Counts Massie MDX461||MDX461 HD PTZ||Connection lost
14/03/2017 20:21:40||NETWORK_CONNECT||DD&B Construction S094||S094 Cam1||Connection restored
14/03/2017 20:21:41||CAMERA_DISCONNECT||DD&B Construction S094||S094 Cam1||Connection lost
14/03/2017 20:21:41||CAMERA_DISCONNECT||Mobley Contractors, INC-Counts Massie MDX461||MDX461 Cam2||Connection lost
14/03/2017 20:22:08||CAMERA_CONNECT||Gulf Coast Fractionators ACS1033||ACS1033 Cam1||Connection restored
14/03/2017 20:22:13||CAMERA_CONNECT||Gulf Coast Fractionators ACS1033||ACS1033 Cam2||Connection restored
14/03/2017 20:22:13||CAMERA_CONNECT||Gulf Coast Fractionators ACS1033||ACS1033 Cam3||Connection restored
14/03/2017 20:22:19||CAMERA_CONNECT||Gulf Coast Fractionators ACS1033||ACS1033 Cam4||Connection restored
14/03/2017 20:28:24||CAMERA_DISCONNECT||J&A Farm, Inc F200||F200 Cam3||Connection lost
14/03/2017 20:28:24||CAMERA_DISCONNECT||Eagle Auto & Truck Sales (New) F121-1||F121-1 Cam1||Connection lost
14/03/2017 20:28:24||CAMERA_DISCONNECT||J&A Farm, Inc F200||F200 Cam5||Connection lost
14/03/2017 20:28:24||CAMERA_DISCONNECT||J&A Farm, Inc F200||F200 Cam7||Connection lost
14/03/2017 20:28:24||CAMERA_DISCONNECT||J&A Farm, Inc F200||F200 Cam1||Connection lost
14/03/2017 20:28:24||CAMERA_DISCONNECT||J&A Farm, Inc F200||F200 Cam4||Connection lost
14/03/2017 20:28:24||CAMERA_DISCONNECT||J&A Farm, Inc F200||F200 Cam2 ||Connection lost
14/03/2017 20:28:24||CAMERA_DISCONNECT||J&A Farm, Inc F200||F200 Cam6||Connection lost
14/03/2017 20:28:24||CAMERA_DISCONNECT||J&A Farm, Inc F200||F200 Cam9||Connection lost
14/03/2017 20:28:24||CAMERA_DISCONNECT||||F201 Cam1||Connection lost
14/03/2017 20:28:24||CAMERA_DISCONNECT||J&A Farm, Inc F200||F200 Cam8||Connection lost
14/03/2017 20:28:24||CAMERA_DISCONNECT||Eagle Auto & Truck Sales (New) F121-1||F121-1 Cam4||Connection lost
14/03/2017 20:28:24||CAMERA_DISCONNECT||J&A Farm, Inc F200||F200 Cam10||Connection lost
14/03/2017 20:28:24||CAMERA_DISCONNECT||J&A Farm, Inc F200||F200 Cam 11||Connection lost
14/03/2017 20:28:24||CAMERA_DISCONNECT||Eagle Auto & Truck Sales (New) F121-1||F121-1 Cam2||Connection lost
14/03/2017 20:28:25||CAMERA_DISCONNECT||Eagle Auto & Truck Sales (New) F121-1||F121-1 Cam3||Connection lost
14/03/2017 20:28:25||CAMERA_DISCONNECT||Eagle Auto & Truck Sales (New) F121-1||F121-1 Cam5||Connection lost
14/03/2017 20:28:26||CAMERA_DISCONNECT||Foundation for Blind Children-East Valley F199||F199 Cam1||Connection lost
14/03/2017 20:28:40||CAMERA_CONNECT||J&A Farm, Inc F200||F200 Cam3||Connection restored
14/03/2017 20:28:40||CAMERA_CONNECT||J&A Farm, Inc F200||F200 Cam2 ||Connection restored
14/03/2017 20:28:40||CAMERA_CONNECT||J&A Farm, Inc F200||F200 Cam4||Connection restored
14/03/2017 20:28:41||CAMERA_CONNECT||J&A Farm, Inc F200||F200 Cam1||Connection restored
14/03/2017 20:28:45||CAMERA_CONNECT||J&A Farm, Inc F200||F200 Cam5||Connection restored
14/03/2017 20:28:46||CAMERA_CONNECT||J&A Farm, Inc F200||F200 Cam7||Connection restored
14/03/2017 20:28:46||CAMERA_CONNECT||J&A Farm, Inc F200||F200 Cam10||Connection restored
14/03/2017 20:28:46||CAMERA_CONNECT||J&A Farm, Inc F200||F200 Cam6||Connection restored
14/03/2017 20:28:46||CAMERA_CONNECT||J&A Farm, Inc F200||F200 Cam8||Connection restored
14/03/2017 20:28:51||CAMERA_CONNECT||J&A Farm, Inc F200||F200 Cam9||Connection restored
14/03/2017 20:28:51||CAMERA_CONNECT||J&A Farm, Inc F200||F200 Cam 11||Connection restored
14/03/2017 20:29:12||NETWORK_DISCONNECT||Lou Fusz Fiat Metro East F137||F137 Cam1||Connection lost
14/03/2017 20:29:13||NETWORK_CONNECT||Lou Fusz Fiat Metro East F137||F137 Cam1||Connection restored
14/03/2017 20:31:49||Alarm Action||Lou Fusz Buick GMC F136||Alarm12||pro-vigil Trying to Turn on alarms 
14/03/2017 20:31:49||Alarm Action||||||Outside monitoring hours
14/03/2017 20:35:59||CAMERA_DISCONNECT||M&R -165 W Superior 3. MD435||MD435 Cam1||Connection lost
14/03/2017 20:35:59||CAMERA_DISCONNECT||Cambridge Swinerton Builders- Chamblee Gateway South MD563||MD563 Cam1||Connection lost
14/03/2017 20:35:59||CAMERA_DISCONNECT||Cambridge Swinerton Builders- Chamblee Gateway South MD563||MD563 Cam2||Connection lost
14/03/2017 20:36:00||CAMERA_DISCONNECT||Oncor - Temple Transmission Office oncor-temple||Oncor - Temple Trans (fixed) Cam8||Connection lost
14/03/2017 20:36:00||CAMERA_DISCONNECT||Oncor - Temple Transmission Office oncor-temple||Oncor - Temple Trans (fixed) Cam6||Connection lost
14/03/2017 20:36:00||CAMERA_DISCONNECT||Standard Pacific Homes - Phillips Creek 3 P086||P086 Cam2 PTZ||Connection lost
14/03/2017 20:36:00||CAMERA_DISCONNECT||Cityscape Residential - Quaility Hill Summit MDX074||MDX074 Cam1||Connection lost
14/03/2017 20:36:00||CAMERA_DISCONNECT||M&R - 833 N. Clark MR107||MR107 Cam1||Connection lost
14/03/2017 20:36:00||CAMERA_DISCONNECT||Standard Pacific Homes - Phillips Creek 3 P086||P086 Cam1 PTZ||Connection lost
14/03/2017 20:36:00||CAMERA_DISCONNECT||Standard Pacific Homes - Phillips Creek 3 P086||P086 Cam4||Connection lost
14/03/2017 20:36:00||CAMERA_DISCONNECT||Allen Contracting inc  - Shields & 240 XL011||XL011 Cam2||Connection lost
14/03/2017 20:36:00||CAMERA_DISCONNECT||Oncor - Temple Transmission Office oncor-temple||Oncor - Temple Trans (fixed) Cam5||Connection lost
14/03/2017 20:36:00||CAMERA_DISCONNECT||Allen Contracting inc  - Shields & 240 XL011||XL011 Cam1||Connection lost
14/03/2017 20:36:00||CAMERA_DISCONNECT||Oncor - Temple Transmission Office oncor-temple||Oncor - Temple Trans (fixed) Cam2||Connection lost
14/03/2017 20:36:00||CAMERA_DISCONNECT||Oncor - Temple Transmission Office oncor-temple||Oncor - Temple Trans (fixed) Cam7||Connection lost
14/03/2017 20:36:00||CAMERA_DISCONNECT||M&R -165 W Superior 3. MD435||MD435 Cam2||Connection lost
14/03/2017 20:36:00||CAMERA_DISCONNECT||Oncor - Temple Transmission Office oncor-temple||Oncor - Temple Trans (fixed) Cam1||Connection lost
14/03/2017 20:36:00||CAMERA_DISCONNECT||Oncor - Temple Transmission Office oncor-temple||Oncor - Temple Trans (fixed) Cam4||Connection lost
14/03/2017 20:36:00||CAMERA_DISCONNECT||Standard Pacific Homes - Phillips Creek 3 P086||P086 Cam3||Connection lost
14/03/2017 20:36:00||CAMERA_DISCONNECT||Cityscape Residential - Quaility Hill Summit MDX072||MDX072 Cam2||Connection lost
14/03/2017 20:36:00||CAMERA_DISCONNECT||Cityscape Residential - Quaility Hill Summit MDX074||MDX074 Cam2||Connection lost
14/03/2017 20:36:00||CAMERA_DISCONNECT||Jr. Davis Construction Company - Dowden Road MD991||MD991 Cam1||Connection lost
14/03/2017 20:36:00||CAMERA_DISCONNECT||Jr. Davis Construction Company - Dowden Road MD991||MD991 Cam2||Connection lost
14/03/2017 20:36:00||CAMERA_DISCONNECT||Lagrone Services - Main Event Humble MD1013||MD1013 Cam1||Connection lost
14/03/2017 20:36:00||CAMERA_DISCONNECT||Lagrone Services - Main Event Humble MD1013||MD1013 Cam2||Connection lost
14/03/2017 20:36:00||CAMERA_DISCONNECT||M&R -165 W Superior 3. MD396||MD396 Cam1||Connection lost
14/03/2017 20:36:00||CAMERA_DISCONNECT||M&R -165 W Superior 3. MD396||MD396 Cam2||Connection lost
14/03/2017 20:36:00||CAMERA_DISCONNECT||Cityscape Residential - Quaility Hill Summit MDX074||MDX074 HD PTZ||Connection lost
14/03/2017 20:36:00||CAMERA_DISCONNECT||Cityscape Residential - Quaility Hill Summit MDX072||MDX072 HD PTZ ||Connection lost
14/03/2017 20:36:00||CAMERA_DISCONNECT||M&R - 833 N. Clark MR106||MR106 Cam1||Connection lost
14/03/2017 20:36:00||CAMERA_DISCONNECT||M&R - 833 N. Clark MR106||MR106 Cam2||Connection lost
14/03/2017 20:36:00||CAMERA_DISCONNECT||M&R - 833 N. Clark MR107||MR107 Cam2||Connection lost
14/03/2017 20:36:00||CAMERA_DISCONNECT||The Paper Store - Rochester NH MDX672||MDX672 Cam1||Connection lost
14/03/2017 20:36:00||CAMERA_DISCONNECT||The Paper Store - Rochester NH MDX672||MDX672 Cam2||Connection lost
14/03/2017 20:36:08||NETWORK_DISCONNECT||Oncor - Wichita Falls (Fixed) oncor-wichita||Oncor - Wichita Falls (Fixed) Cam5||Connection lost
14/03/2017 20:36:08||NETWORK_DISCONNECT||Matan Companies - Urban Green MD301||MD301 Cam1||Connection lost
14/03/2017 20:36:08||NETWORK_DISCONNECT||Oncor - Temple Transmission Office oncor-temple||Oncor - Temple Trans (fixed) Cam3||Connection lost
14/03/2017 20:36:08||NETWORK_DISCONNECT||Parque View Apartments - Apts. P200||P200 Cam2 PTZ||Connection lost
14/03/2017 20:36:08||NETWORK_DISCONNECT||Allen Contracting inc  - Shields & 240 XL011||XL011 Cam3||Connection lost
14/03/2017 20:36:08||NETWORK_DISCONNECT||Cityscape Residential - Quaility Hill Summit MDX072||MDX072 Cam1||Connection lost
14/03/2017 20:36:09||NETWORK_CONNECT||Oncor - Wichita Falls (Fixed) oncor-wichita||Oncor - Wichita Falls (Fixed) Cam5||Connection restored
14/03/2017 20:36:09||CAMERA_DISCONNECT||Cityscape Residential - Quaility Hill Summit MDX072||MDX072 Cam1||Connection lost
14/03/2017 20:36:09||CAMERA_DISCONNECT||Allen Contracting inc  - Shields & 240 XL011||XL011 Cam3||Connection lost
14/03/2017 20:36:09||NETWORK_CONNECT||Matan Companies - Urban Green MD301||MD301 Cam1||Connection restored
14/03/2017 20:36:09||CAMERA_DISCONNECT||Oncor - Temple Transmission Office oncor-temple||Oncor - Temple Trans (fixed) Cam3||Connection lost
14/03/2017 20:36:09||NETWORK_DISCONNECT||M&R Solstice on the Park MR103||MR103 Cam2||Connection lost
14/03/2017 20:36:09||NETWORK_CONNECT||Parque View Apartments - Apts. P200||P200 Cam2 PTZ||Connection restored
14/03/2017 20:36:09||NETWORK_CONNECT||M&R Solstice on the Park MR103||MR103 Cam2||Connection restored
14/03/2017 20:36:11||CAMERA_CONNECT||Jr. Davis Construction Company - Dowden Road MD991||MD991 Cam2||Connection restored
14/03/2017 20:36:11||CAMERA_CONNECT||Jr. Davis Construction Company - Dowden Road MD991||MD991 Cam1||Connection restored
