15/03/2017 12:05:50||CAMERA_DISCONNECT||Oncor - Temple Transmission Office oncor-temple||Oncor - Temple Trans (fixed) Cam2||Connection lost
15/03/2017 12:05:50||CAMERA_DISCONNECT||Allen Contracting inc  - Shields & 240 XL011||XL011 Cam2||Connection lost
15/03/2017 12:05:50||CAMERA_DISCONNECT||Standard Pacific Homes - Phillips Creek 3 P086||P086 Cam1 PTZ||Connection lost
15/03/2017 12:05:50||CAMERA_DISCONNECT||Standard Pacific Homes - Phillips Creek 3 P086||P086 Cam4||Connection lost
15/03/2017 12:05:50||CAMERA_DISCONNECT||Cambridge Swinerton Builders- Chamblee Gateway South MD563||MD563 Cam1||Connection lost
15/03/2017 12:05:50||CAMERA_DISCONNECT||Allen Contracting inc  - Shields & 240 XL011||XL011 Cam3||Connection lost
15/03/2017 12:05:50||CAMERA_DISCONNECT||Allen Contracting inc  - Shields & 240 XL011||XL011 Cam1||Connection lost
15/03/2017 12:05:50||CAMERA_DISCONNECT||Standard Pacific Homes - Phillips Creek 3 P086||P086 Cam3||Connection lost
15/03/2017 12:05:50||CAMERA_DISCONNECT||Cambridge Swinerton Builders- Chamblee Gateway South MD563||MD563 Cam2||Connection lost
15/03/2017 12:05:50||CAMERA_DISCONNECT||Oncor - Temple Transmission Office oncor-temple||Oncor - Temple Trans (fixed) Cam1||Connection lost
15/03/2017 12:05:50||CAMERA_DISCONNECT||Cityscape Residential - Quaility Hill Summit MDX074||MDX074 Cam1||Connection lost
15/03/2017 12:05:50||CAMERA_DISCONNECT||Oncor - Temple Transmission Office oncor-temple||Oncor - Temple Trans (fixed) Cam8||Connection lost
15/03/2017 12:05:50||CAMERA_DISCONNECT||Jr. Davis Construction Company - Dowden Road MD991||MD991 Cam1||Connection lost
15/03/2017 12:05:50||CAMERA_DISCONNECT||Oncor - Temple Transmission Office oncor-temple||Oncor - Temple Trans (fixed) Cam7||Connection lost
15/03/2017 12:05:50||CAMERA_DISCONNECT||Cityscape Residential - Quaility Hill Summit MDX074||MDX074 Cam2||Connection lost
15/03/2017 12:05:50||CAMERA_DISCONNECT||Cityscape Residential - Quaility Hill Summit MDX072||MDX072 Cam1||Connection lost
15/03/2017 12:05:50||CAMERA_DISCONNECT||Oncor - Temple Transmission Office oncor-temple||Oncor - Temple Trans (fixed) Cam4||Connection lost
15/03/2017 12:05:50||CAMERA_DISCONNECT||Oncor - Temple Transmission Office oncor-temple||Oncor - Temple Trans (fixed) Cam3||Connection lost
15/03/2017 12:05:50||CAMERA_DISCONNECT||Lagrone Services - Main Event Humble MD1013||MD1013 Cam2||Connection lost
15/03/2017 12:05:50||CAMERA_DISCONNECT||The Morganti Group, Inc MDX133||MDX133 Cam 1||Connection lost
15/03/2017 12:05:50||CAMERA_DISCONNECT||Cityscape Residential - Quaility Hill Summit MDX074||MDX074 HD PTZ||Connection lost
15/03/2017 12:05:50||CAMERA_DISCONNECT||M&R - 833 N. Clark MR106||MR106 Cam2||Connection lost
15/03/2017 12:05:50||CAMERA_DISCONNECT||M&R - 833 N. Clark MR106||MR106 Cam1||Connection lost
15/03/2017 12:05:50||CAMERA_DISCONNECT||The Paper Store - Rochester NH MDX672||MDX672 Cam1||Connection lost
15/03/2017 12:05:50||CAMERA_DISCONNECT||The Morganti Group, Inc MDX133||MDX133 Cam 2||Connection lost
15/03/2017 12:05:50||CAMERA_DISCONNECT||The Paper Store - Rochester NH MDX672||MDX672 Cam2||Connection lost
15/03/2017 12:05:51||CAMERA_DISCONNECT||Mattamy Homes - Renaissance at West Villages MDX130||MDX130 Cam2||Connection lost
15/03/2017 12:05:51||CAMERA_DISCONNECT||M&R - 833 N. Clark MR107||MR107 Cam1||Connection lost
15/03/2017 12:05:51||CAMERA_DISCONNECT||M&R -165 W Superior 3. MD396||MD396 Cam1||Connection lost
15/03/2017 12:05:51||CAMERA_DISCONNECT||M&R - 833 N. Clark MR107||MR107 Cam2||Connection lost
15/03/2017 12:05:51||CAMERA_DISCONNECT||M&R -165 W Superior 3. MD435||MD435 Cam1||Connection lost
15/03/2017 12:05:51||CAMERA_DISCONNECT||Standard Pacific Homes - Phillips Creek 3 P086||P086 Cam2 PTZ||Connection lost
15/03/2017 12:05:51||CAMERA_DISCONNECT||Cityscape Residential - Quaility Hill Summit MDX072||MDX072 Cam2||Connection lost
15/03/2017 12:05:51||CAMERA_DISCONNECT||Jr. Davis Construction Company - Dowden Road MD991||MD991 Cam2||Connection lost
15/03/2017 12:05:51||CAMERA_DISCONNECT||Oncor - Temple Transmission Office oncor-temple||Oncor - Temple Trans (fixed) Cam5||Connection lost
15/03/2017 12:05:51||CAMERA_DISCONNECT||Lagrone Services - Main Event Humble MD1013||MD1013 Cam1||Connection lost
15/03/2017 12:05:51||CAMERA_DISCONNECT||M&R -165 W Superior 3. MD396||MD396 Cam2||Connection lost
15/03/2017 12:05:51||CAMERA_DISCONNECT||Cityscape Residential - Quaility Hill Summit MDX072||MDX072 HD PTZ ||Connection lost
15/03/2017 12:05:52||CAMERA_DISCONNECT||Mattamy Homes - Renaissance at West Villages MDX130||MDX130 Cam1||Connection lost
15/03/2017 12:06:00||NETWORK_DISCONNECT||Matan Companies - Urban Green MD301||MD301 Cam1||Connection lost
15/03/2017 12:06:00||NETWORK_DISCONNECT||M&R Solstice on the Park MR103||MR103 Cam1||Connection lost
15/03/2017 12:06:00||NETWORK_DISCONNECT||Pepco- Crest Substation Northeast MDX132||MDX132 Cam1||Connection lost
15/03/2017 12:06:00||NETWORK_DISCONNECT||Oncor - Temple Transmission Office oncor-temple||Oncor - Temple Trans (fixed) Cam6||Connection lost
15/03/2017 12:06:00||NETWORK_DISCONNECT||Oncor - Temple Distribution SC oncor-templedistro||Oncor - Temple Distrobution Cam4||Connection lost
15/03/2017 12:06:00||NETWORK_DISCONNECT||M&R -165 W Superior 3. MD435||MD435 Cam2||Connection lost
15/03/2017 12:06:00||NETWORK_DISCONNECT||M&R- 221 W. Hubbard St MR123||MR123 Cam1||Connection lost
15/03/2017 12:06:00||NETWORK_DISCONNECT||M&R 822 N. Clark MR121||MR121 Cam1||Connection lost
15/03/2017 12:06:00||NETWORK_CONNECT||Matan Companies - Urban Green MD301||MD301 Cam1||Connection restored
15/03/2017 12:06:00||NETWORK_CONNECT||M&R Solstice on the Park MR103||MR103 Cam1||Connection restored
15/03/2017 12:06:00||CAMERA_DISCONNECT||Oncor - Temple Transmission Office oncor-temple||Oncor - Temple Trans (fixed) Cam6||Connection lost
15/03/2017 12:06:00||CAMERA_DISCONNECT||M&R -165 W Superior 3. MD435||MD435 Cam2||Connection lost
15/03/2017 12:06:00||NETWORK_CONNECT||Oncor - Temple Distribution SC oncor-templedistro||Oncor - Temple Distrobution Cam4||Connection restored
15/03/2017 12:06:00||NETWORK_CONNECT||Pepco- Crest Substation Northeast MDX132||MDX132 Cam1||Connection restored
15/03/2017 12:06:00||NETWORK_CONNECT||M&R- 221 W. Hubbard St MR123||MR123 Cam1||Connection restored
15/03/2017 12:06:00||NETWORK_CONNECT||M&R 822 N. Clark MR121||MR121 Cam1||Connection restored
15/03/2017 12:06:13||CAMERA_DISCONNECT||Matan Companies - Urban Green MD301||MD301 Cam2||Connection lost
15/03/2017 12:06:13||CAMERA_DISCONNECT||Matan Companies - Urban Green MD301||MD301 Cam1||Connection lost
15/03/2017 12:06:24||CAMERA_CONNECT||Matan Companies - Urban Green MD301||MD301 Cam1||Connection restored
15/03/2017 12:06:28||CAMERA_DISCONNECT||Sunseri Construction MD306||MD305 Cam1||Connection lost
15/03/2017 12:06:28||CAMERA_DISCONNECT||Sunseri Construction MD306||MD305 Cam2||Connection lost
15/03/2017 12:06:29||CAMERA_CONNECT||Matan Companies - Urban Green MD301||MD301 Cam2||Connection restored
15/03/2017 12:06:36||NETWORK_DISCONNECT||TEXAS DIRECT AUTO - EZ Lot Inventory MD554||MD554 Cam2||Connection lost
15/03/2017 12:06:36||NETWORK_DISCONNECT||Chapman Construction - Skyline Hutchins MDX668||MDX668 Cam1||Connection lost
15/03/2017 12:06:37||NETWORK_CONNECT||TEXAS DIRECT AUTO - EZ Lot Inventory MD554||MD554 Cam2||Connection restored
15/03/2017 12:06:37||NETWORK_CONNECT||Chapman Construction - Skyline Hutchins MDX668||MDX668 Cam1||Connection restored
15/03/2017 12:06:43||NETWORK_DISCONNECT||VT Construction Inc MDX121||MDX121 Cam2||Connection lost
15/03/2017 12:06:43||NETWORK_DISCONNECT||American Demolition Corp. - Summit Salvage MD1015||MD1015 Cam2||Connection lost
15/03/2017 12:06:48||NETWORK_DISCONNECT||Oncor - Lufkin Distribution oncor-lufkin||Oncor - Lufkin Distribution Cam5||Connection lost
15/03/2017 12:06:48||NETWORK_DISCONNECT||Korte MD306||MD306 HD PTZ Cam3||Connection lost
15/03/2017 12:11:44||CAMERA_DISCONNECT||The Paper Store - Rochester NH MDX672||MDX672 Cam1||Connection lost
15/03/2017 12:11:44||CAMERA_DISCONNECT||M&R -165 W Superior 3. MD435||MD435 Cam2||Connection lost
15/03/2017 12:11:44||CAMERA_DISCONNECT||Cambridge Swinerton Builders- Chamblee Gateway South MD563||MD563 Cam1||Connection lost
15/03/2017 12:11:44||CAMERA_DISCONNECT||Oncor - Temple Transmission Office oncor-temple||Oncor - Temple Trans (fixed) Cam1||Connection lost
15/03/2017 12:11:44||CAMERA_DISCONNECT||M&R -165 W Superior 3. MD435||MD435 Cam1||Connection lost
15/03/2017 12:11:44||CAMERA_DISCONNECT||Cambridge Swinerton Builders- Chamblee Gateway South MD563||MD563 Cam2||Connection lost
15/03/2017 12:11:44||CAMERA_DISCONNECT||Oncor - Temple Transmission Office oncor-temple||Oncor - Temple Trans (fixed) Cam7||Connection lost
15/03/2017 12:11:44||CAMERA_DISCONNECT||Cityscape Residential - Quaility Hill Summit MDX072||MDX072 Cam2||Connection lost
15/03/2017 12:11:44||CAMERA_DISCONNECT||Mattamy Homes - Renaissance at West Villages MDX130||MDX130 Cam1||Connection lost
15/03/2017 12:11:44||CAMERA_DISCONNECT||Cityscape Residential - Quaility Hill Summit MDX074||MDX074 Cam2||Connection lost
15/03/2017 12:11:44||CAMERA_DISCONNECT||Lagrone Services - Main Event Humble MD1013||MD1013 Cam2||Connection lost
15/03/2017 12:11:44||CAMERA_DISCONNECT||Mattamy Homes - Renaissance at West Villages MDX130||MDX130 Cam2||Connection lost
15/03/2017 12:11:44||CAMERA_DISCONNECT||Cityscape Residential - Quaility Hill Summit MDX074||MDX074 Cam1||Connection lost
15/03/2017 12:11:44||CAMERA_DISCONNECT||The Morganti Group, Inc MDX133||MDX133 Cam 1||Connection lost
15/03/2017 12:11:44||CAMERA_DISCONNECT||Oncor - Temple Transmission Office oncor-temple||Oncor - Temple Trans (fixed) Cam8||Connection lost
15/03/2017 12:11:44||CAMERA_DISCONNECT||Cityscape Residential - Quaility Hill Summit MDX072||MDX072 Cam1||Connection lost
15/03/2017 12:11:44||CAMERA_DISCONNECT||Oncor - Temple Transmission Office oncor-temple||Oncor - Temple Trans (fixed) Cam5||Connection lost
15/03/2017 12:11:44||CAMERA_DISCONNECT||Standard Pacific Homes - Phillips Creek 3 P086||P086 Cam3||Connection lost
15/03/2017 12:11:44||CAMERA_DISCONNECT||Standard Pacific Homes - Phillips Creek 3 P086||P086 Cam1 PTZ||Connection lost
15/03/2017 12:11:44||CAMERA_DISCONNECT||Oncor - Temple Transmission Office oncor-temple||Oncor - Temple Trans (fixed) Cam4||Connection lost
15/03/2017 12:11:44||CAMERA_DISCONNECT||Standard Pacific Homes - Phillips Creek 3 P086||P086 Cam4||Connection lost
15/03/2017 12:11:44||CAMERA_DISCONNECT||Allen Contracting inc  - Shields & 240 XL011||XL011 Cam2||Connection lost
15/03/2017 12:11:44||CAMERA_DISCONNECT||Allen Contracting inc  - Shields & 240 XL011||XL011 Cam3||Connection lost
15/03/2017 12:11:44||CAMERA_DISCONNECT||Allen Contracting inc  - Shields & 240 XL011||XL011 Cam1||Connection lost
15/03/2017 12:11:44||CAMERA_DISCONNECT||Oncor - Temple Transmission Office oncor-temple||Oncor - Temple Trans (fixed) Cam3||Connection lost
15/03/2017 12:11:44||CAMERA_DISCONNECT||Standard Pacific Homes - Phillips Creek 3 P086||P086 Cam2 PTZ||Connection lost
15/03/2017 12:11:44||CAMERA_DISCONNECT||M&R -165 W Superior 3. MD396||MD396 Cam2||Connection lost
15/03/2017 12:11:44||CAMERA_DISCONNECT||Cityscape Residential - Quaility Hill Summit MDX074||MDX074 HD PTZ||Connection lost
15/03/2017 12:11:45||CAMERA_DISCONNECT||M&R - 833 N. Clark MR107||MR107 Cam1||Connection lost
15/03/2017 12:11:45||CAMERA_DISCONNECT||Cityscape Residential - Quaility Hill Summit MDX072||MDX072 HD PTZ ||Connection lost
15/03/2017 12:11:45||CAMERA_DISCONNECT||M&R - 833 N. Clark MR107||MR107 Cam2||Connection lost
15/03/2017 12:11:45||CAMERA_DISCONNECT||The Paper Store - Rochester NH MDX672||MDX672 Cam2||Connection lost
15/03/2017 12:11:45||CAMERA_DISCONNECT||Oncor - Temple Transmission Office oncor-temple||Oncor - Temple Trans (fixed) Cam6||Connection lost
15/03/2017 12:11:45||CAMERA_DISCONNECT||Lagrone Services - Main Event Humble MD1013||MD1013 Cam1||Connection lost
15/03/2017 12:11:45||CAMERA_DISCONNECT||Oncor - Temple Transmission Office oncor-temple||Oncor - Temple Trans (fixed) Cam2||Connection lost
15/03/2017 12:11:45||CAMERA_DISCONNECT||M&R - 833 N. Clark MR106||MR106 Cam1||Connection lost
15/03/2017 12:11:45||CAMERA_DISCONNECT||M&R -165 W Superior 3. MD396||MD396 Cam1||Connection lost
15/03/2017 12:11:49||CAMERA_DISCONNECT||Matan Companies - Urban Green MD301||MD301 Cam2||Connection lost
15/03/2017 12:11:52||CAMERA_DISCONNECT||Matan Companies - Urban Green MD301||MD301 Cam1||Connection lost
15/03/2017 12:11:54||NETWORK_DISCONNECT||Jr. Davis Construction Company - Dowden Road MD991||MD991 Cam1||Connection lost
15/03/2017 12:11:54||NETWORK_DISCONNECT||Oncor - Lufkin Distribution oncor-lufkin||Oncor - Lufkin Distribution Cam5||Connection lost
15/03/2017 12:11:54||NETWORK_DISCONNECT||The Morganti Group, Inc MDX133||MDX133 Cam 2||Connection lost
15/03/2017 12:11:54||NETWORK_DISCONNECT||VT Construction Inc MDX121||MDX121 Cam2||Connection lost
15/03/2017 12:11:54||NETWORK_DISCONNECT||TEXAS DIRECT AUTO - EZ Lot Inventory MD619||MD619 Cam2||Connection lost
15/03/2017 12:11:54||NETWORK_DISCONNECT||M&R - 833 N. Clark MR106||MR106 Cam2||Connection lost
15/03/2017 12:11:54||NETWORK_CONNECT||Oncor - Lufkin Distribution oncor-lufkin||Oncor - Lufkin Distribution Cam5||Connection restored
15/03/2017 12:11:54||CAMERA_DISCONNECT||The Morganti Group, Inc MDX133||MDX133 Cam 2||Connection lost
15/03/2017 12:11:54||NETWORK_CONNECT||Jr. Davis Construction Company - Dowden Road MD991||MD991 Cam1||Connection restored
15/03/2017 12:11:54||CAMERA_DISCONNECT||M&R - 833 N. Clark MR106||MR106 Cam2||Connection lost
15/03/2017 12:11:54||NETWORK_CONNECT||VT Construction Inc MDX121||MDX121 Cam2||Connection restored
15/03/2017 12:11:54||NETWORK_CONNECT||TEXAS DIRECT AUTO - EZ Lot Inventory MD619||MD619 Cam2||Connection restored
15/03/2017 12:12:10||NETWORK_DISCONNECT||Sunseri Construction MD262||MD262 Cam2||Connection lost
15/03/2017 12:12:10||NETWORK_DISCONNECT||Cambridge Swinerton Builders- Chamblee Gateway South MD563||MD563 Cam1||Connection lost
15/03/2017 12:12:11||NETWORK_DISCONNECT||PRH Paraiso Four, LLC - Bayviews MDX136||MDX136 Cam1||Connection lost
15/03/2017 12:12:11||NETWORK_DISCONNECT||FSG Electric - Victory Block G P229||P229 Cam2 PTZ||Connection lost
15/03/2017 12:22:25||CAMERA_DISCONNECT||Cambridge Swinerton Builders- Chamblee Gateway South MD563||MD563 Cam2||Connection lost
15/03/2017 12:22:25||CAMERA_DISCONNECT||The Paper Store - Rochester NH MDX672||MDX672 Cam2||Connection lost
15/03/2017 12:22:25||CAMERA_DISCONNECT||Oncor - Temple Transmission Office oncor-temple||Oncor - Temple Trans (fixed) Cam4||Connection lost
15/03/2017 12:22:25||CAMERA_DISCONNECT||Cambridge Swinerton Builders- Chamblee Gateway South MD563||MD563 Cam1||Connection lost
15/03/2017 12:22:25||CAMERA_DISCONNECT||Oncor - Temple Transmission Office oncor-temple||Oncor - Temple Trans (fixed) Cam2||Connection lost
15/03/2017 12:22:25||CAMERA_DISCONNECT||M&R -165 W Superior 3. MD435||MD435 Cam1||Connection lost
15/03/2017 12:22:25||CAMERA_DISCONNECT||Oncor - Temple Transmission Office oncor-temple||Oncor - Temple Trans (fixed) Cam1||Connection lost
15/03/2017 12:22:25||CAMERA_DISCONNECT||Oncor - Temple Transmission Office oncor-temple||Oncor - Temple Trans (fixed) Cam6||Connection lost
15/03/2017 12:22:25||CAMERA_DISCONNECT||Allen Contracting inc  - Shields & 240 XL011||XL011 Cam1||Connection lost
15/03/2017 12:22:25||CAMERA_DISCONNECT||Oncor - Temple Transmission Office oncor-temple||Oncor - Temple Trans (fixed) Cam8||Connection lost
15/03/2017 12:22:25||CAMERA_DISCONNECT||Allen Contracting inc  - Shields & 240 XL011||XL011 Cam2||Connection lost
15/03/2017 12:22:25||CAMERA_DISCONNECT||Standard Pacific Homes - Phillips Creek 3 P086||P086 Cam2 PTZ||Connection lost
15/03/2017 12:22:25||CAMERA_DISCONNECT||Standard Pacific Homes - Phillips Creek 3 P086||P086 Cam1 PTZ||Connection lost
15/03/2017 12:22:25||CAMERA_DISCONNECT||Cityscape Residential - Quaility Hill Summit MDX072||MDX072 Cam1||Connection lost
15/03/2017 12:22:25||CAMERA_DISCONNECT||Standard Pacific Homes - Phillips Creek 3 P086||P086 Cam3||Connection lost
15/03/2017 12:22:25||CAMERA_DISCONNECT||Cityscape Residential - Quaility Hill Summit MDX074||MDX074 Cam2||Connection lost
15/03/2017 12:22:25||CAMERA_DISCONNECT||Cityscape Residential - Quaility Hill Summit MDX074||MDX074 Cam1||Connection lost
15/03/2017 12:22:25||CAMERA_DISCONNECT||Cityscape Residential - Quaility Hill Summit MDX072||MDX072 Cam2||Connection lost
15/03/2017 12:22:25||CAMERA_DISCONNECT||The Paper Store - Rochester NH MDX672||MDX672 Cam1||Connection lost
15/03/2017 12:22:25||CAMERA_DISCONNECT||Lagrone Services - Main Event Humble MD1013||MD1013 Cam2||Connection lost
15/03/2017 12:22:25||CAMERA_DISCONNECT||Sunseri Construction MD306||MD305 Cam1||Connection lost
15/03/2017 12:22:25||CAMERA_DISCONNECT||M&R - 833 N. Clark MR106||MR106 Cam2||Connection lost
15/03/2017 12:22:25||CAMERA_DISCONNECT||Jr. Davis Construction Company - Dowden Road MD991||MD991 Cam2||Connection lost
15/03/2017 12:22:25||CAMERA_DISCONNECT||M&R - 833 N. Clark MR107||MR107 Cam1||Connection lost
15/03/2017 12:22:25||CAMERA_DISCONNECT||M&R - 833 N. Clark MR107||MR107 Cam2||Connection lost
15/03/2017 12:22:25||CAMERA_DISCONNECT||Mattamy Homes - Renaissance at West Villages MDX130||MDX130 Cam1||Connection lost
15/03/2017 12:22:25||CAMERA_DISCONNECT||Oncor - Temple Transmission Office oncor-temple||Oncor - Temple Trans (fixed) Cam3||Connection lost
15/03/2017 12:22:26||CAMERA_DISCONNECT||Allen Contracting inc  - Shields & 240 XL011||XL011 Cam3||Connection lost
15/03/2017 12:22:26||CAMERA_DISCONNECT||M&R - 833 N. Clark MR106||MR106 Cam1||Connection lost
15/03/2017 12:22:26||CAMERA_DISCONNECT||Cityscape Residential - Quaility Hill Summit MDX072||MDX072 HD PTZ ||Connection lost
15/03/2017 12:22:26||CAMERA_DISCONNECT||M&R -165 W Superior 3. MD396||MD396 Cam1||Connection lost
15/03/2017 12:22:26||CAMERA_DISCONNECT||The Morganti Group, Inc MDX133||MDX133 Cam 2||Connection lost
15/03/2017 12:22:26||CAMERA_DISCONNECT||Sunseri Construction MD306||MD305 Cam2||Connection lost
15/03/2017 12:22:26||CAMERA_DISCONNECT||Mattamy Homes - Renaissance at West Villages MDX130||MDX130 Cam2||Connection lost
15/03/2017 12:22:26||CAMERA_DISCONNECT||M&R -165 W Superior 3. MD435||MD435 Cam2||Connection lost
15/03/2017 12:22:26||CAMERA_DISCONNECT||Standard Pacific Homes - Phillips Creek 3 P086||P086 Cam4||Connection lost
15/03/2017 12:22:26||CAMERA_DISCONNECT||Oncor - Temple Transmission Office oncor-temple||Oncor - Temple Trans (fixed) Cam7||Connection lost
15/03/2017 12:22:26||CAMERA_DISCONNECT||Oncor - Temple Transmission Office oncor-temple||Oncor - Temple Trans (fixed) Cam5||Connection lost
15/03/2017 12:22:26||CAMERA_DISCONNECT||The Morganti Group, Inc MDX133||MDX133 Cam 1||Connection lost
15/03/2017 12:22:26||CAMERA_DISCONNECT||Cityscape Residential - Quaility Hill Summit MDX074||MDX074 HD PTZ||Connection lost
15/03/2017 12:22:26||CAMERA_DISCONNECT||M&R -165 W Superior 3. MD396||MD396 Cam2||Connection lost
15/03/2017 12:22:26||CAMERA_DISCONNECT||Jr. Davis Construction Company - Dowden Road MD991||MD991 Cam1||Connection lost
15/03/2017 12:22:34||NETWORK_DISCONNECT||American Demolition Corp. - Summit Salvage MD177||MD177 Cam2||Connection lost
15/03/2017 12:22:34||NETWORK_DISCONNECT||Lagrone Services - Main Event Humble MD1013||MD1013 Cam1||Connection lost
15/03/2017 12:22:35||NETWORK_CONNECT||American Demolition Corp. - Summit Salvage MD177||MD177 Cam2||Connection restored
15/03/2017 12:22:35||CAMERA_DISCONNECT||Lagrone Services - Main Event Humble MD1013||MD1013 Cam1||Connection lost
15/03/2017 12:22:44||NETWORK_DISCONNECT||DR Horton - Solana Ridge/Calypso S095||S095 Cam1||Connection lost
15/03/2017 12:22:44||NETWORK_DISCONNECT||Oncor - Wichita Falls (Fixed) oncor-wichita||Oncor - Wichita Falls (Fixed) Cam1||Connection lost
15/03/2017 12:22:44||NETWORK_CONNECT||DR Horton - Solana Ridge/Calypso S095||S095 Cam1||Connection restored
15/03/2017 12:22:44||NETWORK_CONNECT||Oncor - Wichita Falls (Fixed) oncor-wichita||Oncor - Wichita Falls (Fixed) Cam1||Connection restored
15/03/2017 12:23:06||CAMERA_DISCONNECT||Matan Companies - Urban Green MD301||MD301 Cam1||Connection lost
15/03/2017 12:23:06||CAMERA_DISCONNECT||Matan Companies - Urban Green MD301||MD301 Cam2||Connection lost
15/03/2017 12:23:14||CAMERA_CONNECT||Jr. Davis Construction Company - Dowden Road MD991||MD991 Cam2||Connection restored
15/03/2017 12:23:15||CAMERA_CONNECT||Jr. Davis Construction Company - Dowden Road MD991||MD991 Cam1||Connection restored
15/03/2017 12:23:15||NETWORK_DISCONNECT||American Demolition Corp. - Summit Salvage MD1015||MD1015 Cam2||Connection lost
15/03/2017 12:23:15||NETWORK_DISCONNECT||Texas Sterling Construction Co - Potranco Rd MD561||MD561 Cam2||Connection lost
15/03/2017 12:23:15||NETWORK_CONNECT||American Demolition Corp. - Summit Salvage MD1015||MD1015 Cam2||Connection restored
15/03/2017 12:23:15||NETWORK_CONNECT||Texas Sterling Construction Co - Potranco Rd MD561||MD561 Cam2||Connection restored
15/03/2017 12:23:17||CAMERA_CONNECT||Matan Companies - Urban Green MD301||MD301 Cam1||Connection restored
