I-vigil.vshost.exe	Information	0	07/03/2017 11:54:49 : Starting Ivigil Client Application.....DateTime :03/07/2017 11:54:49.280 AM	2017-03-07 06:24:49Z	3668166662864
I-vigil.vshost.exe	Information	0	07/03/2017 11:54:53 : Server TimeZone..=Central Standard Time	2017-03-07 06:24:53Z	3668179380200
I-vigil.vshost.exe	Information	0	07/03/2017 11:55:06 : Initializing CameraControl StartTime.. DateTime :03/07/2017 11:55:06.003 AM	2017-03-07 06:25:06Z	3668217119801
I-vigil.vshost.exe	Information	0	07/03/2017 11:55:06 : Initializing CameraControl EndTime.. DateTime :03/07/2017 11:55:06.021 AM	2017-03-07 06:25:06Z	3668217172688
I-vigil.vshost.exe	Information	0	07/03/2017 11:55:06 : Initializing CameraControl StartTime.. DateTime :03/07/2017 11:55:06.649 AM	2017-03-07 06:25:06Z	3668219071628
I-vigil.vshost.exe	Information	0	07/03/2017 11:55:06 : Initializing CameraControl EndTime.. DateTime :03/07/2017 11:55:06.654 AM	2017-03-07 06:25:06Z	3668219090525
I-vigil.vshost.exe	Information	0	07/03/2017 11:55:28 : RefreshCalendarEventTimeList - no calendar event list	2017-03-07 06:25:28Z	3668284393958
I-vigil.vshost.exe	Information	0	07/03/2017 12:04:14 : Starting Ivigil Client Application.....DateTime :03/07/2017 12:04:14.489 PM	2017-03-07 06:34:14Z	3669840810124
I-vigil.vshost.exe	Information	0	07/03/2017 12:04:19 : Server TimeZone..=Central Standard Time	2017-03-07 06:34:19Z	3669854609902
I-vigil.vshost.exe	Information	0	07/03/2017 12:04:37 : Initializing CameraControl StartTime.. DateTime :03/07/2017 12:04:37.827 PM	2017-03-07 06:34:37Z	3669911246310
I-vigil.vshost.exe	Information	0	07/03/2017 12:04:37 : Initializing CameraControl EndTime.. DateTime :03/07/2017 12:04:37.849 PM	2017-03-07 06:34:37Z	3669911318238
I-vigil.vshost.exe	Information	0	07/03/2017 12:04:38 : Initializing CameraControl StartTime.. DateTime :03/07/2017 12:04:38.523 PM	2017-03-07 06:34:38Z	3669913349545
I-vigil.vshost.exe	Information	0	07/03/2017 12:04:38 : Initializing CameraControl EndTime.. DateTime :03/07/2017 12:04:38.528 PM	2017-03-07 06:34:38Z	3669913365179
I-vigil.vshost.exe	Information	0	07/03/2017 12:05:00 : RefreshCalendarEventTimeList - no calendar event list	2017-03-07 06:35:00Z	3669978561888
I-vigil.vshost.exe	Information	0	07/03/2017 12:27:26 : Starting Ivigil Client Application.....DateTime :03/07/2017 12:27:26.715 PM	2017-03-07 06:57:26Z	3674045827257
I-vigil.vshost.exe	Information	0	07/03/2017 12:27:31 : Server TimeZone..=Central Standard Time	2017-03-07 06:57:31Z	3674058774900
I-vigil.vshost.exe	Information	0	07/03/2017 12:27:41 : Initializing CameraControl StartTime.. DateTime :03/07/2017 12:27:41.005 PM	2017-03-07 06:57:41Z	3674088929285
I-vigil.vshost.exe	Information	0	07/03/2017 12:27:41 : Initializing CameraControl EndTime.. DateTime :03/07/2017 12:27:41.025 PM	2017-03-07 06:57:41Z	3674088988436
I-vigil.vshost.exe	Information	0	07/03/2017 12:27:41 : Initializing CameraControl StartTime.. DateTime :03/07/2017 12:27:41.617 PM	2017-03-07 06:57:41Z	3674090778221
I-vigil.vshost.exe	Information	0	07/03/2017 12:27:41 : Initializing CameraControl EndTime.. DateTime :03/07/2017 12:27:41.622 PM	2017-03-07 06:57:41Z	3674090792158
I-vigil.vshost.exe	Information	0	07/03/2017 12:28:03 : RefreshCalendarEventTimeList - no calendar event list	2017-03-07 06:58:03Z	3674157500946
I-vigil.vshost.exe	Information	0	07/03/2017 13:28:47 : Starting Ivigil Client Application.....DateTime :03/07/2017 01:28:47.519 PM	2017-03-07 07:58:47Z	3685163131205
I-vigil.vshost.exe	Information	0	07/03/2017 13:28:51 : Server TimeZone..=Central Standard Time	2017-03-07 07:58:51Z	3685176116047
I-vigil.vshost.exe	Information	0	07/03/2017 13:29:04 : Initializing CameraControl StartTime.. DateTime :03/07/2017 01:29:04.478 PM	2017-03-07 07:59:04Z	3685214298106
I-vigil.vshost.exe	Information	0	07/03/2017 13:29:04 : Initializing CameraControl EndTime.. DateTime :03/07/2017 01:29:04.492 PM	2017-03-07 07:59:04Z	3685214341043
I-vigil.vshost.exe	Information	0	07/03/2017 13:29:05 : Initializing CameraControl StartTime.. DateTime :03/07/2017 01:29:05.076 PM	2017-03-07 07:59:05Z	3685216104692
I-vigil.vshost.exe	Information	0	07/03/2017 13:29:05 : Initializing CameraControl EndTime.. DateTime :03/07/2017 01:29:05.080 PM	2017-03-07 07:59:05Z	3685216118012
I-vigil.vshost.exe	Information	0	07/03/2017 13:29:26 : RefreshCalendarEventTimeList - no calendar event list	2017-03-07 07:59:26Z	3685281215947
I-vigil.vshost.exe	Information	0	07/03/2017 13:33:17 : Starting Ivigil Client Application.....DateTime :03/07/2017 01:33:17.448 PM	2017-03-07 08:03:17Z	3685978404992
I-vigil.vshost.exe	Information	0	07/03/2017 13:33:21 : Server TimeZone..=Central Standard Time	2017-03-07 08:03:21Z	3685990103570
I-vigil.vshost.exe	Information	0	07/03/2017 13:33:30 : Initializing CameraControl StartTime.. DateTime :03/07/2017 01:33:30.399 PM	2017-03-07 08:03:30Z	3686017471651
I-vigil.vshost.exe	Information	0	07/03/2017 13:33:30 : Initializing CameraControl EndTime.. DateTime :03/07/2017 01:33:30.418 PM	2017-03-07 08:03:30Z	3686017528920
I-vigil.vshost.exe	Information	0	07/03/2017 13:33:30 : Initializing CameraControl StartTime.. DateTime :03/07/2017 01:33:30.995 PM	2017-03-07 08:03:30Z	3686019272782
I-vigil.vshost.exe	Information	0	07/03/2017 13:33:31 : Initializing CameraControl EndTime.. DateTime :03/07/2017 01:33:31.000 PM	2017-03-07 08:03:31Z	3686019286853
I-vigil.vshost.exe	Information	0	07/03/2017 13:33:52 : RefreshCalendarEventTimeList - no calendar event list	2017-03-07 08:03:52Z	3686084369913
I-vigil.vshost.exe	Information	0	07/03/2017 13:36:40 : Starting Ivigil Client Application.....DateTime :03/07/2017 01:36:40.897 PM	2017-03-07 08:06:40Z	3686592889863
I-vigil.vshost.exe	Information	0	07/03/2017 13:36:44 : Server TimeZone..=Central Standard Time	2017-03-07 08:06:44Z	3686604428940
I-vigil.vshost.exe	Information	0	07/03/2017 13:36:55 : Initializing CameraControl StartTime.. DateTime :03/07/2017 01:36:55.747 PM	2017-03-07 08:06:55Z	3686637695249
I-vigil.vshost.exe	Information	0	07/03/2017 13:36:55 : Initializing CameraControl EndTime.. DateTime :03/07/2017 01:36:55.763 PM	2017-03-07 08:06:55Z	3686637742177
I-vigil.vshost.exe	Information	0	07/03/2017 13:36:56 : Initializing CameraControl StartTime.. DateTime :03/07/2017 01:36:56.324 PM	2017-03-07 08:06:56Z	3686639436516
I-vigil.vshost.exe	Information	0	07/03/2017 13:36:56 : Initializing CameraControl EndTime.. DateTime :03/07/2017 01:36:56.328 PM	2017-03-07 08:06:56Z	3686639449708
I-vigil.vshost.exe	Information	0	07/03/2017 13:37:17 : RefreshCalendarEventTimeList - no calendar event list	2017-03-07 08:07:17Z	3686704468970
I-vigil.vshost.exe	Information	0	07/03/2017 13:41:23 : Starting Ivigil Client Application.....DateTime :03/07/2017 01:41:23.360 PM	2017-03-07 08:11:23Z	3687446029733
I-vigil.vshost.exe	Information	0	07/03/2017 13:41:27 : Server TimeZone..=Central Standard Time	2017-03-07 08:11:27Z	3687458181147
I-vigil.vshost.exe	Information	0	07/03/2017 13:41:36 : Initializing CameraControl StartTime.. DateTime :03/07/2017 01:41:36.791 PM	2017-03-07 08:11:36Z	3687486542435
I-vigil.vshost.exe	Information	0	07/03/2017 13:41:36 : Initializing CameraControl EndTime.. DateTime :03/07/2017 01:41:36.805 PM	2017-03-07 08:11:36Z	3687486585574
I-vigil.vshost.exe	Information	0	07/03/2017 13:41:37 : Initializing CameraControl StartTime.. DateTime :03/07/2017 01:41:37.389 PM	2017-03-07 08:11:37Z	3687488351145
I-vigil.vshost.exe	Information	0	07/03/2017 13:41:37 : Initializing CameraControl EndTime.. DateTime :03/07/2017 01:41:37.394 PM	2017-03-07 08:11:37Z	3687488364941
I-vigil.vshost.exe	Information	0	07/03/2017 13:41:58 : RefreshCalendarEventTimeList - no calendar event list	2017-03-07 08:11:58Z	3687553421801
I-vigil.vshost.exe	Information	0	07/03/2017 13:48:47 : Starting Ivigil Client Application.....DateTime :03/07/2017 01:48:47.113 PM	2017-03-07 08:18:47Z	3688786316279
I-vigil.vshost.exe	Information	0	07/03/2017 13:48:51 : Server TimeZone..=Central Standard Time	2017-03-07 08:18:51Z	3688799781106
I-vigil.vshost.exe	Information	0	07/03/2017 13:49:03 : Initializing CameraControl StartTime.. DateTime :03/07/2017 01:49:03.962 PM	2017-03-07 08:19:03Z	3688837156778
I-vigil.vshost.exe	Information	0	07/03/2017 13:49:03 : Initializing CameraControl EndTime.. DateTime :03/07/2017 01:49:03.978 PM	2017-03-07 08:19:03Z	3688837204185
I-vigil.vshost.exe	Information	0	07/03/2017 13:49:04 : Initializing CameraControl StartTime.. DateTime :03/07/2017 01:49:04.591 PM	2017-03-07 08:19:04Z	3688839054828
I-vigil.vshost.exe	Information	0	07/03/2017 13:49:04 : Initializing CameraControl EndTime.. DateTime :03/07/2017 01:49:04.595 PM	2017-03-07 08:19:04Z	3688839068170
I-vigil.vshost.exe	Information	0	07/03/2017 13:49:26 : RefreshCalendarEventTimeList - no calendar event list	2017-03-07 08:19:26Z	3688904009855
I-vigil.vshost.exe	Information	0	07/03/2017 13:56:30 : Starting Ivigil Client Application.....DateTime :03/07/2017 01:56:30.801 PM	2017-03-07 08:26:30Z	3690186817328
I-vigil.vshost.exe	Information	0	07/03/2017 13:56:34 : Server TimeZone..=Central Standard Time	2017-03-07 08:26:34Z	3690198246531
I-vigil.vshost.exe	Information	0	07/03/2017 13:56:43 : Initializing CameraControl StartTime.. DateTime :03/07/2017 01:56:43.142 PM	2017-03-07 08:26:43Z	3690224041924
I-vigil.vshost.exe	Information	0	07/03/2017 13:56:43 : Initializing CameraControl EndTime.. DateTime :03/07/2017 01:56:43.162 PM	2017-03-07 08:26:43Z	3690224102912
I-vigil.vshost.exe	Information	0	07/03/2017 13:56:43 : Initializing CameraControl StartTime.. DateTime :03/07/2017 01:56:43.746 PM	2017-03-07 08:26:43Z	3690225864697
I-vigil.vshost.exe	Information	0	07/03/2017 13:56:43 : Initializing CameraControl EndTime.. DateTime :03/07/2017 01:56:43.751 PM	2017-03-07 08:26:43Z	3690225879399
I-vigil.vshost.exe	Information	0	07/03/2017 13:57:05 : RefreshCalendarEventTimeList - no calendar event list	2017-03-07 08:27:05Z	3690290913286
I-vigil.vshost.exe	Information	0	07/03/2017 14:01:09 : Url - http://console.pro-vigil.com:8080/ivigil-console//checkversion.jsp
Response - 
51300	2017-03-07 08:31:09Z	3691029343195
I-vigil.vshost.exe	Information	0	07/03/2017 14:04:51 : Starting Ivigil Client Application.....DateTime :03/07/2017 02:04:51.026 PM	2017-03-07 08:34:51Z	3691697670490
I-vigil.vshost.exe	Information	0	07/03/2017 14:04:54 : Server TimeZone..=Central Standard Time	2017-03-07 08:34:54Z	3691709408439
I-vigil.vshost.exe	Information	0	07/03/2017 14:05:03 : Initializing CameraControl StartTime.. DateTime :03/07/2017 02:05:03.641 PM	2017-03-07 08:35:03Z	3691735721128
I-vigil.vshost.exe	Information	0	07/03/2017 14:05:03 : Initializing CameraControl EndTime.. DateTime :03/07/2017 02:05:03.655 PM	2017-03-07 08:35:03Z	3691735763856
I-vigil.vshost.exe	Information	0	07/03/2017 14:05:04 : Initializing CameraControl StartTime.. DateTime :03/07/2017 02:05:04.228 PM	2017-03-07 08:35:04Z	3691737494953
I-vigil.vshost.exe	Information	0	07/03/2017 14:05:04 : Initializing CameraControl EndTime.. DateTime :03/07/2017 02:05:04.233 PM	2017-03-07 08:35:04Z	3691737507805
I-vigil.vshost.exe	Information	0	07/03/2017 14:05:25 : RefreshCalendarEventTimeList - no calendar event list	2017-03-07 08:35:25Z	3691802485175
I-vigil.vshost.exe	Information	0	07/03/2017 14:20:26 : RefreshCalendarEventTimeList - no calendar event list	2017-03-07 08:50:26Z	3694524472982
I-vigil.vshost.exe	Information	0	07/03/2017 14:35:26 : RefreshCalendarEventTimeList - no calendar event list	2017-03-07 09:05:26Z	3697242725347
I-vigil.vshost.exe	Information	0	07/03/2017 14:50:26 : RefreshCalendarEventTimeList - no calendar event list	2017-03-07 09:20:26Z	3699961054184
I-vigil.vshost.exe	Information	0	07/03/2017 15:18:15 : Starting Ivigil Client Application.....DateTime :03/07/2017 03:18:15.822 PM	2017-03-07 09:48:15Z	3705001683123
I-vigil.vshost.exe	Information	0	07/03/2017 15:18:19 : Server TimeZone..=Central Standard Time	2017-03-07 09:48:19Z	3705013316102
I-vigil.vshost.exe	Information	0	07/03/2017 15:18:31 : Initializing CameraControl StartTime.. DateTime :03/07/2017 03:18:31.227 PM	2017-03-07 09:48:31Z	3705048164833
I-vigil.vshost.exe	Information	0	07/03/2017 15:18:31 : Initializing CameraControl EndTime.. DateTime :03/07/2017 03:18:31.246 PM	2017-03-07 09:48:31Z	3705048222047
I-vigil.vshost.exe	Information	0	07/03/2017 15:18:31 : Initializing CameraControl StartTime.. DateTime :03/07/2017 03:18:31.830 PM	2017-03-07 09:48:31Z	3705049984098
I-vigil.vshost.exe	Information	0	07/03/2017 15:18:31 : Initializing CameraControl EndTime.. DateTime :03/07/2017 03:18:31.834 PM	2017-03-07 09:48:31Z	3705049998383
I-vigil.vshost.exe	Information	0	07/03/2017 15:18:53 : Calendar Event for Oncor - Farmers Branch
Subject - Site has been disarmed for 65 minutes - [07-03-2017 03:42 - 07-03-2017 04:47] EventStatus - Console Event, isDisabled - True	2017-03-07 09:48:53Z	3705114925517
I-vigil.vshost.exe	Information	0	07/03/2017 15:30:11 : Starting Ivigil Client Application.....DateTime :03/07/2017 03:30:11.614 PM	2017-03-07 10:00:11Z	3707163624096
I-vigil.vshost.exe	Information	0	07/03/2017 15:30:15 : Server TimeZone..=Central Standard Time	2017-03-07 10:00:15Z	3707175884675
I-vigil.vshost.exe	Information	0	07/03/2017 15:30:36 : Initializing CameraControl StartTime.. DateTime :03/07/2017 03:30:36.381 PM	2017-03-07 10:00:36Z	3707238382247
I-vigil.vshost.exe	Information	0	07/03/2017 15:30:36 : Initializing CameraControl EndTime.. DateTime :03/07/2017 03:30:36.400 PM	2017-03-07 10:00:36Z	3707238440891
I-vigil.vshost.exe	Information	0	07/03/2017 15:30:37 : Initializing CameraControl StartTime.. DateTime :03/07/2017 03:30:37.013 PM	2017-03-07 10:00:37Z	3707240291508
I-vigil.vshost.exe	Information	0	07/03/2017 15:30:37 : Initializing CameraControl EndTime.. DateTime :03/07/2017 03:30:37.017 PM	2017-03-07 10:00:37Z	3707240304706
I-vigil.vshost.exe	Information	0	07/03/2017 15:30:58 : Calendar Event for Oncor - Farmers Branch
Subject - Site has been disarmed for 65 minutes - [07-03-2017 03:42 - 07-03-2017 04:47] EventStatus - Console Event, isDisabled - True	2017-03-07 10:00:58Z	3707306582866
I-vigil.vshost.exe	Information	0	07/03/2017 15:41:54 : Starting Ivigil Client Application.....DateTime :03/07/2017 03:41:54.354 PM	2017-03-07 10:11:54Z	3709286150118
I-vigil.vshost.exe	Information	0	07/03/2017 15:41:58 : Server TimeZone..=Central Standard Time	2017-03-07 10:11:58Z	3709297830166
I-vigil.vshost.exe	Information	0	07/03/2017 15:42:09 : Initializing CameraControl StartTime.. DateTime :03/07/2017 03:42:09.750 PM	2017-03-07 10:12:09Z	3709332600064
I-vigil.vshost.exe	Information	0	07/03/2017 15:42:09 : Initializing CameraControl EndTime.. DateTime :03/07/2017 03:42:09.772 PM	2017-03-07 10:12:09Z	3709332666804
I-vigil.vshost.exe	Information	0	07/03/2017 15:42:10 : Initializing CameraControl StartTime.. DateTime :03/07/2017 03:42:10.337 PM	2017-03-07 10:12:10Z	3709334372043
I-vigil.vshost.exe	Information	0	07/03/2017 15:42:10 : Initializing CameraControl EndTime.. DateTime :03/07/2017 03:42:10.342 PM	2017-03-07 10:12:10Z	3709334385479
I-vigil.vshost.exe	Information	0	07/03/2017 15:42:31 : Calendar Event for Oncor - Farmers Branch
Subject - Site has been disarmed for 65 minutes - [07-03-2017 03:42 - 07-03-2017 04:47] EventStatus - Console Event, isDisabled - True	2017-03-07 10:12:31Z	3709399331862
I-vigil.vshost.exe	Information	0	07/03/2017 15:57:20 : Starting Ivigil Client Application.....DateTime :03/07/2017 03:57:20.300 PM	2017-03-07 10:27:20Z	3712082824337
I-vigil.vshost.exe	Information	0	07/03/2017 15:57:24 : Server TimeZone..=Central Standard Time	2017-03-07 10:27:24Z	3712096011456
I-vigil.vshost.exe	Information	0	07/03/2017 15:57:40 : Initializing CameraControl StartTime.. DateTime :03/07/2017 03:57:40.931 PM	2017-03-07 10:27:40Z	3712145089092
I-vigil.vshost.exe	Information	0	07/03/2017 15:57:40 : Initializing CameraControl EndTime.. DateTime :03/07/2017 03:57:40.952 PM	2017-03-07 10:27:40Z	3712145150414
I-vigil.vshost.exe	Information	0	07/03/2017 15:57:41 : Initializing CameraControl StartTime.. DateTime :03/07/2017 03:57:41.534 PM	2017-03-07 10:27:41Z	3712146908495
I-vigil.vshost.exe	Information	0	07/03/2017 15:57:41 : Initializing CameraControl EndTime.. DateTime :03/07/2017 03:57:41.538 PM	2017-03-07 10:27:41Z	3712146922019
I-vigil.vshost.exe	Information	0	07/03/2017 15:58:03 : Calendar Event for Oncor - Farmers Branch
Subject - Site has been disarmed for 65 minutes - [07-03-2017 03:42 - 07-03-2017 04:47] EventStatus - Console Event, isDisabled - True	2017-03-07 10:28:03Z	3712212035737
I-vigil.vshost.exe	Information	0	07/03/2017 15:58:29 : CameraId - Camera25, eventTime - 2017-03-07 03:28:01	2017-03-07 10:28:29Z	3712292242511
I-vigil.vshost.exe	Information	0	07/03/2017 15:58:56 : Escalate Event(Missed Escalation..	2017-03-07 10:28:56Z	3712374223191
I-vigil.vshost.exe	Information	0	07/03/2017 15:58:56 : [Camera25] - Current Event - 07/03/2017 03:28:01, Allow Auto Escalation = False	2017-03-07 10:28:56Z	3712374255127
I-vigil.vshost.exe	Information	0	07/03/2017 16:02:01 : CameraId - Camera25, eventTime - 2017-03-07 03:31:59	2017-03-07 10:32:01Z	3712930836189
I-vigil.vshost.exe	Information	0	07/03/2017 16:02:30 : Escalate Event(Missed Escalation..	2017-03-07 10:32:30Z	3713018354888
I-vigil.vshost.exe	Information	0	07/03/2017 16:02:30 : [Camera25] - Current Event - 07/03/2017 03:31:59, Allow Auto Escalation = False	2017-03-07 10:32:30Z	3713018365224
I-vigil.vshost.exe	Information	0	07/03/2017 16:10:03 : Starting Ivigil Client Application.....DateTime :03/07/2017 04:10:03.869 PM	2017-03-07 10:40:03Z	3714389067701
I-vigil.vshost.exe	Information	0	07/03/2017 16:10:07 : Server TimeZone..=Central Standard Time	2017-03-07 10:40:07Z	3714400426126
I-vigil.vshost.exe	Information	0	07/03/2017 16:10:18 : Initializing CameraControl StartTime.. DateTime :03/07/2017 04:10:18.965 PM	2017-03-07 10:40:18Z	3714434613005
I-vigil.vshost.exe	Information	0	07/03/2017 16:10:19 : Initializing CameraControl EndTime.. DateTime :03/07/2017 04:10:19.011 PM	2017-03-07 10:40:19Z	3714434752688
I-vigil.vshost.exe	Information	0	07/03/2017 16:10:19 : Initializing CameraControl StartTime.. DateTime :03/07/2017 04:10:19.581 PM	2017-03-07 10:40:19Z	3714436477333
I-vigil.vshost.exe	Information	0	07/03/2017 16:10:19 : Initializing CameraControl EndTime.. DateTime :03/07/2017 04:10:19.586 PM	2017-03-07 10:40:19Z	3714436491498
I-vigil.vshost.exe	Information	0	07/03/2017 16:10:41 : Calendar Event for Chapman Construction - The Colony P183
Subject - Site has been disarmed for 148 minutes - [07-03-2017 04:32 - 07-03-2017 07:00] EventStatus - Console Event, isDisabled - True	2017-03-07 10:40:41Z	3714501361488
I-vigil.vshost.exe	Information	0	07/03/2017 16:10:41 : Calendar Event for Oncor - Farmers Branch
Subject - Site has been disarmed for 65 minutes - [07-03-2017 03:42 - 07-03-2017 04:47] EventStatus - Console Event, isDisabled - True	2017-03-07 10:40:41Z	3714501364979
I-vigil.vshost.exe	Information	0	07/03/2017 16:10:41 : Calendar Event for Waterfleet LLC
Subject - Site has been disarmed for 85 minutes - [07-03-2017 04:38 - 07-03-2017 06:03] EventStatus - Console Event, isDisabled - True	2017-03-07 10:40:41Z	3714501368483
I-vigil.vshost.exe	Information	0	07/03/2017 16:11:05 : CameraId - Camera25, eventTime - 2017-03-07 03:40:14	2017-03-07 10:41:05Z	3714574062229
I-vigil.vshost.exe	Information	0	07/03/2017 16:17:33 : Starting Ivigil Client Application.....DateTime :03/07/2017 04:17:33.326 PM	2017-03-07 10:47:33Z	3715746584931
I-vigil.vshost.exe	Information	0	07/03/2017 16:17:37 : Server TimeZone..=Central Standard Time	2017-03-07 10:47:37Z	3715758822844
I-vigil.vshost.exe	Information	0	07/03/2017 16:17:48 : Initializing CameraControl StartTime.. DateTime :03/07/2017 04:17:48.935 PM	2017-03-07 10:47:48Z	3715793681948
I-vigil.vshost.exe	Information	0	07/03/2017 16:17:48 : Initializing CameraControl EndTime.. DateTime :03/07/2017 04:17:48.955 PM	2017-03-07 10:47:48Z	3715793743632
I-vigil.vshost.exe	Information	0	07/03/2017 16:17:49 : Initializing CameraControl StartTime.. DateTime :03/07/2017 04:17:49.566 PM	2017-03-07 10:47:49Z	3715795590211
I-vigil.vshost.exe	Information	0	07/03/2017 16:17:49 : Initializing CameraControl EndTime.. DateTime :03/07/2017 04:17:49.572 PM	2017-03-07 10:47:49Z	3715795606589
I-vigil.vshost.exe	Information	0	07/03/2017 16:18:11 : Calendar Event for Chapman Construction - The Colony P183
Subject - Site has been disarmed for 148 minutes - [07-03-2017 04:32 - 07-03-2017 07:00] EventStatus - Console Event, isDisabled - True	2017-03-07 10:48:11Z	3715860906144
I-vigil.vshost.exe	Information	0	07/03/2017 16:18:11 : Calendar Event for Waterfleet LLC
Subject - Site has been disarmed for 85 minutes - [07-03-2017 04:38 - 07-03-2017 06:03] EventStatus - Console Event, isDisabled - True	2017-03-07 10:48:11Z	3715860909706
I-vigil.vshost.exe	Information	0	07/03/2017 16:24:48 : Starting Ivigil Client Application.....DateTime :03/07/2017 04:24:48.846 PM	2017-03-07 10:54:48Z	3717062012624
I-vigil.vshost.exe	Information	0	07/03/2017 16:24:52 : Server TimeZone..=Central Standard Time	2017-03-07 10:54:52Z	3717073778527
I-vigil.vshost.exe	Information	0	07/03/2017 16:25:04 : Initializing CameraControl StartTime.. DateTime :03/07/2017 04:25:04.087 PM	2017-03-07 10:55:04Z	3717107992682
I-vigil.vshost.exe	Information	0	07/03/2017 16:25:04 : Initializing CameraControl EndTime.. DateTime :03/07/2017 04:25:04.107 PM	2017-03-07 10:55:04Z	3717108050674
I-vigil.vshost.exe	Information	0	07/03/2017 16:25:04 : Initializing CameraControl StartTime.. DateTime :03/07/2017 04:25:04.687 PM	2017-03-07 10:55:04Z	3717109805723
I-vigil.vshost.exe	Information	0	07/03/2017 16:25:04 : Initializing CameraControl EndTime.. DateTime :03/07/2017 04:25:04.692 PM	2017-03-07 10:55:04Z	3717109819089
I-vigil.vshost.exe	Information	0	07/03/2017 16:25:26 : Calendar Event for Chapman Construction - The Colony P183
Subject - Site has been disarmed for 148 minutes - [07-03-2017 04:32 - 07-03-2017 07:00] EventStatus - Console Event, isDisabled - True	2017-03-07 10:55:26Z	3717174746328
I-vigil.vshost.exe	Information	0	07/03/2017 16:25:26 : Calendar Event for Waterfleet LLC
Subject - Site has been disarmed for 85 minutes - [07-03-2017 04:38 - 07-03-2017 06:03] EventStatus - Console Event, isDisabled - True	2017-03-07 10:55:26Z	3717174749774
I-vigil.vshost.exe	Information	0	07/03/2017 16:29:27 : Starting Ivigil Client Application.....DateTime :03/07/2017 04:29:27.456 PM	2017-03-07 10:59:27Z	3717903503166
I-vigil.vshost.exe	Information	0	07/03/2017 16:29:31 : Server TimeZone..=Central Standard Time	2017-03-07 10:59:31Z	3717915214892
I-vigil.vshost.exe	Information	0	07/03/2017 16:29:43 : Initializing CameraControl StartTime.. DateTime :03/07/2017 04:29:43.022 PM	2017-03-07 10:59:43Z	3717950471316
I-vigil.vshost.exe	Information	0	07/03/2017 16:29:43 : Initializing CameraControl EndTime.. DateTime :03/07/2017 04:29:43.040 PM	2017-03-07 10:59:43Z	3717950526487
I-vigil.vshost.exe	Information	0	07/03/2017 16:29:43 : Initializing CameraControl StartTime.. DateTime :03/07/2017 04:29:43.644 PM	2017-03-07 10:59:43Z	3717952350806
I-vigil.vshost.exe	Information	0	07/03/2017 16:29:43 : Initializing CameraControl EndTime.. DateTime :03/07/2017 04:29:43.648 PM	2017-03-07 10:59:43Z	3717952365772
I-vigil.vshost.exe	Information	0	07/03/2017 16:30:05 : Calendar Event for Chapman Construction - The Colony P183
Subject - Site has been disarmed for 148 minutes - [07-03-2017 04:32 - 07-03-2017 07:00] EventStatus - Console Event, isDisabled - True	2017-03-07 11:00:05Z	3718017415271
I-vigil.vshost.exe	Information	0	07/03/2017 16:30:05 : Calendar Event for Waterfleet LLC
Subject - Site has been disarmed for 85 minutes - [07-03-2017 04:38 - 07-03-2017 06:03] EventStatus - Console Event, isDisabled - True	2017-03-07 11:00:05Z	3718017419409
I-vigil.vshost.exe	Information	0	07/03/2017 16:35:56 : Starting Ivigil Client Application.....DateTime :03/07/2017 04:35:56.638 PM	2017-03-07 11:05:56Z	3719078967105
I-vigil.vshost.exe	Information	0	07/03/2017 16:36:01 : Server TimeZone..=Central Standard Time	2017-03-07 11:06:01Z	3719092868961
I-vigil.vshost.exe	Information	0	07/03/2017 16:36:12 : Initializing CameraControl StartTime.. DateTime :03/07/2017 04:36:12.067 PM	2017-03-07 11:06:12Z	3719125522373
I-vigil.vshost.exe	Information	0	07/03/2017 16:36:12 : Initializing CameraControl EndTime.. DateTime :03/07/2017 04:36:12.086 PM	2017-03-07 11:06:12Z	3719125581627
I-vigil.vshost.exe	Information	0	07/03/2017 16:36:12 : Initializing CameraControl StartTime.. DateTime :03/07/2017 04:36:12.666 PM	2017-03-07 11:06:12Z	3719127335171
I-vigil.vshost.exe	Information	0	07/03/2017 16:36:12 : Initializing CameraControl EndTime.. DateTime :03/07/2017 04:36:12.671 PM	2017-03-07 11:06:12Z	3719127349347
I-vigil.vshost.exe	Information	0	07/03/2017 16:36:34 : Calendar Event for Chapman Construction - The Colony P183
Subject - Site has been disarmed for 148 minutes - [07-03-2017 04:32 - 07-03-2017 07:00] EventStatus - Console Event, isDisabled - True	2017-03-07 11:06:34Z	3719192242061
I-vigil.vshost.exe	Information	0	07/03/2017 16:36:34 : Calendar Event for Waterfleet LLC
Subject - Site has been disarmed for 85 minutes - [07-03-2017 04:38 - 07-03-2017 06:03] EventStatus - Console Event, isDisabled - True	2017-03-07 11:06:34Z	3719192245686
I-vigil.vshost.exe	Information	0	07/03/2017 16:49:03 : Starting Ivigil Client Application.....DateTime :03/07/2017 04:49:03.914 PM	2017-03-07 11:19:03Z	3721456811058
I-vigil.vshost.exe	Information	0	07/03/2017 16:49:07 : Server TimeZone..=Central Standard Time	2017-03-07 11:19:07Z	3721468732192
I-vigil.vshost.exe	Information	0	07/03/2017 16:49:16 : Initializing CameraControl StartTime.. DateTime :03/07/2017 04:49:16.314 PM	2017-03-07 11:19:16Z	3721494221525
I-vigil.vshost.exe	Information	0	07/03/2017 16:49:16 : Initializing CameraControl EndTime.. DateTime :03/07/2017 04:49:16.334 PM	2017-03-07 11:19:16Z	3721494282004
I-vigil.vshost.exe	Information	0	07/03/2017 16:49:16 : Initializing CameraControl StartTime.. DateTime :03/07/2017 04:49:16.935 PM	2017-03-07 11:19:16Z	3721496100218
I-vigil.vshost.exe	Information	0	07/03/2017 16:49:16 : Initializing CameraControl EndTime.. DateTime :03/07/2017 04:49:16.940 PM	2017-03-07 11:19:16Z	3721496114925
I-vigil.vshost.exe	Information	0	07/03/2017 16:49:38 : Calendar Event for Chapman Construction - The Colony P183
Subject - Site has been disarmed for 148 minutes - [07-03-2017 04:32 - 07-03-2017 07:00] EventStatus - Console Event, isDisabled - True	2017-03-07 11:19:38Z	3721561113467
I-vigil.vshost.exe	Information	0	07/03/2017 16:49:38 : Calendar Event for Waterfleet LLC
Subject - Site has been disarmed for 85 minutes - [07-03-2017 04:38 - 07-03-2017 06:03] EventStatus - Console Event, isDisabled - True	2017-03-07 11:19:38Z	3721561117029
I-vigil.vshost.exe	Information	0	07/03/2017 16:50:56 : CameraId - Camera25, eventTime - 2017-03-07 04:20:51	2017-03-07 11:20:56Z	3721797815593
I-vigil.vshost.exe	Information	0	07/03/2017 18:02:32 : Starting Ivigil Client Application.....DateTime :03/07/2017 06:02:32.883 PM	2017-03-07 12:32:32Z	3734773434169
I-vigil.vshost.exe	Information	0	07/03/2017 18:02:36 : Server TimeZone..=Central Standard Time	2017-03-07 12:32:36Z	3734785629028
I-vigil.vshost.exe	Information	0	07/03/2017 18:02:48 : Initializing CameraControl StartTime.. DateTime :03/07/2017 06:02:48.294 PM	2017-03-07 12:32:48Z	3734819938155
I-vigil.vshost.exe	Information	0	07/03/2017 18:02:48 : Initializing CameraControl EndTime.. DateTime :03/07/2017 06:02:48.322 PM	2017-03-07 12:32:48Z	3734820021411
I-vigil.vshost.exe	Information	0	07/03/2017 18:02:48 : Initializing CameraControl StartTime.. DateTime :03/07/2017 06:02:48.892 PM	2017-03-07 12:32:48Z	3734821742624
I-vigil.vshost.exe	Information	0	07/03/2017 18:02:48 : Initializing CameraControl EndTime.. DateTime :03/07/2017 06:02:48.897 PM	2017-03-07 12:32:48Z	3734821756766
I-vigil.vshost.exe	Information	0	07/03/2017 18:03:10 : Calendar Event for Chapman Construction - The Colony P183
Subject - Site has been disarmed for 148 minutes - [07-03-2017 04:32 - 07-03-2017 07:00] EventStatus - Console Event, isDisabled - True	2017-03-07 12:33:10Z	3734887342951
I-vigil.vshost.exe	Information	0	07/03/2017 18:03:10 : Calendar Event for NE Construction- Cliffs at Crownridge MD888
Subject - Site has been disarmed for 321 minutes - [07-03-2017 05:39 - 07-03-2017 11:00] EventStatus - Console Event, isDisabled - True	2017-03-07 12:33:10Z	3734887346417
I-vigil.vshost.exe	Information	0	07/03/2017 18:20:26 : Starting Ivigil Client Application.....DateTime :03/07/2017 06:20:26.360 PM	2017-03-07 12:50:26Z	3738015713278
I-vigil.vshost.exe	Information	0	07/03/2017 18:20:30 : Server TimeZone..=Central Standard Time	2017-03-07 12:50:30Z	3738027478864
I-vigil.vshost.exe	Information	0	07/03/2017 18:20:38 : Initializing CameraControl StartTime.. DateTime :03/07/2017 06:20:38.327 PM	2017-03-07 12:50:38Z	3738051808456
I-vigil.vshost.exe	Information	0	07/03/2017 18:20:38 : Initializing CameraControl EndTime.. DateTime :03/07/2017 06:20:38.345 PM	2017-03-07 12:50:38Z	3738051863149
I-vigil.vshost.exe	Information	0	07/03/2017 18:20:38 : Initializing CameraControl StartTime.. DateTime :03/07/2017 06:20:38.921 PM	2017-03-07 12:50:38Z	3738053605261
I-vigil.vshost.exe	Information	0	07/03/2017 18:20:38 : Initializing CameraControl EndTime.. DateTime :03/07/2017 06:20:38.926 PM	2017-03-07 12:50:38Z	3738053618972
I-vigil.vshost.exe	Information	0	07/03/2017 18:21:00 : Calendar Event for Chapman Construction - The Colony P183
Subject - Site has been disarmed for 148 minutes - [07-03-2017 04:32 - 07-03-2017 07:00] EventStatus - Console Event, isDisabled - True	2017-03-07 12:51:00Z	3738118600064
I-vigil.vshost.exe	Information	0	07/03/2017 18:21:00 : Calendar Event for NE Construction- Cliffs at Crownridge MD888
Subject - Site has been disarmed for 321 minutes - [07-03-2017 05:39 - 07-03-2017 11:00] EventStatus - Console Event, isDisabled - True	2017-03-07 12:51:00Z	3738118603802
I-vigil.vshost.exe	Information	0	07/03/2017 18:27:01 : Starting Ivigil Client Application.....DateTime :03/07/2017 06:27:01.377 PM	2017-03-07 12:57:01Z	3739208803036
I-vigil.vshost.exe	Information	0	07/03/2017 18:27:05 : Server TimeZone..=Central Standard Time	2017-03-07 12:57:05Z	3739220210396
I-vigil.vshost.exe	Information	0	07/03/2017 18:27:13 : Initializing CameraControl StartTime.. DateTime :03/07/2017 06:27:13.281 PM	2017-03-07 12:57:13Z	3739244708777
I-vigil.vshost.exe	Information	0	07/03/2017 18:27:13 : Initializing CameraControl EndTime.. DateTime :03/07/2017 06:27:13.300 PM	2017-03-07 12:57:13Z	3739244766876
I-vigil.vshost.exe	Information	0	07/03/2017 18:27:13 : Initializing CameraControl StartTime.. DateTime :03/07/2017 06:27:13.880 PM	2017-03-07 12:57:13Z	3739246515580
I-vigil.vshost.exe	Information	0	07/03/2017 18:27:13 : Initializing CameraControl EndTime.. DateTime :03/07/2017 06:27:13.884 PM	2017-03-07 12:57:13Z	3739246529317
I-vigil.vshost.exe	Information	0	07/03/2017 18:27:35 : Calendar Event for Chapman Construction - The Colony P183
Subject - Site has been disarmed for 148 minutes - [07-03-2017 04:32 - 07-03-2017 07:00] EventStatus - Console Event, isDisabled - True	2017-03-07 12:57:35Z	3739311497454
I-vigil.vshost.exe	Information	0	07/03/2017 18:27:35 : Calendar Event for NE Construction- Cliffs at Crownridge MD888
Subject - Site has been disarmed for 321 minutes - [07-03-2017 05:39 - 07-03-2017 11:00] EventStatus - Console Event, isDisabled - True	2017-03-07 12:57:35Z	3739311510586
I-vigil.vshost.exe	Information	0	07/03/2017 18:28:13 : CameraId - Camera25, eventTime - 2017-03-07 05:58:09	2017-03-07 12:58:13Z	3739425220125
I-vigil.vshost.exe	Information	0	07/03/2017 18:30:29 : Starting Ivigil Client Application.....DateTime :03/07/2017 06:30:29.153 PM	2017-03-07 13:00:29Z	3739836358823
I-vigil.vshost.exe	Information	0	07/03/2017 18:30:32 : Server TimeZone..=Central Standard Time	2017-03-07 13:00:32Z	3739847908847
I-vigil.vshost.exe	Information	0	07/03/2017 18:30:41 : Initializing CameraControl StartTime.. DateTime :03/07/2017 06:30:41.253 PM	2017-03-07 13:00:41Z	3739872859401
I-vigil.vshost.exe	Information	0	07/03/2017 18:30:41 : Initializing CameraControl EndTime.. DateTime :03/07/2017 06:30:41.274 PM	2017-03-07 13:00:41Z	3739872919407
I-vigil.vshost.exe	Information	0	07/03/2017 18:30:41 : Initializing CameraControl StartTime.. DateTime :03/07/2017 06:30:41.846 PM	2017-03-07 13:00:41Z	3739874647544
I-vigil.vshost.exe	Information	0	07/03/2017 18:30:41 : Initializing CameraControl EndTime.. DateTime :03/07/2017 06:30:41.850 PM	2017-03-07 13:00:41Z	3739874660524
I-vigil.vshost.exe	Information	0	07/03/2017 18:31:03 : Calendar Event for Chapman Construction - The Colony P183
Subject - Site has been disarmed for 148 minutes - [07-03-2017 04:32 - 07-03-2017 07:00] EventStatus - Console Event, isDisabled - True	2017-03-07 13:01:03Z	3739939745080
I-vigil.vshost.exe	Information	0	07/03/2017 18:31:03 : Calendar Event for NE Construction- Cliffs at Crownridge MD888
Subject - Site has been disarmed for 321 minutes - [07-03-2017 05:39 - 07-03-2017 11:00] EventStatus - Console Event, isDisabled - True	2017-03-07 13:01:03Z	3739939748416
I-vigil.vshost.exe	Information	0	07/03/2017 18:31:25 : CameraId - Camera17, eventTime - 2017-03-07 06:00:47	2017-03-07 13:01:25Z	3740007540432
I-vigil.vshost.exe	Information	0	07/03/2017 18:31:30 : CameraId - Camera25, eventTime - 2017-03-07 06:01:02	2017-03-07 13:01:30Z	3740020384175
I-vigil.vshost.exe	Information	0	07/03/2017 18:31:56 : Escalate Event(Missed Escalation..	2017-03-07 13:01:56Z	3740098998335
I-vigil.vshost.exe	Information	0	07/03/2017 18:31:56 : [Camera17] - Current Event - 07/03/2017 06:00:47, Allow Auto Escalation = False	2017-03-07 13:01:56Z	3740099032219
I-vigil.vshost.exe	Information	0	07/03/2017 18:31:57 : Escalate Event(Missed Escalation..	2017-03-07 13:01:57Z	3740102287633
I-vigil.vshost.exe	Information	0	07/03/2017 18:31:57 : [Camera25] - Current Event - 07/03/2017 06:01:02, Allow Auto Escalation = False	2017-03-07 13:01:57Z	3740102303073
I-vigil.vshost.exe	Information	0	07/03/2017 18:39:46 : Starting Ivigil Client Application.....DateTime :03/07/2017 06:39:46.068 PM	2017-03-07 13:09:46Z	3741518434213
I-vigil.vshost.exe	Information	0	07/03/2017 18:39:49 : Server TimeZone..=Central Standard Time	2017-03-07 13:09:49Z	3741529617902
I-vigil.vshost.exe	Information	0	07/03/2017 18:39:57 : Initializing CameraControl StartTime.. DateTime :03/07/2017 06:39:57.546 PM	2017-03-07 13:09:57Z	3741553053437
I-vigil.vshost.exe	Information	0	07/03/2017 18:39:57 : Initializing CameraControl EndTime.. DateTime :03/07/2017 06:39:57.566 PM	2017-03-07 13:09:57Z	3741553111836
I-vigil.vshost.exe	Information	0	07/03/2017 18:39:58 : Initializing CameraControl StartTime.. DateTime :03/07/2017 06:39:58.125 PM	2017-03-07 13:09:58Z	3741554805175
I-vigil.vshost.exe	Information	0	07/03/2017 18:39:58 : Initializing CameraControl EndTime.. DateTime :03/07/2017 06:39:58.130 PM	2017-03-07 13:09:58Z	3741554818306
I-vigil.vshost.exe	Information	0	07/03/2017 18:40:19 : Calendar Event for NE Construction- Cliffs at Crownridge MD888
Subject - Site has been disarmed for 321 minutes - [07-03-2017 05:39 - 07-03-2017 11:00] EventStatus - Console Event, isDisabled - True	2017-03-07 13:10:19Z	3741619840334
I-vigil.vshost.exe	Information	0	07/03/2017 19:02:37 : Starting Ivigil Client Application.....DateTime :03/07/2017 07:02:37.691 PM	2017-03-07 13:32:37Z	3745661220808
I-vigil.vshost.exe	Information	0	07/03/2017 19:02:41 : Server TimeZone..=Central Standard Time	2017-03-07 13:32:41Z	3745673015984
I-vigil.vshost.exe	Information	0	07/03/2017 19:02:50 : Initializing CameraControl StartTime.. DateTime :03/07/2017 07:02:50.240 PM	2017-03-07 13:32:50Z	3745699067334
I-vigil.vshost.exe	Information	0	07/03/2017 19:02:50 : Initializing CameraControl EndTime.. DateTime :03/07/2017 07:02:50.259 PM	2017-03-07 13:32:50Z	3745699126253
I-vigil.vshost.exe	Information	0	07/03/2017 19:02:50 : Initializing CameraControl StartTime.. DateTime :03/07/2017 07:02:50.855 PM	2017-03-07 13:32:50Z	3745700923451
I-vigil.vshost.exe	Information	0	07/03/2017 19:02:50 : Initializing CameraControl EndTime.. DateTime :03/07/2017 07:02:50.859 PM	2017-03-07 13:32:50Z	3745700937571
I-vigil.vshost.exe	Information	0	07/03/2017 19:03:12 : Calendar Event for NE Construction- Cliffs at Crownridge MD888
Subject - Site has been disarmed for 321 minutes - [07-03-2017 05:39 - 07-03-2017 11:00] EventStatus - Console Event, isDisabled - True	2017-03-07 13:33:12Z	3745765928230
I-vigil.vshost.exe	Information	0	07/03/2017 19:11:48 : Starting Ivigil Client Application.....DateTime :03/07/2017 07:11:48.132 PM	2017-03-07 13:41:48Z	3747323736973
I-vigil.vshost.exe	Information	0	07/03/2017 19:11:51 : Server TimeZone..=Central Standard Time	2017-03-07 13:41:51Z	3747335069302
I-vigil.vshost.exe	Information	0	07/03/2017 19:11:59 : Initializing CameraControl StartTime.. DateTime :03/07/2017 07:11:59.645 PM	2017-03-07 13:41:59Z	3747358462200
I-vigil.vshost.exe	Information	0	07/03/2017 19:11:59 : Initializing CameraControl EndTime.. DateTime :03/07/2017 07:11:59.667 PM	2017-03-07 13:41:59Z	3747358527149
I-vigil.vshost.exe	Information	0	07/03/2017 19:12:00 : Initializing CameraControl StartTime.. DateTime :03/07/2017 07:12:00.226 PM	2017-03-07 13:42:00Z	3747360218169
I-vigil.vshost.exe	Information	0	07/03/2017 19:12:00 : Initializing CameraControl EndTime.. DateTime :03/07/2017 07:12:00.230 PM	2017-03-07 13:42:00Z	3747360231402
I-vigil.vshost.exe	Information	0	07/03/2017 19:12:21 : Calendar Event for NE Construction- Cliffs at Crownridge MD888
Subject - Site has been disarmed for 321 minutes - [07-03-2017 05:39 - 07-03-2017 11:00] EventStatus - Console Event, isDisabled - True	2017-03-07 13:42:21Z	3747425469887
I-vigil.vshost.exe	Information	0	07/03/2017 19:12:45 : CameraId - Camera25, eventTime - 2017-03-07 06:41:42	2017-03-07 13:42:45Z	3747497847368
I-vigil.vshost.exe	Information	0	07/03/2017 19:13:12 : Escalate Event(Missed Escalation..	2017-03-07 13:43:12Z	3747577323304
I-vigil.vshost.exe	Information	0	07/03/2017 19:13:12 : [Camera25] - Current Event - 07/03/2017 06:41:42, Allow Auto Escalation = False	2017-03-07 13:43:12Z	3747577339539
I-vigil.vshost.exe	Information	0	07/03/2017 19:16:26 : Starting Ivigil Client Application.....DateTime :03/07/2017 07:16:26.956 PM	2017-03-07 13:46:26Z	3748165882870
I-vigil.vshost.exe	Information	0	07/03/2017 19:16:30 : Server TimeZone..=Central Standard Time	2017-03-07 13:46:30Z	3748177470128
I-vigil.vshost.exe	Information	0	07/03/2017 19:16:41 : Initializing CameraControl StartTime.. DateTime :03/07/2017 07:16:41.456 PM	2017-03-07 13:46:41Z	3748209629283
I-vigil.vshost.exe	Information	0	07/03/2017 19:16:41 : Initializing CameraControl EndTime.. DateTime :03/07/2017 07:16:41.475 PM	2017-03-07 13:46:41Z	3748209686578
I-vigil.vshost.exe	Information	0	07/03/2017 19:16:42 : Initializing CameraControl StartTime.. DateTime :03/07/2017 07:16:42.055 PM	2017-03-07 13:46:42Z	3748211439593
I-vigil.vshost.exe	Information	0	07/03/2017 19:16:42 : Initializing CameraControl EndTime.. DateTime :03/07/2017 07:16:42.061 PM	2017-03-07 13:46:42Z	3748211454779
I-vigil.vshost.exe	Information	0	07/03/2017 19:17:03 : Calendar Event for NE Construction- Cliffs at Crownridge MD888
Subject - Site has been disarmed for 321 minutes - [07-03-2017 05:39 - 07-03-2017 11:00] EventStatus - Console Event, isDisabled - True	2017-03-07 13:47:03Z	3748276424739
I-vigil.vshost.exe	Information	0	07/03/2017 19:17:26 : CameraId - Camera17, eventTime - 2017-03-07 06:47:25	2017-03-07 13:47:26Z	3748347100434
I-vigil.vshost.exe	Information	0	07/03/2017 19:35:23 : Starting Ivigil Client Application.....DateTime :03/07/2017 07:35:23.854 PM	2017-03-07 14:05:23Z	3751599711274
I-vigil.vshost.exe	Information	0	07/03/2017 19:35:27 : Server TimeZone..=Central Standard Time	2017-03-07 14:05:27Z	3751611735837
I-vigil.vshost.exe	Information	0	07/03/2017 19:35:36 : Initializing CameraControl StartTime.. DateTime :03/07/2017 07:35:36.502 PM	2017-03-07 14:05:36Z	3751637862515
I-vigil.vshost.exe	Information	0	07/03/2017 19:35:36 : Initializing CameraControl EndTime.. DateTime :03/07/2017 07:35:36.520 PM	2017-03-07 14:05:36Z	3751637917441
I-vigil.vshost.exe	Information	0	07/03/2017 19:35:37 : Initializing CameraControl StartTime.. DateTime :03/07/2017 07:35:37.100 PM	2017-03-07 14:05:37Z	3751639671448
I-vigil.vshost.exe	Information	0	07/03/2017 19:35:37 : Initializing CameraControl EndTime.. DateTime :03/07/2017 07:35:37.106 PM	2017-03-07 14:05:37Z	3751639685534
I-vigil.vshost.exe	Information	0	07/03/2017 19:35:58 : Calendar Event for NE Construction- Cliffs at Crownridge MD888
Subject - Site has been disarmed for 321 minutes - [07-03-2017 05:39 - 07-03-2017 11:00] EventStatus - Console Event, isDisabled - True	2017-03-07 14:05:58Z	3751704556225
I-vigil.vshost.exe	Information	0	07/03/2017 19:36:20 : CameraId - Camera17, eventTime - 2017-03-07 07:05:35	2017-03-07 14:06:20Z	3751772189107
I-vigil.vshost.exe	Information	0	07/03/2017 19:36:26 : CameraId - Camera25, eventTime - 2017-03-07 07:04:50	2017-03-07 14:06:26Z	3751789560524
I-vigil.vshost.exe	Information	0	07/03/2017 19:48:21 : Starting Ivigil Client Application.....DateTime :03/07/2017 07:48:21.567 PM	2017-03-07 14:18:21Z	3753948680050
I-vigil.vshost.exe	Information	0	07/03/2017 19:48:25 : Server TimeZone..=Central Standard Time	2017-03-07 14:18:25Z	3753960314136
I-vigil.vshost.exe	Information	0	07/03/2017 19:48:33 : Initializing CameraControl StartTime.. DateTime :03/07/2017 07:48:33.960 PM	2017-03-07 14:18:33Z	3753986055901
I-vigil.vshost.exe	Information	0	07/03/2017 19:48:33 : Initializing CameraControl EndTime.. DateTime :03/07/2017 07:48:33.980 PM	2017-03-07 14:18:33Z	3753986119673
I-vigil.vshost.exe	Information	0	07/03/2017 19:48:34 : Initializing CameraControl StartTime.. DateTime :03/07/2017 07:48:34.566 PM	2017-03-07 14:18:34Z	3753987889833
I-vigil.vshost.exe	Information	0	07/03/2017 19:48:34 : Initializing CameraControl EndTime.. DateTime :03/07/2017 07:48:34.572 PM	2017-03-07 14:18:34Z	3753987905897
I-vigil.vshost.exe	Information	0	07/03/2017 19:48:56 : Calendar Event for Chapman Construction - The Colony P183
Subject - Planned Site Activity From Console - [07-03-2017 08:11 - 08-03-2017 07:00] EventStatus - Console Event, isDisabled - True	2017-03-07 14:18:56Z	3754052895934
I-vigil.vshost.exe	Information	0	07/03/2017 19:48:56 : Calendar Event for NE Construction- Cliffs at Crownridge MD888
Subject - Site has been disarmed for 321 minutes - [07-03-2017 05:39 - 07-03-2017 11:00] EventStatus - Console Event, isDisabled - True	2017-03-07 14:18:56Z	3754052900103
I-vigil.vshost.exe	Information	0	07/03/2017 19:49:18 : CameraId - Camera17, eventTime - 2017-03-07 07:18:44	2017-03-07 14:19:18Z	3754121430339
I-vigil.vshost.exe	Information	0	07/03/2017 19:49:45 : Escalate Event(Missed Escalation..	2017-03-07 14:19:45Z	3754201571024
I-vigil.vshost.exe	Information	0	07/03/2017 19:49:45 : [Camera17] - Current Event - 07/03/2017 07:18:44, Allow Auto Escalation = False	2017-03-07 14:19:45Z	3754201590780
