I-vigil.vshost.exe	Information	0	10/03/2017 11:55:33 : Starting Ivigil Client Application.....DateTime :03/10/2017 11:55:33.294 AM	2017-03-10 06:25:33Z	4451185344041
I-vigil.vshost.exe	Information	0	10/03/2017 11:55:37 : Server TimeZone..=Central Standard Time	2017-03-10 06:25:37Z	4451198295242
I-vigil.vshost.exe	Information	0	10/03/2017 11:55:45 : Initializing CameraControl StartTime.. DateTime :03/10/2017 11:55:45.385 AM	2017-03-10 06:25:45Z	4451221815717
I-vigil.vshost.exe	Information	0	10/03/2017 11:55:45 : Initializing CameraControl EndTime.. DateTime :03/10/2017 11:55:45.405 AM	2017-03-10 06:25:45Z	4451221876002
I-vigil.vshost.exe	Information	0	10/03/2017 11:55:46 : Initializing CameraControl StartTime.. DateTime :03/10/2017 11:55:46.004 AM	2017-03-10 06:25:46Z	4451223683967
I-vigil.vshost.exe	Information	0	10/03/2017 11:55:46 : Initializing CameraControl EndTime.. DateTime :03/10/2017 11:55:46.009 AM	2017-03-10 06:25:46Z	4451223698942
I-vigil.vshost.exe	Information	0	10/03/2017 11:56:07 : RefreshCalendarEventTimeList - no calendar event list	2017-03-10 06:26:07Z	4451288904164
I-vigil.vshost.exe	Information	0	10/03/2017 11:56:35 : CameraId - Camera25, eventTime - 2017-03-09 23:26:36	2017-03-10 06:26:35Z	4451373933818
I-vigil.vshost.exe	Information	0	10/03/2017 11:56:48 : Url - http://aws0002.pro-vigil.info:8090/pro-vigil//CameraService?event=getForeGroundAnalysis&cameraid=Camera115
Response - {"scale":5,"pdValue":1.0,"bucketSize":10,"pdf1":0.4,"pdf2":0.2,"pdf3":0.1,"timeOut":3600000,"falseTags":["Out of Bounds","Rain / Snow (Bad Weather)","Flapping,HangingObj","Animal, SpiderWeb"]}	2017-03-10 06:26:48Z	4451411391171
I-vigil.vshost.exe	Information	0	10/03/2017 11:58:00 : Url - http://aws0002.pro-vigil.info:8090/pro-vigil//CameraService?event=getForeGroundAnalysis&cameraid=Camera115
Response - {"scale":5,"pdValue":1.0,"bucketSize":10,"pdf1":0.4,"pdf2":0.2,"pdf3":0.1,"timeOut":3600000,"falseTags":["Out of Bounds","Rain / Snow (Bad Weather)","Flapping,HangingObj","Animal, SpiderWeb"]}	2017-03-10 06:28:00Z	4451631238334
I-vigil.vshost.exe	Information	0	10/03/2017 11:59:00 : Url - http://aws0002.pro-vigil.info:8090/pro-vigil//CameraService?event=getForeGroundAnalysis&cameraid=Camera115
Response - {"scale":5,"pdValue":1.0,"bucketSize":10,"pdf1":0.4,"pdf2":0.2,"pdf3":0.1,"timeOut":3600000,"falseTags":["Out of Bounds","Rain / Snow (Bad Weather)","Flapping,HangingObj","Animal, SpiderWeb"]}	2017-03-10 06:29:00Z	4451812462640
I-vigil.vshost.exe	Information	0	10/03/2017 11:59:39 : Url - http://aws0002.pro-vigil.info:8090/pro-vigil//CameraService?event=getForeGroundAnalysis&cameraid=Camera117
Response - {"scale":5,"pdValue":1.0,"bucketSize":10,"pdf1":0.4,"pdf2":0.2,"pdf3":0.1,"timeOut":3600000,"falseTags":["Out of Bounds","Rain / Snow (Bad Weather)","Flapping,HangingObj","Animal, SpiderWeb"]}	2017-03-10 06:29:39Z	4451929543982
I-vigil.vshost.exe	Information	0	10/03/2017 12:00:34 : Url - http://aws0002.pro-vigil.info:8090/pro-vigil//CameraService?event=getForeGroundAnalysis&cameraid=Camera129
Response - {"scale":5,"pdValue":1.0,"bucketSize":10,"pdf1":0.4,"pdf2":0.2,"pdf3":0.1,"timeOut":3600000,"falseTags":["Out of Bounds","Rain / Snow (Bad Weather)","Flapping,HangingObj","Animal, SpiderWeb"]}	2017-03-10 06:30:34Z	4452094060922
I-vigil.vshost.exe	Information	0	10/03/2017 12:04:52 : Url - http://aws0002.pro-vigil.info:8090/pro-vigil//CameraService?event=getForeGroundAnalysis&cameraid=Camera103
Response - {"scale":5,"pdValue":1.0,"bucketSize":10,"pdf1":0.4,"pdf2":0.2,"pdf3":0.1,"timeOut":3600000,"falseTags":["Out of Bounds","Rain / Snow (Bad Weather)","Flapping,HangingObj","Animal, SpiderWeb"]}	2017-03-10 06:34:52Z	4452875158656
I-vigil.vshost.exe	Information	0	10/03/2017 12:11:08 : RefreshCalendarEventTimeList - no calendar event list	2017-03-10 06:41:08Z	4454010939935
I-vigil.vshost.exe	Information	0	10/03/2017 12:19:22 : Starting Ivigil Client Application.....DateTime :03/10/2017 12:19:22.744 PM	2017-03-10 06:49:22Z	4455502787036
I-vigil.vshost.exe	Information	0	10/03/2017 12:19:26 : Server TimeZone..=Central Standard Time	2017-03-10 06:49:26Z	4455514777804
I-vigil.vshost.exe	Information	0	10/03/2017 12:19:40 : Initializing CameraControl StartTime.. DateTime :03/10/2017 12:19:40.473 PM	2017-03-10 06:49:40Z	4455556278230
I-vigil.vshost.exe	Information	0	10/03/2017 12:19:40 : Initializing CameraControl EndTime.. DateTime :03/10/2017 12:19:40.500 PM	2017-03-10 06:49:40Z	4455556362110
I-vigil.vshost.exe	Information	0	10/03/2017 12:19:41 : Initializing CameraControl StartTime.. DateTime :03/10/2017 12:19:41.079 PM	2017-03-10 06:49:41Z	4455558111546
I-vigil.vshost.exe	Information	0	10/03/2017 12:19:41 : Initializing CameraControl EndTime.. DateTime :03/10/2017 12:19:41.084 PM	2017-03-10 06:49:41Z	4455558126571
I-vigil.vshost.exe	Information	0	10/03/2017 12:20:02 : RefreshCalendarEventTimeList - no calendar event list	2017-03-10 06:50:02Z	4455623134319
I-vigil.vshost.exe	Information	0	10/03/2017 12:21:08 : Exception In  MotionAnalytics_MotionAnalysis --> FillCameraList()..Object reference not set to an instance of an object.	2017-03-10 06:51:08Z	4455821998902
I-vigil.vshost.exe	Information	0	10/03/2017 12:24:25 : Url - http://aws0002.pro-vigil.info:8090/pro-vigil//CameraService?event=getForeGroundAnalysis&cameraid=Camera111
Response - {"scale":5,"pdValue":1.0,"bucketSize":10,"pdf1":0.4,"pdf2":0.2,"pdf3":0.1,"timeOut":3600000,"falseTags":["Out of Bounds","Rain / Snow (Bad Weather)","Flapping,HangingObj","Animal, SpiderWeb"]}	2017-03-10 06:54:25Z	4456417813660
I-vigil.vshost.exe	Information	0	10/03/2017 12:36:18 : Starting Ivigil Client Application.....DateTime :03/10/2017 12:36:18.489 PM	2017-03-10 07:06:18Z	4458570684704
I-vigil.vshost.exe	Information	0	10/03/2017 12:36:22 : Server TimeZone..=Central Standard Time	2017-03-10 07:06:22Z	4458582692675
I-vigil.vshost.exe	Information	0	10/03/2017 12:36:33 : Initializing CameraControl StartTime.. DateTime :03/10/2017 12:36:33.384 PM	2017-03-10 07:06:33Z	4458615621086
I-vigil.vshost.exe	Information	0	10/03/2017 12:36:33 : Initializing CameraControl EndTime.. DateTime :03/10/2017 12:36:33.403 PM	2017-03-10 07:06:33Z	4458615679228
I-vigil.vshost.exe	Information	0	10/03/2017 12:36:33 : Initializing CameraControl StartTime.. DateTime :03/10/2017 12:36:33.980 PM	2017-03-10 07:06:33Z	4458617423511
I-vigil.vshost.exe	Information	0	10/03/2017 12:36:33 : Initializing CameraControl EndTime.. DateTime :03/10/2017 12:36:33.984 PM	2017-03-10 07:06:33Z	4458617437054
I-vigil.vshost.exe	Information	0	10/03/2017 12:36:55 : RefreshCalendarEventTimeList - no calendar event list	2017-03-10 07:06:55Z	4458682477206
I-vigil.vshost.exe	Information	0	10/03/2017 12:37:35 : Url - http://aws0002.pro-vigil.info:8090/pro-vigil//CameraService?event=getForeGroundAnalysis&cameraid=Camera11
Response - {"scale":5,"pdValue":1.0,"bucketSize":10,"pdf1":0.4,"pdf2":0.2,"pdf3":0.1,"timeOut":3600000,"falseTags":["Out of Bounds","Rain / Snow (Bad Weather)","Flapping,HangingObj","Animal, SpiderWeb"]}	2017-03-10 07:07:35Z	4458801865917
I-vigil.vshost.exe	Information	0	10/03/2017 12:51:56 : Starting Ivigil Client Application.....DateTime :03/10/2017 12:51:56.227 PM	2017-03-10 07:21:56Z	4461402981730
I-vigil.vshost.exe	Information	0	10/03/2017 12:52:00 : Server TimeZone..=Central Standard Time	2017-03-10 07:22:00Z	4461414741340
I-vigil.vshost.exe	Information	0	10/03/2017 12:52:09 : Initializing CameraControl StartTime.. DateTime :03/10/2017 12:52:09.875 PM	2017-03-10 07:22:09Z	4461444151581
I-vigil.vshost.exe	Information	0	10/03/2017 12:52:09 : Initializing CameraControl EndTime.. DateTime :03/10/2017 12:52:09.895 PM	2017-03-10 07:22:09Z	4461444212836
I-vigil.vshost.exe	Information	0	10/03/2017 12:52:10 : Initializing CameraControl StartTime.. DateTime :03/10/2017 12:52:10.500 PM	2017-03-10 07:22:10Z	4461446039543
I-vigil.vshost.exe	Information	0	10/03/2017 12:52:10 : Initializing CameraControl EndTime.. DateTime :03/10/2017 12:52:10.505 PM	2017-03-10 07:22:10Z	4461446052301
I-vigil.vshost.exe	Information	0	10/03/2017 12:52:31 : RefreshCalendarEventTimeList - no calendar event list	2017-03-10 07:22:31Z	4461510947233
I-vigil.vshost.exe	Information	0	10/03/2017 12:53:08 : Url - http://aws0002.pro-vigil.info:8090/pro-vigil//CameraService?event=getForeGroundAnalysis&cameraid=Camera10
Response - {"foreGroundAnalysis":""}	2017-03-10 07:23:08Z	4461622236113
I-vigil.vshost.exe	Information	0	10/03/2017 13:07:54 : Starting Ivigil Client Application.....DateTime :03/10/2017 01:07:54.829 PM	2017-03-10 07:37:54Z	4464298293543
I-vigil.vshost.exe	Information	0	10/03/2017 13:07:58 : Server TimeZone..=Central Standard Time	2017-03-10 07:37:58Z	4464309982868
I-vigil.vshost.exe	Information	0	10/03/2017 13:08:07 : Initializing CameraControl StartTime.. DateTime :03/10/2017 01:08:07.727 PM	2017-03-10 07:38:07Z	4464337199034
I-vigil.vshost.exe	Information	0	10/03/2017 13:08:07 : Initializing CameraControl EndTime.. DateTime :03/10/2017 01:08:07.746 PM	2017-03-10 07:38:07Z	4464337257400
I-vigil.vshost.exe	Information	0	10/03/2017 13:08:08 : Initializing CameraControl StartTime.. DateTime :03/10/2017 01:08:08.313 PM	2017-03-10 07:38:08Z	4464338968813
I-vigil.vshost.exe	Information	0	10/03/2017 13:08:08 : Initializing CameraControl EndTime.. DateTime :03/10/2017 01:08:08.318 PM	2017-03-10 07:38:08Z	4464338983056
I-vigil.vshost.exe	Information	0	10/03/2017 13:08:29 : RefreshCalendarEventTimeList - no calendar event list	2017-03-10 07:38:29Z	4464403973634
I-vigil.vshost.exe	Information	0	10/03/2017 13:20:48 : Url - http://aws0002.pro-vigil.info:8090/pro-vigil//CameraService?event=getForeGroundAnalysis&cameraid=Camera117
Response - {"scale":5,"pdValue":1.0,"bucketSize":10,"pdf1":0.4,"pdf2":0.2,"pdf3":0.1,"timeOut":3600000,"falseTags":["Out of Bounds","Rain / Snow (Bad Weather)","Flapping,HangingObj","Animal, SpiderWeb"]}	2017-03-10 07:50:48Z	4466635268101
I-vigil.vshost.exe	Information	0	10/03/2017 13:30:06 : RefreshCalendarEventTimeList - no calendar event list	2017-03-10 08:00:06Z	4468320261445
I-vigil.vshost.exe	Information	0	10/03/2017 14:39:18 : Starting Ivigil Client Application.....DateTime :03/10/2017 02:39:18.303 PM	2017-03-10 09:09:18Z	4480847979894
I-vigil.vshost.exe	Information	0	10/03/2017 14:39:22 : Server TimeZone..=Central Standard Time	2017-03-10 09:09:22Z	4480859906747
I-vigil.vshost.exe	Information	0	10/03/2017 14:39:29 : Initializing CameraControl StartTime.. DateTime :03/10/2017 02:39:29.833 PM	2017-03-10 09:09:29Z	4480882759494
I-vigil.vshost.exe	Information	0	10/03/2017 14:39:29 : Initializing CameraControl EndTime.. DateTime :03/10/2017 02:39:29.856 PM	2017-03-10 09:09:29Z	4480882823909
I-vigil.vshost.exe	Information	0	10/03/2017 14:39:30 : Initializing CameraControl StartTime.. DateTime :03/10/2017 02:39:30.482 PM	2017-03-10 09:09:30Z	4480884712068
I-vigil.vshost.exe	Information	0	10/03/2017 14:39:30 : Initializing CameraControl EndTime.. DateTime :03/10/2017 02:39:30.486 PM	2017-03-10 09:09:30Z	4480884724787
I-vigil.vshost.exe	Information	0	10/03/2017 14:39:52 : RefreshCalendarEventTimeList - no calendar event list	2017-03-10 09:09:52Z	4480949756764
I-vigil.vshost.exe	Information	0	10/03/2017 14:40:46 : Exception In  MotionAnalytics_MotionAnalysis --> FillCameraList()..Object reference not set to an instance of an object.	2017-03-10 09:10:46Z	4481114292878
I-vigil.vshost.exe	Information	0	10/03/2017 14:57:32 : Starting Ivigil Client Application.....DateTime :03/10/2017 02:57:32.105 PM	2017-03-10 09:27:32Z	4484151642075
I-vigil.vshost.exe	Information	0	10/03/2017 14:57:40 : Starting Ivigil Client Application.....DateTime :03/10/2017 02:57:40.460 PM	2017-03-10 09:27:40Z	4484176825097
I-vigil.vshost.exe	Information	0	10/03/2017 14:57:48 : Starting Ivigil Client Application.....DateTime :03/10/2017 02:57:48.931 PM	2017-03-10 09:27:48Z	4484202411907
I-vigil.vshost.exe	Information	0	10/03/2017 14:58:16 : Starting Ivigil Client Application.....DateTime :03/10/2017 02:58:16.794 PM	2017-03-10 09:28:16Z	4484286618242
I-vigil.vshost.exe	Information	0	10/03/2017 14:58:24 : Server TimeZone..=Central Standard Time	2017-03-10 09:28:24Z	4484310886565
I-vigil.vshost.exe	Information	0	10/03/2017 14:58:50 : Initializing CameraControl StartTime.. DateTime :03/10/2017 02:58:50.696 PM	2017-03-10 09:28:50Z	4484388962965
I-vigil.vshost.exe	Information	0	10/03/2017 14:58:50 : Initializing CameraControl EndTime.. DateTime :03/10/2017 02:58:50.716 PM	2017-03-10 09:28:50Z	4484389022106
I-vigil.vshost.exe	Information	0	10/03/2017 14:58:51 : Initializing CameraControl StartTime.. DateTime :03/10/2017 02:58:51.282 PM	2017-03-10 09:28:51Z	4484390735177
I-vigil.vshost.exe	Information	0	10/03/2017 14:58:51 : Initializing CameraControl EndTime.. DateTime :03/10/2017 02:58:51.287 PM	2017-03-10 09:28:51Z	4484390748830
I-vigil.vshost.exe	Information	0	10/03/2017 14:59:12 : RefreshCalendarEventTimeList - no calendar event list	2017-03-10 09:29:12Z	4484455754037
I-vigil.vshost.exe	Information	0	10/03/2017 14:59:50 : Exception In  MotionAnalytics_MotionAnalysis --> FillCameraList()..Object reference not set to an instance of an object.	2017-03-10 09:29:50Z	4484569813723
I-vigil.vshost.exe	Information	0	10/03/2017 15:16:41 : Starting Ivigil Client Application.....DateTime :03/10/2017 03:16:41.843 PM	2017-03-10 09:46:41Z	4487624326650
I-vigil.vshost.exe	Information	0	10/03/2017 15:16:45 : Server TimeZone..=Central Standard Time	2017-03-10 09:46:45Z	4487636035856
I-vigil.vshost.exe	Information	0	10/03/2017 15:16:56 : Initializing CameraControl StartTime.. DateTime :03/10/2017 03:16:56.754 PM	2017-03-10 09:46:56Z	4487669235052
I-vigil.vshost.exe	Information	0	10/03/2017 15:16:56 : Initializing CameraControl EndTime.. DateTime :03/10/2017 03:16:56.778 PM	2017-03-10 09:46:56Z	4487669308586
I-vigil.vshost.exe	Information	0	10/03/2017 15:16:57 : Initializing CameraControl StartTime.. DateTime :03/10/2017 03:16:57.368 PM	2017-03-10 09:46:57Z	4487671092392
I-vigil.vshost.exe	Information	0	10/03/2017 15:16:57 : Initializing CameraControl EndTime.. DateTime :03/10/2017 03:16:57.373 PM	2017-03-10 09:46:57Z	4487671105675
I-vigil.vshost.exe	Information	0	10/03/2017 15:17:18 : RefreshCalendarEventTimeList - no calendar event list	2017-03-10 09:47:18Z	4487736165959
I-vigil.vshost.exe	Information	0	10/03/2017 15:24:34 : Starting Ivigil Client Application.....DateTime :03/10/2017 03:24:34.667 PM	2017-03-10 09:54:34Z	4489052342556
I-vigil.vshost.exe	Information	0	10/03/2017 15:24:38 : Server TimeZone..=Central Standard Time	2017-03-10 09:54:38Z	4489064213304
I-vigil.vshost.exe	Information	0	10/03/2017 15:24:48 : Initializing CameraControl StartTime.. DateTime :03/10/2017 03:24:48.141 PM	2017-03-10 09:54:48Z	4489092990797
I-vigil.vshost.exe	Information	0	10/03/2017 15:24:48 : Initializing CameraControl EndTime.. DateTime :03/10/2017 03:24:48.161 PM	2017-03-10 09:54:48Z	4489093049380
I-vigil.vshost.exe	Information	0	10/03/2017 15:24:48 : Initializing CameraControl StartTime.. DateTime :03/10/2017 03:24:48.753 PM	2017-03-10 09:54:48Z	4489094839470
I-vigil.vshost.exe	Information	0	10/03/2017 15:24:48 : Initializing CameraControl EndTime.. DateTime :03/10/2017 03:24:48.758 PM	2017-03-10 09:54:48Z	4489094854219
I-vigil.vshost.exe	Information	0	10/03/2017 15:25:10 : RefreshCalendarEventTimeList - no calendar event list	2017-03-10 09:55:10Z	4489160019412
I-vigil.vshost.exe	Information	0	10/03/2017 15:26:21 : CameraId - Camera25, eventTime - 2017-03-10 02:56:15	2017-03-10 09:56:21Z	4489376183304
I-vigil.vshost.exe	Information	0	10/03/2017 15:26:47 : Escalate Event(Missed Escalation..	2017-03-10 09:56:47Z	4489452420090
I-vigil.vshost.exe	Information	0	10/03/2017 15:26:47 : [Camera25] - Current Event - 10/03/2017 02:56:15, Allow Auto Escalation = False	2017-03-10 09:56:47Z	4489452453417
I-vigil.vshost.exe	Information	0	10/03/2017 15:27:39 : Url - http://aws0002.pro-vigil.info:8090/pro-vigil//CameraService?event=getForeGroundAnalysis&cameraid=Camera115
Response - {"scale":5,"pdValue":1.0,"bucketSize":10,"pdf1":0.4,"pdf2":0.2,"pdf3":0.1,"timeOut":3600000,"falseTags":["Out of Bounds","Rain / Snow (Bad Weather)","Flapping,HangingObj","Animal, SpiderWeb"]}	2017-03-10 09:57:39Z	4489611115894
I-vigil.vshost.exe	Information	0	10/03/2017 15:28:22 : Url - http://aws0002.pro-vigil.info:8090/pro-vigil//CameraService?event=getForeGroundAnalysis&cameraid=Camera12
Response - {"scale":5,"pdValue":1.0,"bucketSize":10,"pdf1":0.4,"pdf2":0.2,"pdf3":0.1,"timeOut":3600000,"falseTags":["Out of Bounds","Rain / Snow (Bad Weather)","Flapping,HangingObj","Animal, SpiderWeb"]}	2017-03-10 09:58:22Z	4489740313018
I-vigil.vshost.exe	Information	0	10/03/2017 15:29:53 : Url - http://aws0002.pro-vigil.info:8090/pro-vigil//CameraService?event=getForeGroundAnalysis&cameraid=Camera129
Response - {"scale":5,"pdValue":1.0,"bucketSize":10,"pdf1":0.4,"pdf2":0.2,"pdf3":0.1,"timeOut":3600000,"falseTags":["Out of Bounds","Rain / Snow (Bad Weather)","Flapping,HangingObj","Animal, SpiderWeb"]}	2017-03-10 09:59:53Z	4490015711140
I-vigil.vshost.exe	Information	0	10/03/2017 15:31:16 : Url - http://aws0002.pro-vigil.info:8090/pro-vigil//CameraService?event=getForeGroundAnalysis&cameraid=Camera111
Response - {"scale":5,"pdValue":1.0,"bucketSize":10,"pdf1":0.4,"pdf2":0.2,"pdf3":0.1,"timeOut":3600000,"falseTags":["Out of Bounds","Rain / Snow (Bad Weather)","Flapping,HangingObj","Animal, SpiderWeb"]}	2017-03-10 10:01:16Z	4490266617619
I-vigil.vshost.exe	Information	0	10/03/2017 16:05:33 : Starting Ivigil Client Application.....DateTime :03/10/2017 04:05:33.729 PM	2017-03-10 10:35:33Z	4496479567351
I-vigil.vshost.exe	Information	0	10/03/2017 16:05:37 : Server TimeZone..=Central Standard Time	2017-03-10 10:35:37Z	4496492082065
I-vigil.vshost.exe	Information	0	10/03/2017 16:05:46 : Initializing CameraControl StartTime.. DateTime :03/10/2017 04:05:46.455 PM	2017-03-10 10:35:46Z	4496517952554
I-vigil.vshost.exe	Information	0	10/03/2017 16:05:46 : Initializing CameraControl EndTime.. DateTime :03/10/2017 04:05:46.477 PM	2017-03-10 10:35:46Z	4496518017107
I-vigil.vshost.exe	Information	0	10/03/2017 16:05:47 : Initializing CameraControl StartTime.. DateTime :03/10/2017 04:05:47.062 PM	2017-03-10 10:35:47Z	4496519786293
I-vigil.vshost.exe	Information	0	10/03/2017 16:05:47 : Initializing CameraControl EndTime.. DateTime :03/10/2017 04:05:47.066 PM	2017-03-10 10:35:47Z	4496519800047
I-vigil.vshost.exe	Information	0	10/03/2017 16:06:08 : Calendar Event for Waterfleet LLC
Subject - Site has been disarmed for 65 minutes - [10-03-2017 04:35 - 10-03-2017 05:40] EventStatus - Console Event, isDisabled - True	2017-03-10 10:36:08Z	4496584936037
I-vigil.vshost.exe	Information	0	10/03/2017 16:06:53 : Url - http://aws0002.pro-vigil.info:8090/pro-vigil//CameraService?event=getForeGroundAnalysis&cameraid=Camera117
Response - {"scale":5,"pdValue":1.0,"bucketSize":10,"pdf1":0.4,"pdf2":0.2,"pdf3":0.1,"timeOut":3600000,"falseTags":["Out of Bounds","Rain / Snow (Bad Weather)","Flapping,HangingObj","Animal, SpiderWeb"]}	2017-03-10 10:36:53Z	4496719241151
I-vigil.vshost.exe	Information	0	10/03/2017 16:07:52 : Url - http://aws0002.pro-vigil.info:8090/pro-vigil//CameraService?event=getForeGroundAnalysis&cameraid=Camera118
Response - {"scale":5,"pdValue":1.0,"bucketSize":10,"pdf1":0.4,"pdf2":0.2,"pdf3":0.1,"timeOut":3600000,"falseTags":["Out of Bounds","Rain / Snow (Bad Weather)","Flapping,HangingObj","Animal, SpiderWeb"]}	2017-03-10 10:37:52Z	4496899934960
I-vigil.vshost.exe	Information	0	10/03/2017 16:14:27 : Starting Ivigil Client Application.....DateTime :03/10/2017 04:14:27.024 PM	2017-03-10 10:44:27Z	4498090308892
I-vigil.vshost.exe	Information	0	10/03/2017 16:14:30 : Server TimeZone..=Central Standard Time	2017-03-10 10:44:30Z	4498101590886
I-vigil.vshost.exe	Information	0	10/03/2017 16:14:39 : Initializing CameraControl StartTime.. DateTime :03/10/2017 04:14:39.035 PM	2017-03-10 10:44:39Z	4498126528801
I-vigil.vshost.exe	Information	0	10/03/2017 16:14:39 : Initializing CameraControl EndTime.. DateTime :03/10/2017 04:14:39.055 PM	2017-03-10 10:44:39Z	4498126588386
I-vigil.vshost.exe	Information	0	10/03/2017 16:14:39 : Initializing CameraControl StartTime.. DateTime :03/10/2017 04:14:39.634 PM	2017-03-10 10:44:39Z	4498128340644
I-vigil.vshost.exe	Information	0	10/03/2017 16:14:39 : Initializing CameraControl EndTime.. DateTime :03/10/2017 04:14:39.639 PM	2017-03-10 10:44:39Z	4498128355027
I-vigil.vshost.exe	Information	0	10/03/2017 16:15:01 : Calendar Event for Waterfleet LLC
Subject - Site has been disarmed for 65 minutes - [10-03-2017 04:35 - 10-03-2017 05:40] EventStatus - Console Event, isDisabled - True	2017-03-10 10:45:01Z	4498193431214
I-vigil.vshost.exe	Information	0	10/03/2017 16:15:35 : Url - http://aws0002.pro-vigil.info:8090/pro-vigil//CameraService?event=getForeGroundAnalysis&cameraid=Camera115
Response - {"scale":5,"pdValue":1.0,"bucketSize":10,"pdf1":0.4,"pdf2":0.2,"pdf3":0.1,"timeOut":3600000,"falseTags":["Out of Bounds","Rain / Snow (Bad Weather)","Flapping,HangingObj","Animal, SpiderWeb"]}	2017-03-10 10:45:35Z	4498297480759
I-vigil.vshost.exe	Information	0	10/03/2017 16:16:54 : Starting Ivigil Client Application.....DateTime :03/10/2017 04:16:54.656 PM	2017-03-10 10:46:54Z	4498536206045
I-vigil.vshost.exe	Information	0	10/03/2017 16:16:58 : Server TimeZone..=Central Standard Time	2017-03-10 10:46:58Z	4498547685733
I-vigil.vshost.exe	Information	0	10/03/2017 16:17:06 : Initializing CameraControl StartTime.. DateTime :03/10/2017 04:17:06.428 PM	2017-03-10 10:47:06Z	4498571709502
I-vigil.vshost.exe	Information	0	10/03/2017 16:17:06 : Initializing CameraControl EndTime.. DateTime :03/10/2017 04:17:06.451 PM	2017-03-10 10:47:06Z	4498571780275
I-vigil.vshost.exe	Information	0	10/03/2017 16:17:07 : Initializing CameraControl StartTime.. DateTime :03/10/2017 04:17:07.030 PM	2017-03-10 10:47:07Z	4498573525296
I-vigil.vshost.exe	Information	0	10/03/2017 16:17:07 : Initializing CameraControl EndTime.. DateTime :03/10/2017 04:17:07.034 PM	2017-03-10 10:47:07Z	4498573538748
I-vigil.vshost.exe	Information	0	10/03/2017 16:17:28 : Calendar Event for Waterfleet LLC
Subject - Site has been disarmed for 65 minutes - [10-03-2017 04:35 - 10-03-2017 05:40] EventStatus - Console Event, isDisabled - True	2017-03-10 10:47:28Z	4498638507262
I-vigil.vshost.exe	Information	0	10/03/2017 16:18:21 : Url - http://aws0002.pro-vigil.info:8090/pro-vigil//CameraService?event=getForeGroundAnalysis&cameraid=Camera111
Response - {"scale":5,"pdValue":1.0,"bucketSize":10,"pdf1":0.4,"pdf2":0.2,"pdf3":0.1,"timeOut":3600000,"falseTags":["Out of Bounds","Rain / Snow (Bad Weather)","Flapping,HangingObj","Animal, SpiderWeb"]}	2017-03-10 10:48:21Z	4498798615356
I-vigil.vshost.exe	Information	0	10/03/2017 16:18:37 : Url - http://aws0002.pro-vigil.info:8090/pro-vigil//CameraService?event=setForeGroundAnalysis&cameraid=Camera111&fgAnalysis={"scale":5.0,"pdValue":1.0,"bucketSize":10.0,"pdf1":0.4,"pdf2":0.2,"pdf3":0.1,"timeOut":99,"fgAnalysischecked":false,"falseTags":["Animal, SpiderWeb","Rain / Snow (Bad Weather)"]}
Response - {"status":"success"}	2017-03-10 10:48:37Z	4498845597547
I-vigil.vshost.exe	Information	0	10/03/2017 16:22:23 : Starting Ivigil Client Application.....DateTime :03/10/2017 04:22:23.768 PM	2017-03-10 10:52:23Z	4499530238383
I-vigil.vshost.exe	Information	0	10/03/2017 16:22:27 : Server TimeZone..=Central Standard Time	2017-03-10 10:52:27Z	4499541871159
I-vigil.vshost.exe	Information	0	10/03/2017 16:22:35 : Initializing CameraControl StartTime.. DateTime :03/10/2017 04:22:35.962 PM	2017-03-10 10:52:35Z	4499567015063
I-vigil.vshost.exe	Information	0	10/03/2017 16:22:35 : Initializing CameraControl EndTime.. DateTime :03/10/2017 04:22:35.982 PM	2017-03-10 10:52:35Z	4499567075963
I-vigil.vshost.exe	Information	0	10/03/2017 16:22:36 : Initializing CameraControl StartTime.. DateTime :03/10/2017 04:22:36.558 PM	2017-03-10 10:52:36Z	4499568814032
I-vigil.vshost.exe	Information	0	10/03/2017 16:22:36 : Initializing CameraControl EndTime.. DateTime :03/10/2017 04:22:36.562 PM	2017-03-10 10:52:36Z	4499568829185
I-vigil.vshost.exe	Information	0	10/03/2017 16:22:58 : Calendar Event for Waterfleet LLC
Subject - Site has been disarmed for 65 minutes - [10-03-2017 04:35 - 10-03-2017 05:40] EventStatus - Console Event, isDisabled - True	2017-03-10 10:52:58Z	4499633868163
I-vigil.vshost.exe	Information	0	10/03/2017 16:24:31 : Url - http://aws0002.pro-vigil.info:8090/pro-vigil//CameraService?event=getForeGroundAnalysis&cameraid=Camera118
Response - {"scale":5,"pdValue":1.0,"bucketSize":10,"pdf1":0.4,"pdf2":0.2,"pdf3":0.1,"timeOut":3600000,"falseTags":["Out of Bounds","Rain / Snow (Bad Weather)","Flapping,HangingObj","Animal, SpiderWeb"]}	2017-03-10 10:54:31Z	4499915160849
I-vigil.vshost.exe	Information	0	10/03/2017 16:27:13 : Starting Ivigil Client Application.....DateTime :03/10/2017 04:27:13.698 PM	2017-03-10 10:57:13Z	4500405928237
I-vigil.vshost.exe	Information	0	10/03/2017 16:27:17 : Server TimeZone..=Central Standard Time	2017-03-10 10:57:17Z	4500417335775
I-vigil.vshost.exe	Information	0	10/03/2017 16:27:25 : Initializing CameraControl StartTime.. DateTime :03/10/2017 04:27:25.326 PM	2017-03-10 10:57:25Z	4500440994196
I-vigil.vshost.exe	Information	0	10/03/2017 16:27:25 : Initializing CameraControl EndTime.. DateTime :03/10/2017 04:27:25.347 PM	2017-03-10 10:57:25Z	4500441057493
I-vigil.vshost.exe	Information	0	10/03/2017 16:27:25 : Initializing CameraControl StartTime.. DateTime :03/10/2017 04:27:25.969 PM	2017-03-10 10:57:25Z	4500442937063
I-vigil.vshost.exe	Information	0	10/03/2017 16:27:25 : Initializing CameraControl EndTime.. DateTime :03/10/2017 04:27:25.977 PM	2017-03-10 10:57:25Z	4500442960898
I-vigil.vshost.exe	Information	0	10/03/2017 16:27:47 : Calendar Event for Waterfleet LLC
Subject - Site has been disarmed for 65 minutes - [10-03-2017 04:35 - 10-03-2017 05:40] EventStatus - Console Event, isDisabled - True	2017-03-10 10:57:47Z	4500507912315
I-vigil.vshost.exe	Information	0	10/03/2017 16:28:25 : Url - http://aws0002.pro-vigil.info:8090/pro-vigil//CameraService?event=getForeGroundAnalysis&cameraid=Camera115
Response - {"scale":5,"pdValue":1.0,"bucketSize":10,"pdf1":0.4,"pdf2":0.2,"pdf3":0.1,"timeOut":3600000,"falseTags":["Out of Bounds","Rain / Snow (Bad Weather)","Flapping,HangingObj","Animal, SpiderWeb"]}	2017-03-10 10:58:25Z	4500624180265
I-vigil.vshost.exe	Information	0	10/03/2017 16:28:36 : Url - http://aws0002.pro-vigil.info:8090/pro-vigil//CameraService?event=setForeGroundAnalysis&cameraid=Camera115&fgAnalysis={"scale":5.0,"pdValue":1.0,"bucketSize":10.0,"pdf1":0.4,"pdf2":0.2,"pdf3":0.1,"timeOut":99,"fgAnalysischecked":false,"falseTags":["Animal, SpiderWeb","Rain / Snow (Bad Weather)"]}
Response - {"status":"success"}	2017-03-10 10:58:36Z	4500654973156
I-vigil.vshost.exe	Information	0	10/03/2017 16:28:55 : Url - http://aws0002.pro-vigil.info:8090/pro-vigil//CameraService?event=getForeGroundAnalysis&cameraid=Camera115
Response - {"scale":5.0,"pdValue":1.0,"bucketSize":10.0,"pdf1":0.4,"pdf2":0.2,"pdf3":0.1,"timeOut":99,"fgAnalysischecked":false,"falseTags":["Animal, SpiderWeb","Rain / Snow (Bad Weather)"]}	2017-03-10 10:58:55Z	4500712166185
I-vigil.vshost.exe	Information	0	10/03/2017 16:29:11 : Url - http://aws0002.pro-vigil.info:8090/pro-vigil//CameraService?event=getForeGroundAnalysis&cameraid=Camera117
Response - {"scale":5,"pdValue":1.0,"bucketSize":10,"pdf1":0.4,"pdf2":0.2,"pdf3":0.1,"timeOut":3600000,"falseTags":["Out of Bounds","Rain / Snow (Bad Weather)","Flapping,HangingObj","Animal, SpiderWeb"]}	2017-03-10 10:59:11Z	4500762665466
I-vigil.vshost.exe	Information	0	10/03/2017 16:30:08 : Url - http://aws0002.pro-vigil.info:8090/pro-vigil//CameraService?event=getForeGroundAnalysis&cameraid=Camera118
Response - {"scale":5,"pdValue":1.0,"bucketSize":10,"pdf1":0.4,"pdf2":0.2,"pdf3":0.1,"timeOut":3600000,"falseTags":["Out of Bounds","Rain / Snow (Bad Weather)","Flapping,HangingObj","Animal, SpiderWeb"]}	2017-03-10 11:00:08Z	4500934934514
I-vigil.vshost.exe	Information	0	10/03/2017 16:31:27 : Url - http://aws0002.pro-vigil.info:8090/pro-vigil//CameraService?event=getForeGroundAnalysis&cameraid=Camera118
Response - {"scale":5,"pdValue":1.0,"bucketSize":10,"pdf1":0.4,"pdf2":0.2,"pdf3":0.1,"timeOut":3600000,"falseTags":["Out of Bounds","Rain / Snow (Bad Weather)","Flapping,HangingObj","Animal, SpiderWeb"]}	2017-03-10 11:01:27Z	4501171032881
I-vigil.vshost.exe	Information	0	10/03/2017 16:32:08 : Url - http://aws0002.pro-vigil.info:8090/pro-vigil//CameraService?event=getForeGroundAnalysis&cameraid=Camera12
Response - {"scale":5,"pdValue":1.0,"bucketSize":10,"pdf1":0.4,"pdf2":0.2,"pdf3":0.1,"timeOut":3600000,"falseTags":["Out of Bounds","Rain / Snow (Bad Weather)","Flapping,HangingObj","Animal, SpiderWeb"]}	2017-03-10 11:02:08Z	4501296025776
I-vigil.vshost.exe	Information	0	10/03/2017 16:33:07 : Url - http://aws0002.pro-vigil.info:8090/pro-vigil//CameraService?event=getForeGroundAnalysis&cameraid=Camera121
Response - {"scale":5,"pdValue":1.0,"bucketSize":10,"pdf1":0.4,"pdf2":0.2,"pdf3":0.1,"timeOut":3600000,"falseTags":["Out of Bounds","Rain / Snow (Bad Weather)","Flapping,HangingObj","Animal, SpiderWeb"]}	2017-03-10 11:03:07Z	4501475140182
I-vigil.vshost.exe	Information	0	10/03/2017 16:40:19 : Url - http://aws0002.pro-vigil.info:8090/pro-vigil//CameraService?event=getForeGroundAnalysis&cameraid=Camera118
Response - {"scale":5,"pdValue":1.0,"bucketSize":10,"pdf1":0.4,"pdf2":0.2,"pdf3":0.1,"timeOut":3600000,"falseTags":["Out of Bounds","Rain / Snow (Bad Weather)","Flapping,HangingObj","Animal, SpiderWeb"]}	2017-03-10 11:10:19Z	4502780611302
I-vigil.vshost.exe	Information	0	10/03/2017 16:40:35 : Url - http://aws0002.pro-vigil.info:8090/pro-vigil//CameraService?event=getForeGroundAnalysis&cameraid=Camera13
Response - {"foreGroundAnalysis":""}	2017-03-10 11:10:35Z	4502827312980
I-vigil.vshost.exe	Information	0	10/03/2017 16:41:37 : Url - http://aws0002.pro-vigil.info:8090/pro-vigil//CameraService?event=getForeGroundAnalysis&cameraid=Camera115
Response - {"scale":5.0,"pdValue":1.0,"bucketSize":10.0,"pdf1":0.4,"pdf2":0.2,"pdf3":0.1,"timeOut":99,"fgAnalysischecked":false,"falseTags":["Animal, SpiderWeb","Rain / Snow (Bad Weather)"]}	2017-03-10 11:11:37Z	4503015067264
I-vigil.vshost.exe	Information	0	10/03/2017 16:42:48 : Url - http://aws0002.pro-vigil.info:8090/pro-vigil//CameraService?event=getForeGroundAnalysis&cameraid=Camera122
Response - {"scale":5,"pdValue":1.0,"bucketSize":10,"pdf1":0.4,"pdf2":0.2,"pdf3":0.1,"timeOut":3600000,"falseTags":["Out of Bounds","Rain / Snow (Bad Weather)","Flapping,HangingObj","Animal, SpiderWeb"]}	2017-03-10 11:12:48Z	4503229700638
I-vigil.vshost.exe	Information	0	10/03/2017 16:42:48 : Calendar Event for Waterfleet LLC
Subject - Site has been disarmed for 65 minutes - [10-03-2017 04:35 - 10-03-2017 05:40] EventStatus - Console Event, isDisabled - True	2017-03-10 11:12:48Z	4503229764172
I-vigil.vshost.exe	Information	0	10/03/2017 16:43:21 : Url - http://aws0002.pro-vigil.info:8090/pro-vigil//CameraService?event=getForeGroundAnalysis&cameraid=Camera121
Response - {"scale":5,"pdValue":1.0,"bucketSize":10,"pdf1":0.4,"pdf2":0.2,"pdf3":0.1,"timeOut":3600000,"falseTags":["Out of Bounds","Rain / Snow (Bad Weather)","Flapping,HangingObj","Animal, SpiderWeb"]}	2017-03-10 11:13:21Z	4503328761956
I-vigil.vshost.exe	Information	0	10/03/2017 16:44:49 : Url - http://aws0002.pro-vigil.info:8090/pro-vigil//CameraService?event=setForeGroundAnalysis&cameraid=Camera121&fgAnalysis={"scale":5.0,"pdValue":1.0,"bucketSize":10.0,"pdf1":0.4,"pdf2":0.2,"pdf3":0.1,"timeOut":99,"fgAnalysischecked":false,"falseTags":["Animal, SpiderWeb","Rain / Snow (Bad Weather)"]}
Response - {"status":"success"}	2017-03-10 11:14:49Z	4503595360388
I-vigil.vshost.exe	Information	0	10/03/2017 16:46:00 : Url - http://aws0002.pro-vigil.info:8090/pro-vigil//CameraService?event=getForeGroundAnalysis&cameraid=Camera121
Response - {"scale":5.0,"pdValue":1.0,"bucketSize":10.0,"pdf1":0.4,"pdf2":0.2,"pdf3":0.1,"timeOut":99,"fgAnalysischecked":false,"falseTags":["Animal, SpiderWeb","Rain / Snow (Bad Weather)"]}	2017-03-10 11:16:00Z	4503808335669
I-vigil.vshost.exe	Information	0	10/03/2017 16:49:35 : Url - http://aws0002.pro-vigil.info:8090/pro-vigil//CameraService?event=getForeGroundAnalysis&cameraid=Camera115
Response - {"scale":5.0,"pdValue":1.0,"bucketSize":10.0,"pdf1":0.4,"pdf2":0.2,"pdf3":0.1,"timeOut":99,"fgAnalysischecked":false,"falseTags":["Animal, SpiderWeb","Rain / Snow (Bad Weather)"]}	2017-03-10 11:19:35Z	4504457885716
I-vigil.vshost.exe	Information	0	10/03/2017 16:49:50 : Url - http://aws0002.pro-vigil.info:8090/pro-vigil//CameraService?event=getForeGroundAnalysis&cameraid=Camera111
Response - {"scale":5.0,"pdValue":1.0,"bucketSize":10.0,"pdf1":0.4,"pdf2":0.2,"pdf3":0.1,"timeOut":99,"fgAnalysischecked":false,"falseTags":["Animal, SpiderWeb","Rain / Snow (Bad Weather)"]}	2017-03-10 11:19:50Z	4504503925427
I-vigil.vshost.exe	Information	0	10/03/2017 16:53:38 : Url - http://aws0002.pro-vigil.info:8090/pro-vigil//CameraService?event=getForeGroundAnalysis&cameraid=Camera115
Response - {"scale":5.0,"pdValue":1.0,"bucketSize":10.0,"pdf1":0.4,"pdf2":0.2,"pdf3":0.1,"timeOut":99,"fgAnalysischecked":false,"falseTags":["Animal, SpiderWeb","Rain / Snow (Bad Weather)"]}	2017-03-10 11:23:38Z	4505192023116
I-vigil.vshost.exe	Information	0	10/03/2017 16:57:06 : Starting Ivigil Client Application.....DateTime :03/10/2017 04:57:06.531 PM	2017-03-10 11:27:06Z	4505820906720
I-vigil.vshost.exe	Information	0	10/03/2017 16:57:10 : Server TimeZone..=Central Standard Time	2017-03-10 11:27:10Z	4505832559355
I-vigil.vshost.exe	Information	0	10/03/2017 16:57:22 : Initializing CameraControl StartTime.. DateTime :03/10/2017 04:57:22.905 PM	2017-03-10 11:27:22Z	4505870309909
I-vigil.vshost.exe	Information	0	10/03/2017 16:57:22 : Initializing CameraControl EndTime.. DateTime :03/10/2017 04:57:22.927 PM	2017-03-10 11:27:22Z	4505870379276
I-vigil.vshost.exe	Information	0	10/03/2017 16:57:23 : Initializing CameraControl StartTime.. DateTime :03/10/2017 04:57:23.507 PM	2017-03-10 11:27:23Z	4505872128363
I-vigil.vshost.exe	Information	0	10/03/2017 16:57:23 : Initializing CameraControl EndTime.. DateTime :03/10/2017 04:57:23.512 PM	2017-03-10 11:27:23Z	4505872143995
I-vigil.vshost.exe	Information	0	10/03/2017 16:57:45 : Calendar Event for Waterfleet LLC
Subject - Site has been disarmed for 65 minutes - [10-03-2017 04:35 - 10-03-2017 05:40] EventStatus - Console Event, isDisabled - True	2017-03-10 11:27:45Z	4505937200134
I-vigil.vshost.exe	Information	0	10/03/2017 16:58:17 : CameraId - Camera25, eventTime - 2017-03-10 04:28:15	2017-03-10 11:28:17Z	4506033897954
I-vigil.vshost.exe	Information	0	10/03/2017 16:58:42 : Url - http://aws0002.pro-vigil.info:8090/pro-vigil//CameraService?event=getForeGroundAnalysis&cameraid=Camera1
Response - {"scale":5.0,"pdValue":1.0,"bucketSize":10.0,"pdf1":0.4,"pdf2":0.2,"pdf3":0.1,"timeOut":99,"fgAnalysischecked":false,"falseTags":["Animal, SpiderWeb","Rain / Snow (Bad Weather)"]}	2017-03-10 11:28:42Z	4506110136846
I-vigil.vshost.exe	Information	0	10/03/2017 17:01:23 : Starting Ivigil Client Application.....DateTime :03/10/2017 05:01:23.011 PM	2017-03-10 11:31:23Z	4506595565319
I-vigil.vshost.exe	Information	0	10/03/2017 17:01:26 : Server TimeZone..=Central Standard Time	2017-03-10 11:31:26Z	4506606985301
I-vigil.vshost.exe	Information	0	10/03/2017 17:01:41 : Initializing CameraControl StartTime.. DateTime :03/10/2017 05:01:41.798 PM	2017-03-10 11:31:41Z	4506652254853
I-vigil.vshost.exe	Information	0	10/03/2017 17:01:41 : Initializing CameraControl EndTime.. DateTime :03/10/2017 05:01:41.817 PM	2017-03-10 11:31:41Z	4506652311070
I-vigil.vshost.exe	Information	0	10/03/2017 17:01:42 : Initializing CameraControl StartTime.. DateTime :03/10/2017 05:01:42.420 PM	2017-03-10 11:31:42Z	4506654135852
I-vigil.vshost.exe	Information	0	10/03/2017 17:01:42 : Initializing CameraControl EndTime.. DateTime :03/10/2017 05:01:42.425 PM	2017-03-10 11:31:42Z	4506654149405
I-vigil.vshost.exe	Information	0	10/03/2017 17:02:03 : Calendar Event for Waterfleet LLC
Subject - Site has been disarmed for 65 minutes - [10-03-2017 04:35 - 10-03-2017 05:40] EventStatus - Console Event, isDisabled - True	2017-03-10 11:32:03Z	4506719273792
I-vigil.vshost.exe	Information	0	10/03/2017 17:02:52 : CameraId - Camera25, eventTime - 2017-03-10 04:32:45	2017-03-10 11:32:52Z	4506864482812
I-vigil.vshost.exe	Information	0	10/03/2017 17:03:20 : Escalate Event(Missed Escalation..	2017-03-10 11:33:20Z	4506948913250
I-vigil.vshost.exe	Information	0	10/03/2017 17:03:20 : [Camera25] - Current Event - 10/03/2017 04:32:45, Allow Auto Escalation = False	2017-03-10 11:33:20Z	4506948932393
I-vigil.vshost.exe	Information	0	10/03/2017 17:04:44 : Url - http://aws0002.pro-vigil.info:8090/pro-vigil//CameraService?event=getForeGroundAnalysis&cameraid=Camera117
Response - {"scale":5,"pdValue":1.0,"bucketSize":10,"pdf1":0.4,"pdf2":0.2,"pdf3":0.1,"timeOut":3600000,"falseTags":["Out of Bounds","Rain / Snow (Bad Weather)","Flapping,HangingObj","Animal, SpiderWeb"]}	2017-03-10 11:34:44Z	4507204027508
I-vigil.vshost.exe	Information	0	10/03/2017 17:14:46 : Starting Ivigil Client Application.....DateTime :03/10/2017 05:14:46.156 PM	2017-03-10 11:44:46Z	4509021346313
I-vigil.vshost.exe	Information	0	10/03/2017 17:14:50 : Server TimeZone..=Central Standard Time	2017-03-10 11:44:50Z	4509034425813
I-vigil.vshost.exe	Information	0	10/03/2017 17:15:04 : Initializing CameraControl StartTime.. DateTime :03/10/2017 05:15:04.267 PM	2017-03-10 11:45:04Z	4509075994578
I-vigil.vshost.exe	Information	0	10/03/2017 17:15:04 : Initializing CameraControl EndTime.. DateTime :03/10/2017 05:15:04.289 PM	2017-03-10 11:45:04Z	4509076061753
I-vigil.vshost.exe	Information	0	10/03/2017 17:15:05 : Initializing CameraControl StartTime.. DateTime :03/10/2017 05:15:05.061 PM	2017-03-10 11:45:05Z	4509078392380
I-vigil.vshost.exe	Information	0	10/03/2017 17:15:05 : Initializing CameraControl EndTime.. DateTime :03/10/2017 05:15:05.066 PM	2017-03-10 11:45:05Z	4509078406563
I-vigil.vshost.exe	Information	0	10/03/2017 17:15:26 : RefreshCalendarEventTimeList - no calendar event list	2017-03-10 11:45:26Z	4509144102686
I-vigil.vshost.exe	Information	0	10/03/2017 17:19:02 : Url - http://aws0002.pro-vigil.info:8090/pro-vigil//CameraService?event=getForeGroundAnalysis&cameraid=Camera111
Response - {"scale":5.0,"pdValue":1.0,"bucketSize":10.0,"pdf1":0.4,"pdf2":0.2,"pdf3":0.1,"timeOut":99,"fgAnalysischecked":false,"falseTags":["Animal, SpiderWeb","Rain / Snow (Bad Weather)"]}	2017-03-10 11:49:02Z	4509796368944
I-vigil.vshost.exe	Information	0	10/03/2017 17:20:18 : Url - http://aws0002.pro-vigil.info:8090/pro-vigil//CameraService?event=getForeGroundAnalysis&cameraid=Camera115
Response - {"scale":5.0,"pdValue":1.0,"bucketSize":10.0,"pdf1":0.4,"pdf2":0.2,"pdf3":0.1,"timeOut":99,"fgAnalysischecked":false,"falseTags":["Animal, SpiderWeb","Rain / Snow (Bad Weather)"]}	2017-03-10 11:50:18Z	4510025791337
I-vigil.vshost.exe	Information	0	10/03/2017 17:25:37 : Starting Ivigil Client Application.....DateTime :03/10/2017 05:25:37.381 PM	2017-03-10 11:55:37Z	4510988268438
I-vigil.vshost.exe	Information	0	10/03/2017 17:25:41 : Server TimeZone..=Central Standard Time	2017-03-10 11:55:41Z	4511000219665
I-vigil.vshost.exe	Information	0	10/03/2017 17:25:52 : Initializing CameraControl StartTime.. DateTime :03/10/2017 05:25:52.094 PM	2017-03-10 11:55:52Z	4511032656511
I-vigil.vshost.exe	Information	0	10/03/2017 17:25:52 : Initializing CameraControl EndTime.. DateTime :03/10/2017 05:25:52.113 PM	2017-03-10 11:55:52Z	4511032713467
I-vigil.vshost.exe	Information	0	10/03/2017 17:25:52 : Initializing CameraControl StartTime.. DateTime :03/10/2017 05:25:52.692 PM	2017-03-10 11:55:52Z	4511034460684
I-vigil.vshost.exe	Information	0	10/03/2017 17:25:52 : Initializing CameraControl EndTime.. DateTime :03/10/2017 05:25:52.696 PM	2017-03-10 11:55:52Z	4511034474098
I-vigil.vshost.exe	Information	0	10/03/2017 17:26:14 : RefreshCalendarEventTimeList - no calendar event list	2017-03-10 11:56:14Z	4511099596063
I-vigil.vshost.exe	Information	0	10/03/2017 17:26:57 : Url - http://aws0002.pro-vigil.info:8090/pro-vigil//CameraService?event=getForeGroundAnalysis&cameraid=Camera11
Response - {"scale":5,"pdValue":1.0,"bucketSize":10,"pdf1":0.4,"pdf2":0.2,"pdf3":0.1,"timeOut":3600000,"falseTags":["Out of Bounds","Rain / Snow (Bad Weather)","Flapping,HangingObj","Animal, SpiderWeb"]}	2017-03-10 11:56:57Z	4511230083185
I-vigil.vshost.exe	Information	0	10/03/2017 17:27:17 : Url - http://aws0002.pro-vigil.info:8090/pro-vigil//CameraService?event=getForeGroundAnalysis&cameraid=Camera11
Response - {"scale":5,"pdValue":1.0,"bucketSize":10,"pdf1":0.4,"pdf2":0.2,"pdf3":0.1,"timeOut":3600000,"falseTags":["Out of Bounds","Rain / Snow (Bad Weather)","Flapping,HangingObj","Animal, SpiderWeb"]}	2017-03-10 11:57:17Z	4511289866169
I-vigil.vshost.exe	Information	0	10/03/2017 17:28:10 : Url - http://aws0002.pro-vigil.info:8090/pro-vigil//CameraService?event=getForeGroundAnalysis&cameraid=Camera11
Response - {"scale":5,"pdValue":1.0,"bucketSize":10,"pdf1":0.4,"pdf2":0.2,"pdf3":0.1,"timeOut":3600000,"falseTags":["Out of Bounds","Rain / Snow (Bad Weather)","Flapping,HangingObj","Animal, SpiderWeb"]}	2017-03-10 11:58:10Z	4511449952852
I-vigil.vshost.exe	Information	0	10/03/2017 17:31:32 : Url - http://aws0002.pro-vigil.info:8090/pro-vigil//CameraService?event=getForeGroundAnalysis&cameraid=Camera111
Response - {"scale":5.0,"pdValue":1.0,"bucketSize":10.0,"pdf1":0.4,"pdf2":0.2,"pdf3":0.1,"timeOut":99,"fgAnalysischecked":false,"falseTags":["Animal, SpiderWeb","Rain / Snow (Bad Weather)"]}	2017-03-10 12:01:32Z	4512059543860
I-vigil.vshost.exe	Information	0	10/03/2017 17:41:15 : Calendar Event for Chapman Construction - The Colony P183
Subject - Site has been disarmed for 57 minutes - [10-03-2017 06:03 - 10-03-2017 07:00] EventStatus - Console Event, isDisabled - True	2017-03-10 12:11:15Z	4513821704561
I-vigil.vshost.exe	Information	0	10/03/2017 17:42:10 :    at I_vigil.Configuration.SiteSettings.FillSiteDetails() in D:\work\I-vigil\I-vigil\Configuration\SiteSettings.xaml.cs:line 188	2017-03-10 12:12:10Z	4513986320622
I-vigil.vshost.exe	Information	0	10/03/2017 17:56:15 : Calendar Event for Chapman Construction - The Colony P183
Subject - Site has been disarmed for 57 minutes - [10-03-2017 06:03 - 10-03-2017 07:00] EventStatus - Console Event, isDisabled - True	2017-03-10 12:26:15Z	4516539573875
I-vigil.vshost.exe	Information	0	10/03/2017 18:11:15 : Calendar Event for Chapman Construction - The Colony P183
Subject - Site has been disarmed for 57 minutes - [10-03-2017 06:03 - 10-03-2017 07:00] EventStatus - Console Event, isDisabled - True	2017-03-10 12:41:15Z	4519258247528
I-vigil.vshost.exe	Information	0	10/03/2017 18:26:15 : Calendar Event for Chapman Construction - The Colony P183
Subject - Site has been disarmed for 57 minutes - [10-03-2017 06:03 - 10-03-2017 07:00] EventStatus - Console Event, isDisabled - True	2017-03-10 12:56:15Z	4521976256277
I-vigil.vshost.exe	Information	0	10/03/2017 18:41:15 : RefreshCalendarEventTimeList - no calendar event list	2017-03-10 13:11:15Z	4524694675139
I-vigil.vshost.exe	Information	0	10/03/2017 18:56:15 : RefreshCalendarEventTimeList - no calendar event list	2017-03-10 13:26:15Z	4527413533856
