I-vigil.vshost.exe	Information	0	06/03/2017 17:16:39 : Starting Ivigil Client Application.....DateTime :03/06/2017 05:16:39.420 PM	2017-03-06 11:46:39Z	3465532396743
I-vigil.vshost.exe	Information	0	06/03/2017 17:16:44 : Server TimeZone..=Central Standard Time	2017-03-06 11:46:44Z	3465546392065
I-vigil.vshost.exe	Information	0	06/03/2017 17:16:53 : Initializing CameraControl StartTime.. DateTime :03/06/2017 05:16:53.145 PM	2017-03-06 11:46:53Z	3465573337584
I-vigil.vshost.exe	Information	0	06/03/2017 17:16:53 : Initializing CameraControl EndTime.. DateTime :03/06/2017 05:16:53.164 PM	2017-03-06 11:46:53Z	3465573395871
I-vigil.vshost.exe	Information	0	06/03/2017 17:16:53 : Initializing CameraControl StartTime.. DateTime :03/06/2017 05:16:53.817 PM	2017-03-06 11:46:53Z	3465575370865
I-vigil.vshost.exe	Information	0	06/03/2017 17:16:53 : Initializing CameraControl EndTime.. DateTime :03/06/2017 05:16:53.822 PM	2017-03-06 11:46:53Z	3465575385547
I-vigil.vshost.exe	Information	0	06/03/2017 17:17:15 : RefreshCalendarEventTimeList - no calendar event list	2017-03-06 11:47:15Z	3465641022305
I-vigil.vshost.exe	Information	0	06/03/2017 18:38:48 : Starting Ivigil Client Application.....DateTime :03/06/2017 06:38:48.286 PM	2017-03-06 13:08:48Z	3480418878212
I-vigil.vshost.exe	Information	0	06/03/2017 18:38:52 : Server TimeZone..=Central Standard Time	2017-03-06 13:08:52Z	3480430826159
I-vigil.vshost.exe	Information	0	06/03/2017 18:39:02 : Initializing CameraControl StartTime.. DateTime :03/06/2017 06:39:02.081 PM	2017-03-06 13:09:02Z	3480460440057
I-vigil.vshost.exe	Information	0	06/03/2017 18:39:02 : Initializing CameraControl EndTime.. DateTime :03/06/2017 06:39:02.098 PM	2017-03-06 13:09:02Z	3480460492420
I-vigil.vshost.exe	Information	0	06/03/2017 18:39:02 : Initializing CameraControl StartTime.. DateTime :03/06/2017 06:39:02.688 PM	2017-03-06 13:09:02Z	3480462277367
I-vigil.vshost.exe	Information	0	06/03/2017 18:39:02 : Initializing CameraControl EndTime.. DateTime :03/06/2017 06:39:02.693 PM	2017-03-06 13:09:02Z	3480462290903
I-vigil.vshost.exe	Information	0	06/03/2017 18:39:24 : RefreshCalendarEventTimeList - no calendar event list	2017-03-06 13:09:24Z	3480527174520
I-vigil.vshost.exe	Information	0	06/03/2017 18:41:41 : CameraId - Camera17, eventTime - 2017-03-06 06:11:50	2017-03-06 13:11:41Z	3480940512706
I-vigil.vshost.exe	Information	0	06/03/2017 18:42:11 : Escalate Event(Missed Escalation..	2017-03-06 13:12:11Z	3481031497789
I-vigil.vshost.exe	Information	0	06/03/2017 18:42:11 : [Camera17] - Current Event - 06/03/2017 06:11:50, Allow Auto Escalation = False	2017-03-06 13:12:11Z	3481031505772
I-vigil.vshost.exe	Information	0	06/03/2017 18:44:38 : Starting Ivigil Client Application.....DateTime :03/06/2017 06:44:38.043 PM	2017-03-06 13:14:38Z	3481475215383
I-vigil.vshost.exe	Information	0	06/03/2017 18:44:41 : Server TimeZone..=Central Standard Time	2017-03-06 13:14:41Z	3481487079195
I-vigil.vshost.exe	Information	0	06/03/2017 18:44:53 : Initializing CameraControl StartTime.. DateTime :03/06/2017 06:44:53.122 PM	2017-03-06 13:14:53Z	3481520706040
I-vigil.vshost.exe	Information	0	06/03/2017 18:44:53 : Initializing CameraControl EndTime.. DateTime :03/06/2017 06:44:53.136 PM	2017-03-06 13:14:53Z	3481520749089
I-vigil.vshost.exe	Information	0	06/03/2017 18:44:53 : Initializing CameraControl StartTime.. DateTime :03/06/2017 06:44:53.724 PM	2017-03-06 13:14:53Z	3481522526768
I-vigil.vshost.exe	Information	0	06/03/2017 18:44:53 : Initializing CameraControl EndTime.. DateTime :03/06/2017 06:44:53.729 PM	2017-03-06 13:14:53Z	3481522540403
I-vigil.vshost.exe	Information	0	06/03/2017 18:45:15 : RefreshCalendarEventTimeList - no calendar event list	2017-03-06 13:15:15Z	3481587479346
