I-vigil.vshost.exe	Information	0	08/03/2017 11:35:47 : Starting Ivigil Client Application.....DateTime :03/08/2017 11:35:47.255 AM	2017-03-08 06:05:47Z	3925659779381
I-vigil.vshost.exe	Information	0	08/03/2017 11:35:51 : Server TimeZone..=Central Standard Time	2017-03-08 06:05:51Z	3925672913254
I-vigil.vshost.exe	Information	0	08/03/2017 11:36:02 : Initializing CameraControl StartTime.. DateTime :03/08/2017 11:36:02.951 AM	2017-03-08 06:06:02Z	3925707136780
I-vigil.vshost.exe	Information	0	08/03/2017 11:36:02 : Initializing CameraControl EndTime.. DateTime :03/08/2017 11:36:02.970 AM	2017-03-08 06:06:02Z	3925707194530
I-vigil.vshost.exe	Information	0	08/03/2017 11:36:03 : Initializing CameraControl StartTime.. DateTime :03/08/2017 11:36:03.612 AM	2017-03-08 06:06:03Z	3925709133398
I-vigil.vshost.exe	Information	0	08/03/2017 11:36:03 : Initializing CameraControl EndTime.. DateTime :03/08/2017 11:36:03.616 AM	2017-03-08 06:06:03Z	3925709148230
I-vigil.vshost.exe	Information	0	08/03/2017 11:36:25 : Calendar Event for Chapman Construction - The Colony P183
Subject - Planned Site Activity From Console - [07-03-2017 08:11 - 08-03-2017 07:00] EventStatus - Console Event, isDisabled - True	2017-03-08 06:06:25Z	3925774442896
I-vigil.vshost.exe	Information	0	08/03/2017 11:36:25 : Calendar Event for Luxury Sport Auto - 7325 SW Bonita Rd
Subject - Site has been disarmed for 1560 minutes - [07-03-2017 19:02 - 08-03-2017 21:02] EventStatus - Console Event, isDisabled - True	2017-03-08 06:06:25Z	3925774446639
I-vigil.vshost.exe	Information	0	08/03/2017 11:36:25 : Calendar Event for Waterfleet LLC
Subject - Site has been disarmed for 90 minutes - [07-03-2017 23:01 - 08-03-2017 00:31] EventStatus - Console Event, isDisabled - True	2017-03-08 06:06:25Z	3925774450386
I-vigil.vshost.exe	Information	0	08/03/2017 11:52:14 : Starting Ivigil Client Application.....DateTime :03/08/2017 11:52:14.140 AM	2017-03-08 06:22:14Z	3928640531953
I-vigil.vshost.exe	Information	0	08/03/2017 11:52:17 : Server TimeZone..=Central Standard Time	2017-03-08 06:22:17Z	3928651701090
I-vigil.vshost.exe	Information	0	08/03/2017 11:52:28 : Initializing CameraControl StartTime.. DateTime :03/08/2017 11:52:28.698 AM	2017-03-08 06:22:28Z	3928684473905
I-vigil.vshost.exe	Information	0	08/03/2017 11:52:28 : Initializing CameraControl EndTime.. DateTime :03/08/2017 11:52:28.729 AM	2017-03-08 06:22:28Z	3928684534702
I-vigil.vshost.exe	Information	0	08/03/2017 11:52:29 : Initializing CameraControl StartTime.. DateTime :03/08/2017 11:52:29.296 AM	2017-03-08 06:22:29Z	3928686245173
I-vigil.vshost.exe	Information	0	08/03/2017 11:52:29 : Initializing CameraControl EndTime.. DateTime :03/08/2017 11:52:29.298 AM	2017-03-08 06:22:29Z	3928686259116
I-vigil.vshost.exe	Information	0	08/03/2017 11:52:50 : Calendar Event for Chapman Construction - The Colony P183
Subject - Planned Site Activity From Console - [07-03-2017 08:11 - 08-03-2017 07:00] EventStatus - Console Event, isDisabled - True	2017-03-08 06:22:50Z	3928751393500
I-vigil.vshost.exe	Information	0	08/03/2017 11:52:50 : Calendar Event for Luxury Sport Auto - 7325 SW Bonita Rd
Subject - Site has been disarmed for 1560 minutes - [07-03-2017 19:02 - 08-03-2017 21:02] EventStatus - Console Event, isDisabled - True	2017-03-08 06:22:50Z	3928751396949
I-vigil.vshost.exe	Information	0	08/03/2017 11:52:50 : Calendar Event for Waterfleet LLC
Subject - Site has been disarmed for 90 minutes - [07-03-2017 23:01 - 08-03-2017 00:31] EventStatus - Console Event, isDisabled - True	2017-03-08 06:22:50Z	3928751400201
I-vigil.vshost.exe	Information	0	08/03/2017 12:08:32 : Starting Ivigil Client Application.....DateTime :03/08/2017 12:08:32.424 PM	2017-03-08 06:38:32Z	3931588045678
I-vigil.vshost.exe	Information	0	08/03/2017 12:08:36 : Server TimeZone..=Central Standard Time	2017-03-08 06:38:36Z	3931599618210
I-vigil.vshost.exe	Information	0	08/03/2017 12:08:46 : Initializing CameraControl StartTime.. DateTime :03/08/2017 12:08:46.688 PM	2017-03-08 06:38:46Z	3931630892042
I-vigil.vshost.exe	Information	0	08/03/2017 12:08:46 : Initializing CameraControl EndTime.. DateTime :03/08/2017 12:08:46.747 PM	2017-03-08 06:38:46Z	3931631073155
I-vigil.vshost.exe	Information	0	08/03/2017 12:08:47 : Initializing CameraControl StartTime.. DateTime :03/08/2017 12:08:47.293 PM	2017-03-08 06:38:47Z	3931632718446
I-vigil.vshost.exe	Information	0	08/03/2017 12:08:47 : Initializing CameraControl EndTime.. DateTime :03/08/2017 12:08:47.297 PM	2017-03-08 06:38:47Z	3931632732530
I-vigil.vshost.exe	Information	0	08/03/2017 12:09:08 : Calendar Event for Chapman Construction - The Colony P183
Subject - Planned Site Activity From Console - [07-03-2017 08:11 - 08-03-2017 07:00] EventStatus - Console Event, isDisabled - True	2017-03-08 06:39:08Z	3931697541104
I-vigil.vshost.exe	Information	0	08/03/2017 12:09:08 : Calendar Event for Luxury Sport Auto - 7325 SW Bonita Rd
Subject - Site has been disarmed for 1560 minutes - [07-03-2017 19:02 - 08-03-2017 21:02] EventStatus - Console Event, isDisabled - True	2017-03-08 06:39:08Z	3931697544791
I-vigil.vshost.exe	Information	0	08/03/2017 12:12:16 : Starting Ivigil Client Application.....DateTime :03/08/2017 12:12:16.868 PM	2017-03-08 06:42:16Z	3932265772190
I-vigil.vshost.exe	Information	0	08/03/2017 12:12:20 : Server TimeZone..=Central Standard Time	2017-03-08 06:42:20Z	3932276989573
I-vigil.vshost.exe	Information	0	08/03/2017 12:12:31 : Initializing CameraControl StartTime.. DateTime :03/08/2017 12:12:31.353 PM	2017-03-08 06:42:31Z	3932309465846
I-vigil.vshost.exe	Information	0	08/03/2017 12:12:31 : Initializing CameraControl EndTime.. DateTime :03/08/2017 12:12:31.376 PM	2017-03-08 06:42:31Z	3932309527643
I-vigil.vshost.exe	Information	0	08/03/2017 12:12:31 : Initializing CameraControl StartTime.. DateTime :03/08/2017 12:12:31.969 PM	2017-03-08 06:42:31Z	3932311348849
I-vigil.vshost.exe	Information	0	08/03/2017 12:12:31 : Initializing CameraControl EndTime.. DateTime :03/08/2017 12:12:31.969 PM	2017-03-08 06:42:31Z	3932311364540
I-vigil.vshost.exe	Information	0	08/03/2017 12:12:53 : Calendar Event for Chapman Construction - The Colony P183
Subject - Planned Site Activity From Console - [07-03-2017 08:11 - 08-03-2017 07:00] EventStatus - Console Event, isDisabled - True	2017-03-08 06:42:53Z	3932376241042
I-vigil.vshost.exe	Information	0	08/03/2017 12:12:53 : Calendar Event for Luxury Sport Auto - 7325 SW Bonita Rd
Subject - Site has been disarmed for 1560 minutes - [07-03-2017 19:02 - 08-03-2017 21:02] EventStatus - Console Event, isDisabled - True	2017-03-08 06:42:53Z	3932376245411
I-vigil.vshost.exe	Information	0	08/03/2017 12:21:15 : Starting Ivigil Client Application.....DateTime :03/08/2017 12:21:15.530 PM	2017-03-08 06:51:15Z	3933892705730
I-vigil.vshost.exe	Information	0	08/03/2017 12:21:19 : Server TimeZone..=Central Standard Time	2017-03-08 06:51:19Z	3933904296109
I-vigil.vshost.exe	Information	0	08/03/2017 12:21:30 : Initializing CameraControl StartTime.. DateTime :03/08/2017 12:21:30.388 PM	2017-03-08 06:51:30Z	3933937535740
I-vigil.vshost.exe	Information	0	08/03/2017 12:21:30 : Initializing CameraControl EndTime.. DateTime :03/08/2017 12:21:30.412 PM	2017-03-08 06:51:30Z	3933937606272
I-vigil.vshost.exe	Information	0	08/03/2017 12:21:31 : Initializing CameraControl StartTime.. DateTime :03/08/2017 12:21:31.106 PM	2017-03-08 06:51:31Z	3933939702314
I-vigil.vshost.exe	Information	0	08/03/2017 12:21:31 : Initializing CameraControl EndTime.. DateTime :03/08/2017 12:21:31.111 PM	2017-03-08 06:51:31Z	3933939716350
I-vigil.vshost.exe	Information	0	08/03/2017 12:21:52 : Calendar Event for Chapman Construction - The Colony P183
Subject - Planned Site Activity From Console - [07-03-2017 08:11 - 08-03-2017 07:00] EventStatus - Console Event, isDisabled - True	2017-03-08 06:51:52Z	3934004764827
I-vigil.vshost.exe	Information	0	08/03/2017 12:21:52 : Calendar Event for Luxury Sport Auto - 7325 SW Bonita Rd
Subject - Site has been disarmed for 1560 minutes - [07-03-2017 19:02 - 08-03-2017 21:02] EventStatus - Console Event, isDisabled - True	2017-03-08 06:51:52Z	3934004768179
I-vigil.vshost.exe	Information	0	08/03/2017 13:45:44 : Starting Ivigil Client Application.....DateTime :03/08/2017 01:45:44.801 PM	2017-03-08 08:15:44Z	3949203669957
I-vigil.vshost.exe	Information	0	08/03/2017 13:45:48 : Server TimeZone..=Central Standard Time	2017-03-08 08:15:48Z	3949215318967
I-vigil.vshost.exe	Information	0	08/03/2017 13:46:02 : Initializing CameraControl StartTime.. DateTime :03/08/2017 01:46:02.478 PM	2017-03-08 08:16:02Z	3949257012319
I-vigil.vshost.exe	Information	0	08/03/2017 13:46:02 : Initializing CameraControl EndTime.. DateTime :03/08/2017 01:46:02.499 PM	2017-03-08 08:16:02Z	3949257073627
I-vigil.vshost.exe	Information	0	08/03/2017 13:46:03 : Initializing CameraControl StartTime.. DateTime :03/08/2017 01:46:03.096 PM	2017-03-08 08:16:03Z	3949258877485
I-vigil.vshost.exe	Information	0	08/03/2017 13:46:03 : Initializing CameraControl EndTime.. DateTime :03/08/2017 01:46:03.101 PM	2017-03-08 08:16:03Z	3949258892294
I-vigil.vshost.exe	Information	0	08/03/2017 13:46:24 : Calendar Event for Chapman Construction - The Colony P183
Subject - Planned Site Activity From Console - [07-03-2017 08:11 - 08-03-2017 07:00] EventStatus - Console Event, isDisabled - True	2017-03-08 08:16:24Z	3949324005222
I-vigil.vshost.exe	Information	0	08/03/2017 13:46:24 : Calendar Event for Luxury Sport Auto - 7325 SW Bonita Rd
Subject - Site has been disarmed for 1560 minutes - [07-03-2017 19:02 - 08-03-2017 21:02] EventStatus - Console Event, isDisabled - True	2017-03-08 08:16:24Z	3949324008654
I-vigil.vshost.exe	Information	0	08/03/2017 15:21:45 : Starting Ivigil Client Application.....DateTime :03/08/2017 03:21:45.800 PM	2017-03-08 09:51:45Z	3966603894126
I-vigil.vshost.exe	Information	0	08/03/2017 15:21:49 : Server TimeZone..=Central Standard Time	2017-03-08 09:51:49Z	3966615606519
I-vigil.vshost.exe	Information	0	08/03/2017 15:21:58 : Initializing CameraControl StartTime.. DateTime :03/08/2017 03:21:58.804 PM	2017-03-08 09:51:58Z	3966643119513
I-vigil.vshost.exe	Information	0	08/03/2017 15:21:58 : Initializing CameraControl EndTime.. DateTime :03/08/2017 03:21:58.823 PM	2017-03-08 09:51:58Z	3966643173757
I-vigil.vshost.exe	Information	0	08/03/2017 15:21:59 : Initializing CameraControl StartTime.. DateTime :03/08/2017 03:21:59.406 PM	2017-03-08 09:51:59Z	3966644937089
I-vigil.vshost.exe	Information	0	08/03/2017 15:21:59 : Initializing CameraControl EndTime.. DateTime :03/08/2017 03:21:59.411 PM	2017-03-08 09:51:59Z	3966644951469
I-vigil.vshost.exe	Information	0	08/03/2017 15:22:20 : Calendar Event for Chapman Construction - The Colony P183
Subject - Planned Site Activity From Console - [07-03-2017 08:11 - 08-03-2017 07:00] EventStatus - Console Event, isDisabled - True	2017-03-08 09:52:20Z	3966709921670
I-vigil.vshost.exe	Information	0	08/03/2017 15:22:20 : Calendar Event for Luxury Sport Auto - 7325 SW Bonita Rd
Subject - Site has been disarmed for 1560 minutes - [07-03-2017 19:02 - 08-03-2017 21:02] EventStatus - Console Event, isDisabled - True	2017-03-08 09:52:20Z	3966709925117
I-vigil.vshost.exe	Information	0	08/03/2017 15:22:20 : Calendar Event for Waterfleet LLC
Subject - Site has been disarmed for 65 minutes - [08-03-2017 03:27 - 08-03-2017 04:32] EventStatus - Console Event, isDisabled - True	2017-03-08 09:52:20Z	3966709928545
I-vigil.vshost.exe	Information	0	08/03/2017 15:37:22 : Calendar Event for Chapman Construction - The Colony P183
Subject - Planned Site Activity From Console - [07-03-2017 08:11 - 08-03-2017 07:00] EventStatus - Console Event, isDisabled - True	2017-03-08 10:07:22Z	3969432018426
I-vigil.vshost.exe	Information	0	08/03/2017 15:37:22 : Calendar Event for Luxury Sport Auto - 7325 SW Bonita Rd
Subject - Site has been disarmed for 1560 minutes - [07-03-2017 19:02 - 08-03-2017 21:02] EventStatus - Console Event, isDisabled - True	2017-03-08 10:07:22Z	3969432034927
I-vigil.vshost.exe	Information	0	08/03/2017 15:37:22 : Calendar Event for Waterfleet LLC
Subject - Site has been disarmed for 65 minutes - [08-03-2017 03:27 - 08-03-2017 04:32] EventStatus - Console Event, isDisabled - True	2017-03-08 10:07:22Z	3969432056739
I-vigil.vshost.exe	Information	0	08/03/2017 15:38:00 : Starting Ivigil Client Application.....DateTime :03/08/2017 03:38:00.522 PM	2017-03-08 10:08:00Z	3969547891264
I-vigil.vshost.exe	Information	0	08/03/2017 15:38:04 : Server TimeZone..=Central Standard Time	2017-03-08 10:08:04Z	3969559427388
I-vigil.vshost.exe	Information	0	08/03/2017 15:38:15 : Initializing CameraControl StartTime.. DateTime :03/08/2017 03:38:15.424 PM	2017-03-08 10:08:15Z	3969592850186
I-vigil.vshost.exe	Information	0	08/03/2017 15:38:15 : Initializing CameraControl EndTime.. DateTime :03/08/2017 03:38:15.445 PM	2017-03-08 10:08:15Z	3969592914098
I-vigil.vshost.exe	Information	0	08/03/2017 15:38:16 : Initializing CameraControl StartTime.. DateTime :03/08/2017 03:38:16.021 PM	2017-03-08 10:08:16Z	3969594658734
I-vigil.vshost.exe	Information	0	08/03/2017 15:38:16 : Initializing CameraControl EndTime.. DateTime :03/08/2017 03:38:16.028 PM	2017-03-08 10:08:16Z	3969594673035
I-vigil.vshost.exe	Information	0	08/03/2017 15:38:37 : Calendar Event for Chapman Construction - The Colony P183
Subject - Planned Site Activity From Console - [07-03-2017 08:11 - 08-03-2017 07:00] EventStatus - Console Event, isDisabled - True	2017-03-08 10:08:37Z	3969659802993
I-vigil.vshost.exe	Information	0	08/03/2017 15:38:37 : Calendar Event for Luxury Sport Auto - 7325 SW Bonita Rd
Subject - Site has been disarmed for 1560 minutes - [07-03-2017 19:02 - 08-03-2017 21:02] EventStatus - Console Event, isDisabled - True	2017-03-08 10:08:37Z	3969659806446
I-vigil.vshost.exe	Information	0	08/03/2017 15:38:37 : Calendar Event for Waterfleet LLC
Subject - Site has been disarmed for 65 minutes - [08-03-2017 03:27 - 08-03-2017 04:32] EventStatus - Console Event, isDisabled - True	2017-03-08 10:08:37Z	3969659809783
I-vigil.vshost.exe	Information	0	08/03/2017 15:53:38 : Calendar Event for Chapman Construction - The Colony P183
Subject - Planned Site Activity From Console - [07-03-2017 08:11 - 08-03-2017 07:00] EventStatus - Console Event, isDisabled - True	2017-03-08 10:23:38Z	3972382013819
I-vigil.vshost.exe	Information	0	08/03/2017 15:53:38 : Calendar Event for Luxury Sport Auto - 7325 SW Bonita Rd
Subject - Site has been disarmed for 1560 minutes - [07-03-2017 19:02 - 08-03-2017 21:02] EventStatus - Console Event, isDisabled - True	2017-03-08 10:23:38Z	3972382022751
I-vigil.vshost.exe	Information	0	08/03/2017 15:53:38 : Calendar Event for Waterfleet LLC
Subject - Site has been disarmed for 65 minutes - [08-03-2017 03:27 - 08-03-2017 04:32] EventStatus - Console Event, isDisabled - True	2017-03-08 10:23:38Z	3972382027230
I-vigil.vshost.exe	Information	0	08/03/2017 16:14:08 : Starting Ivigil Client Application.....DateTime :03/08/2017 04:14:08.988 PM	2017-03-08 10:44:09Z	3976097416025
I-vigil.vshost.exe	Information	0	08/03/2017 16:14:12 : Server TimeZone..=Central Standard Time	2017-03-08 10:44:12Z	3976109068784
I-vigil.vshost.exe	Information	0	08/03/2017 16:14:23 : Initializing CameraControl StartTime.. DateTime :03/08/2017 04:14:23.851 PM	2017-03-08 10:44:23Z	3976142254941
I-vigil.vshost.exe	Information	0	08/03/2017 16:14:23 : Initializing CameraControl EndTime.. DateTime :03/08/2017 04:14:23.871 PM	2017-03-08 10:44:23Z	3976142315785
I-vigil.vshost.exe	Information	0	08/03/2017 16:14:24 : Initializing CameraControl StartTime.. DateTime :03/08/2017 04:14:24.453 PM	2017-03-08 10:44:24Z	3976144073150
I-vigil.vshost.exe	Information	0	08/03/2017 16:14:24 : Initializing CameraControl EndTime.. DateTime :03/08/2017 04:14:24.457 PM	2017-03-08 10:44:24Z	3976144086870
I-vigil.vshost.exe	Information	0	08/03/2017 16:14:46 : Calendar Event for Chapman Construction - The Colony P183
Subject - Planned Site Activity From Console - [07-03-2017 08:11 - 08-03-2017 07:00] EventStatus - Console Event, isDisabled - True	2017-03-08 10:44:46Z	3976209280603
I-vigil.vshost.exe	Information	0	08/03/2017 16:14:46 : Calendar Event for Luxury Sport Auto - 7325 SW Bonita Rd
Subject - Site has been disarmed for 1560 minutes - [07-03-2017 19:02 - 08-03-2017 21:02] EventStatus - Console Event, isDisabled - True	2017-03-08 10:44:46Z	3976209284243
I-vigil.vshost.exe	Information	0	08/03/2017 16:32:50 : Starting Ivigil Client Application.....DateTime :03/08/2017 04:32:50.742 PM	2017-03-08 11:02:50Z	3979485501885
I-vigil.vshost.exe	Information	0	08/03/2017 16:32:54 : Server TimeZone..=Central Standard Time	2017-03-08 11:02:54Z	3979498132056
I-vigil.vshost.exe	Information	0	08/03/2017 16:33:11 : Initializing CameraControl StartTime.. DateTime :03/08/2017 04:33:11.581 PM	2017-03-08 11:03:11Z	3979548394066
I-vigil.vshost.exe	Information	0	08/03/2017 16:33:11 : Initializing CameraControl EndTime.. DateTime :03/08/2017 04:33:11.601 PM	2017-03-08 11:03:11Z	3979548451569
I-vigil.vshost.exe	Information	0	08/03/2017 16:33:12 : Initializing CameraControl StartTime.. DateTime :03/08/2017 04:33:12.181 PM	2017-03-08 11:03:12Z	3979550205915
I-vigil.vshost.exe	Information	0	08/03/2017 16:33:12 : Initializing CameraControl EndTime.. DateTime :03/08/2017 04:33:12.186 PM	2017-03-08 11:03:12Z	3979550219930
I-vigil.vshost.exe	Information	0	08/03/2017 16:33:33 : Calendar Event for Chapman Construction - The Colony P183
Subject - Planned Site Activity From Console - [07-03-2017 08:11 - 08-03-2017 07:00] EventStatus - Console Event, isDisabled - True	2017-03-08 11:03:33Z	3979615339360
I-vigil.vshost.exe	Information	0	08/03/2017 16:33:33 : Calendar Event for Luxury Sport Auto - 7325 SW Bonita Rd
Subject - Site has been disarmed for 1560 minutes - [07-03-2017 19:02 - 08-03-2017 21:02] EventStatus - Console Event, isDisabled - True	2017-03-08 11:03:33Z	3979615342747
I-vigil.vshost.exe	Information	0	08/03/2017 16:39:12 : Starting Ivigil Client Application.....DateTime :03/08/2017 04:39:12.798 PM	2017-03-08 11:09:12Z	3980639443850
I-vigil.vshost.exe	Information	0	08/03/2017 16:39:16 : Server TimeZone..=Central Standard Time	2017-03-08 11:09:16Z	3980651423097
I-vigil.vshost.exe	Information	0	08/03/2017 16:39:27 : Initializing CameraControl StartTime.. DateTime :03/08/2017 04:39:27.587 PM	2017-03-08 11:09:27Z	3980684061409
I-vigil.vshost.exe	Information	0	08/03/2017 16:39:27 : Initializing CameraControl EndTime.. DateTime :03/08/2017 04:39:27.612 PM	2017-03-08 11:09:27Z	3980684136499
I-vigil.vshost.exe	Information	0	08/03/2017 16:39:28 : Initializing CameraControl StartTime.. DateTime :03/08/2017 04:39:28.170 PM	2017-03-08 11:09:28Z	3980685823605
I-vigil.vshost.exe	Information	0	08/03/2017 16:39:28 : Initializing CameraControl EndTime.. DateTime :03/08/2017 04:39:28.175 PM	2017-03-08 11:09:28Z	3980685837151
I-vigil.vshost.exe	Information	0	08/03/2017 16:39:49 : Calendar Event for Chapman Construction - The Colony P183
Subject - Planned Site Activity From Console - [07-03-2017 08:11 - 08-03-2017 07:00] EventStatus - Console Event, isDisabled - True	2017-03-08 11:09:49Z	3980750858752
I-vigil.vshost.exe	Information	0	08/03/2017 16:39:49 : Calendar Event for Luxury Sport Auto - 7325 SW Bonita Rd
Subject - Site has been disarmed for 1560 minutes - [07-03-2017 19:02 - 08-03-2017 21:02] EventStatus - Console Event, isDisabled - True	2017-03-08 11:09:49Z	3980750862150
I-vigil.vshost.exe	Information	0	08/03/2017 16:56:54 : Starting Ivigil Client Application.....DateTime :03/08/2017 04:56:54.712 PM	2017-03-08 11:26:54Z	3983846791304
I-vigil.vshost.exe	Information	0	08/03/2017 16:56:58 : Server TimeZone..=Central Standard Time	2017-03-08 11:26:58Z	3983858403018
I-vigil.vshost.exe	Information	0	08/03/2017 16:57:15 : Initializing CameraControl StartTime.. DateTime :03/08/2017 04:57:15.912 PM	2017-03-08 11:27:15Z	3983910774791
I-vigil.vshost.exe	Information	0	08/03/2017 16:57:15 : Initializing CameraControl EndTime.. DateTime :03/08/2017 04:57:15.931 PM	2017-03-08 11:27:15Z	3983910828661
I-vigil.vshost.exe	Information	0	08/03/2017 16:57:16 : Initializing CameraControl StartTime.. DateTime :03/08/2017 04:57:16.525 PM	2017-03-08 11:27:16Z	3983912627913
I-vigil.vshost.exe	Information	0	08/03/2017 16:57:16 : Initializing CameraControl EndTime.. DateTime :03/08/2017 04:57:16.530 PM	2017-03-08 11:27:16Z	3983912640734
I-vigil.vshost.exe	Information	0	08/03/2017 16:57:38 : Calendar Event for Chapman Construction - The Colony P183
Subject - Planned Site Activity From Console - [07-03-2017 08:11 - 08-03-2017 07:00] EventStatus - Console Event, isDisabled - True	2017-03-08 11:27:38Z	3983977671486
I-vigil.vshost.exe	Information	0	08/03/2017 16:57:38 : Calendar Event for Luxury Sport Auto - 7325 SW Bonita Rd
Subject - Site has been disarmed for 1560 minutes - [07-03-2017 19:02 - 08-03-2017 21:02] EventStatus - Console Event, isDisabled - True	2017-03-08 11:27:38Z	3983977674800
I-vigil.vshost.exe	Information	0	08/03/2017 16:57:38 : Calendar Event for Waterfleet LLC
Subject - Site has been disarmed for 45 minutes - [08-03-2017 05:20 - 08-03-2017 06:05] EventStatus - Console Event, isDisabled - True	2017-03-08 11:27:38Z	3983977677939
I-vigil.vshost.exe	Information	0	08/03/2017 17:09:56 : Starting Ivigil Client Application.....DateTime :03/08/2017 05:09:56.367 PM	2017-03-08 11:39:56Z	3986207656200
I-vigil.vshost.exe	Information	0	08/03/2017 17:10:00 : Server TimeZone..=Central Standard Time	2017-03-08 11:40:00Z	3986219463702
I-vigil.vshost.exe	Information	0	08/03/2017 17:10:13 : Initializing CameraControl StartTime.. DateTime :03/08/2017 05:10:13.475 PM	2017-03-08 11:40:13Z	3986259287053
I-vigil.vshost.exe	Information	0	08/03/2017 17:10:13 : Initializing CameraControl EndTime.. DateTime :03/08/2017 05:10:13.491 PM	2017-03-08 11:40:13Z	3986259331435
I-vigil.vshost.exe	Information	0	08/03/2017 17:10:14 : Initializing CameraControl StartTime.. DateTime :03/08/2017 05:10:14.060 PM	2017-03-08 11:40:14Z	3986261053615
I-vigil.vshost.exe	Information	0	08/03/2017 17:10:14 : Initializing CameraControl EndTime.. DateTime :03/08/2017 05:10:14.065 PM	2017-03-08 11:40:14Z	3986261067434
I-vigil.vshost.exe	Information	0	08/03/2017 17:10:35 : Calendar Event for Chapman Construction - The Colony P183
Subject - Planned Site Activity From Console - [07-03-2017 08:11 - 08-03-2017 07:00] EventStatus - Console Event, isDisabled - True	2017-03-08 11:40:35Z	3986325990920
I-vigil.vshost.exe	Information	0	08/03/2017 17:10:35 : Calendar Event for Luxury Sport Auto - 7325 SW Bonita Rd
Subject - Site has been disarmed for 1560 minutes - [07-03-2017 19:02 - 08-03-2017 21:02] EventStatus - Console Event, isDisabled - True	2017-03-08 11:40:35Z	3986325994627
I-vigil.vshost.exe	Information	0	08/03/2017 17:10:35 : Calendar Event for Waterfleet LLC
Subject - Site has been disarmed for 45 minutes - [08-03-2017 05:20 - 08-03-2017 06:05] EventStatus - Console Event, isDisabled - True	2017-03-08 11:40:35Z	3986325998370
I-vigil.vshost.exe	Information	0	08/03/2017 17:16:21 : Starting Ivigil Client Application.....DateTime :03/08/2017 05:16:21.108 PM	2017-03-08 11:46:21Z	3987369709233
I-vigil.vshost.exe	Information	0	08/03/2017 17:16:24 : Server TimeZone..=Central Standard Time	2017-03-08 11:46:24Z	3987381204836
I-vigil.vshost.exe	Information	0	08/03/2017 17:16:42 : Initializing CameraControl StartTime.. DateTime :03/08/2017 05:16:42.865 PM	2017-03-08 11:46:42Z	3987435379132
I-vigil.vshost.exe	Information	0	08/03/2017 17:16:42 : Initializing CameraControl EndTime.. DateTime :03/08/2017 05:16:42.886 PM	2017-03-08 11:46:42Z	3987435440427
I-vigil.vshost.exe	Information	0	08/03/2017 17:16:43 : Initializing CameraControl StartTime.. DateTime :03/08/2017 05:16:43.451 PM	2017-03-08 11:46:43Z	3987437148865
I-vigil.vshost.exe	Information	0	08/03/2017 17:16:43 : Initializing CameraControl EndTime.. DateTime :03/08/2017 05:16:43.456 PM	2017-03-08 11:46:43Z	3987437161988
I-vigil.vshost.exe	Information	0	08/03/2017 17:17:04 : Calendar Event for Chapman Construction - The Colony P183
Subject - Planned Site Activity From Console - [07-03-2017 08:11 - 08-03-2017 07:00] EventStatus - Console Event, isDisabled - True	2017-03-08 11:47:04Z	3987502106815
I-vigil.vshost.exe	Information	0	08/03/2017 17:17:04 : Calendar Event for Luxury Sport Auto - 7325 SW Bonita Rd
Subject - Site has been disarmed for 1560 minutes - [07-03-2017 19:02 - 08-03-2017 21:02] EventStatus - Console Event, isDisabled - True	2017-03-08 11:47:04Z	3987502110314
I-vigil.vshost.exe	Information	0	08/03/2017 17:17:04 : Calendar Event for Waterfleet LLC
Subject - Site has been disarmed for 45 minutes - [08-03-2017 05:20 - 08-03-2017 06:05] EventStatus - Console Event, isDisabled - True	2017-03-08 11:47:04Z	3987502113624
I-vigil.vshost.exe	Information	0	08/03/2017 17:17:45 : Url - http://aws0002.pro-vigil.info:8090/pro-vigil//CameraService?event=getForeGroundAnalysis&cameraid=Camera1
Response - {"scale":5,"pdValue":1.0,"bucketSize":10,"pdf1":0.4,"pdf2":0.2,"pdf3":0.1,"timeOut":3600000,"falseTags":["Out of Bounds","Rain / Snow (Bad Weather)","Flapping,HangingObj","Animal, SpiderWeb"]}	2017-03-08 11:47:45Z	3987624369751
I-vigil.vshost.exe	Information	0	08/03/2017 17:17:57 : Url - http://aws0002.pro-vigil.info:8090/pro-vigil//CameraService?event=getForeGroundAnalysis&cameraid=Camera134
Response - {"scale":5,"pdValue":1.0,"bucketSize":10,"pdf1":0.4,"pdf2":0.2,"pdf3":0.1,"timeOut":3600000,"falseTags":["Out of Bounds","Rain / Snow (Bad Weather)","Flapping,HangingObj","Animal, SpiderWeb"]}	2017-03-08 11:47:57Z	3987661503065
I-vigil.vshost.exe	Information	0	08/03/2017 17:18:24 : Url - http://aws0002.pro-vigil.info:8090/pro-vigil//CameraService?event=getForeGroundAnalysis&cameraid=Camera149
Response - {"scale":5,"pdValue":1.0,"bucketSize":10,"pdf1":0.4,"pdf2":0.2,"pdf3":0.1,"timeOut":3600000,"falseTags":["Out of Bounds","Rain / Snow (Bad Weather)","Flapping,HangingObj","Animal, SpiderWeb"]}	2017-03-08 11:48:24Z	3987741624137
I-vigil.vshost.exe	Information	0	08/03/2017 17:32:06 : Calendar Event for Chapman Construction - The Colony P183
Subject - Planned Site Activity From Console - [07-03-2017 08:11 - 08-03-2017 07:00] EventStatus - Console Event, isDisabled - True	2017-03-08 12:02:06Z	3990224415346
I-vigil.vshost.exe	Information	0	08/03/2017 17:32:06 : Calendar Event for Luxury Sport Auto - 7325 SW Bonita Rd
Subject - Site has been disarmed for 1560 minutes - [07-03-2017 19:02 - 08-03-2017 21:02] EventStatus - Console Event, isDisabled - True	2017-03-08 12:02:06Z	3990224435626
I-vigil.vshost.exe	Information	0	08/03/2017 17:32:06 : Calendar Event for Waterfleet LLC
Subject - Site has been disarmed for 45 minutes - [08-03-2017 05:20 - 08-03-2017 06:05] EventStatus - Console Event, isDisabled - True	2017-03-08 12:02:06Z	3990224451982
I-vigil.vshost.exe	Information	0	08/03/2017 17:47:06 : Calendar Event for Chapman Construction - The Colony P183
Subject - Planned Site Activity From Console - [07-03-2017 08:11 - 08-03-2017 07:00] EventStatus - Console Event, isDisabled - True	2017-03-08 12:17:06Z	3992942218480
I-vigil.vshost.exe	Information	0	08/03/2017 17:47:06 : Calendar Event for Luxury Sport Auto - 7325 SW Bonita Rd
Subject - Site has been disarmed for 1560 minutes - [07-03-2017 19:02 - 08-03-2017 21:02] EventStatus - Console Event, isDisabled - True	2017-03-08 12:17:06Z	3992942234367
I-vigil.vshost.exe	Information	0	08/03/2017 17:57:28 : Url - http://aws0002.pro-vigil.info:8090/pro-vigil//CameraService?event=getForeGroundAnalysis&cameraid=Camera168
Response - {"scale":5,"pdValue":1.0,"bucketSize":10,"pdf1":0.4,"pdf2":0.2,"pdf3":0.1,"timeOut":3600000,"falseTags":["Out of Bounds","Rain / Snow (Bad Weather)","Flapping,HangingObj","Animal, SpiderWeb"]}	2017-03-08 12:27:28Z	3994822513332
I-vigil.vshost.exe	Information	0	08/03/2017 17:59:19 : Starting Ivigil Client Application.....DateTime :03/08/2017 05:59:19.990 PM	2017-03-08 12:29:20Z	3995158834069
I-vigil.vshost.exe	Information	0	08/03/2017 17:59:23 : Server TimeZone..=Central Standard Time	2017-03-08 12:29:23Z	3995170235630
I-vigil.vshost.exe	Information	0	08/03/2017 17:59:33 : Initializing CameraControl StartTime.. DateTime :03/08/2017 05:59:33.847 PM	2017-03-08 12:29:33Z	3995200635483
I-vigil.vshost.exe	Information	0	08/03/2017 17:59:33 : Initializing CameraControl EndTime.. DateTime :03/08/2017 05:59:33.861 PM	2017-03-08 12:29:33Z	3995200680247
I-vigil.vshost.exe	Information	0	08/03/2017 17:59:34 : Initializing CameraControl StartTime.. DateTime :03/08/2017 05:59:34.441 PM	2017-03-08 12:29:34Z	3995202432544
I-vigil.vshost.exe	Information	0	08/03/2017 17:59:34 : Initializing CameraControl EndTime.. DateTime :03/08/2017 05:59:34.445 PM	2017-03-08 12:29:34Z	3995202446209
I-vigil.vshost.exe	Information	0	08/03/2017 17:59:56 : Calendar Event for Chapman Construction - The Colony P183
Subject - Planned Site Activity From Console - [07-03-2017 08:11 - 08-03-2017 07:00] EventStatus - Console Event, isDisabled - True	2017-03-08 12:29:56Z	3995267634728
I-vigil.vshost.exe	Information	0	08/03/2017 17:59:56 : Calendar Event for Luxury Sport Auto - 7325 SW Bonita Rd
Subject - Site has been disarmed for 1560 minutes - [07-03-2017 19:02 - 08-03-2017 21:02] EventStatus - Console Event, isDisabled - True	2017-03-08 12:29:56Z	3995267638254
I-vigil.vshost.exe	Information	0	08/03/2017 18:02:26 : CameraId - Camera25, eventTime - 2017-03-08 05:32:23	2017-03-08 12:32:26Z	3995723418263
I-vigil.vshost.exe	Information	0	08/03/2017 18:02:52 : Escalate Event(Missed Escalation..	2017-03-08 12:32:52Z	3995800359430
I-vigil.vshost.exe	Information	0	08/03/2017 18:02:52 : [Camera25] - Current Event - 08/03/2017 05:32:23, Allow Auto Escalation = False	2017-03-08 12:32:52Z	3995800392345
I-vigil.vshost.exe	Information	0	08/03/2017 18:06:21 : CameraId - Camera25, eventTime - 2017-03-08 05:36:19	2017-03-08 12:36:21Z	3996430560948
I-vigil.vshost.exe	Information	0	08/03/2017 18:10:14 : Starting Ivigil Client Application.....DateTime :03/08/2017 06:10:14.720 PM	2017-03-08 12:40:14Z	3997136342492
I-vigil.vshost.exe	Information	0	08/03/2017 18:10:18 : Server TimeZone..=Central Standard Time	2017-03-08 12:40:18Z	3997147946202
I-vigil.vshost.exe	Information	0	08/03/2017 18:10:31 : Initializing CameraControl StartTime.. DateTime :03/08/2017 06:10:31.692 PM	2017-03-08 12:40:31Z	3997187558162
I-vigil.vshost.exe	Information	0	08/03/2017 18:10:31 : Initializing CameraControl EndTime.. DateTime :03/08/2017 06:10:31.713 PM	2017-03-08 12:40:31Z	3997187622030
I-vigil.vshost.exe	Information	0	08/03/2017 18:10:32 : Initializing CameraControl StartTime.. DateTime :03/08/2017 06:10:32.267 PM	2017-03-08 12:40:32Z	3997189297708
I-vigil.vshost.exe	Information	0	08/03/2017 18:10:32 : Initializing CameraControl EndTime.. DateTime :03/08/2017 06:10:32.272 PM	2017-03-08 12:40:32Z	3997189310842
I-vigil.vshost.exe	Information	0	08/03/2017 18:10:53 : Calendar Event for Chapman Construction - The Colony P183
Subject - Planned Site Activity From Console - [07-03-2017 08:11 - 08-03-2017 07:00] EventStatus - Console Event, isDisabled - True	2017-03-08 12:40:53Z	3997254234873
I-vigil.vshost.exe	Information	0	08/03/2017 18:10:53 : Calendar Event for Luxury Sport Auto - 7325 SW Bonita Rd
Subject - Site has been disarmed for 1560 minutes - [07-03-2017 19:02 - 08-03-2017 21:02] EventStatus - Console Event, isDisabled - True	2017-03-08 12:40:53Z	3997254238822
I-vigil.vshost.exe	Information	0	08/03/2017 18:29:18 : Starting Ivigil Client Application.....DateTime :03/08/2017 06:29:18.256 PM	2017-03-08 12:59:18Z	4000590221944
I-vigil.vshost.exe	Information	0	08/03/2017 18:29:22 : Server TimeZone..=Central Standard Time	2017-03-08 12:59:22Z	4000602276367
I-vigil.vshost.exe	Information	0	08/03/2017 18:29:34 : Initializing CameraControl StartTime.. DateTime :03/08/2017 06:29:34.739 PM	2017-03-08 12:59:34Z	4000639962441
I-vigil.vshost.exe	Information	0	08/03/2017 18:29:34 : Initializing CameraControl EndTime.. DateTime :03/08/2017 06:29:34.761 PM	2017-03-08 12:59:34Z	4000640027011
I-vigil.vshost.exe	Information	0	08/03/2017 18:29:35 : Initializing CameraControl StartTime.. DateTime :03/08/2017 06:29:35.350 PM	2017-03-08 12:59:35Z	4000641806225
I-vigil.vshost.exe	Information	0	08/03/2017 18:29:35 : Initializing CameraControl EndTime.. DateTime :03/08/2017 06:29:35.356 PM	2017-03-08 12:59:35Z	4000641823753
I-vigil.vshost.exe	Information	0	08/03/2017 18:29:56 : Calendar Event for Chapman Construction - The Colony P183
Subject - Planned Site Activity From Console - [07-03-2017 08:11 - 08-03-2017 07:00] EventStatus - Console Event, isDisabled - True	2017-03-08 12:59:56Z	4000706959134
I-vigil.vshost.exe	Information	0	08/03/2017 18:29:56 : Calendar Event for Luxury Sport Auto - 7325 SW Bonita Rd
Subject - Site has been disarmed for 1560 minutes - [07-03-2017 19:02 - 08-03-2017 21:02] EventStatus - Console Event, isDisabled - True	2017-03-08 12:59:56Z	4000706962707
I-vigil.vshost.exe	Information	0	08/03/2017 18:29:56 : Calendar Event for Waterfleet LLC
Subject - Site has been disarmed for 734 minutes - [08-03-2017 06:46 - 08-03-2017 19:00] EventStatus - Console Event, isDisabled - True	2017-03-08 12:59:56Z	4000706965852
I-vigil.vshost.exe	Information	0	08/03/2017 18:31:24 : CameraId - Camera17, eventTime - 2017-03-08 06:01:20	2017-03-08 13:01:24Z	4000971269739
I-vigil.vshost.exe	Information	0	08/03/2017 18:31:49 : Escalate Event(Missed Escalation..	2017-03-08 13:01:49Z	4001045592553
I-vigil.vshost.exe	Information	0	08/03/2017 18:31:49 : [Camera17] - Current Event - 08/03/2017 06:01:20, Allow Auto Escalation = False	2017-03-08 13:01:49Z	4001045614168
I-vigil.vshost.exe	Information	0	08/03/2017 18:36:22 : Starting Ivigil Client Application.....DateTime :03/08/2017 06:36:22.595 PM	2017-03-08 13:06:22Z	4001871869787
I-vigil.vshost.exe	Information	0	08/03/2017 18:36:26 : Server TimeZone..=Central Standard Time	2017-03-08 13:06:26Z	4001884429149
I-vigil.vshost.exe	Information	0	08/03/2017 18:36:42 : Initializing CameraControl StartTime.. DateTime :03/08/2017 06:36:42.892 PM	2017-03-08 13:06:42Z	4001933130201
I-vigil.vshost.exe	Information	0	08/03/2017 18:36:42 : Initializing CameraControl EndTime.. DateTime :03/08/2017 06:36:42.915 PM	2017-03-08 13:06:42Z	4001933197077
I-vigil.vshost.exe	Information	0	08/03/2017 18:36:43 : Initializing CameraControl StartTime.. DateTime :03/08/2017 06:36:43.511 PM	2017-03-08 13:06:43Z	4001935002299
I-vigil.vshost.exe	Information	0	08/03/2017 18:36:43 : Initializing CameraControl EndTime.. DateTime :03/08/2017 06:36:43.516 PM	2017-03-08 13:06:43Z	4001935016696
I-vigil.vshost.exe	Information	0	08/03/2017 18:37:05 : Calendar Event for Luxury Sport Auto - 7325 SW Bonita Rd
Subject - Site has been disarmed for 1560 minutes - [07-03-2017 19:02 - 08-03-2017 21:02] EventStatus - Console Event, isDisabled - True	2017-03-08 13:07:05Z	4002000222639
I-vigil.vshost.exe	Information	0	08/03/2017 18:37:05 : Calendar Event for Waterfleet LLC
Subject - Site has been disarmed for 734 minutes - [08-03-2017 06:46 - 08-03-2017 19:00] EventStatus - Console Event, isDisabled - True	2017-03-08 13:07:05Z	4002000227169
I-vigil.vshost.exe	Information	0	08/03/2017 18:46:03 : Starting Ivigil Client Application.....DateTime :03/08/2017 06:46:03.641 PM	2017-03-08 13:16:03Z	4003626841384
I-vigil.vshost.exe	Information	0	08/03/2017 18:46:07 : Server TimeZone..=Central Standard Time	2017-03-08 13:16:07Z	4003638476972
I-vigil.vshost.exe	Information	0	08/03/2017 18:46:20 : Initializing CameraControl StartTime.. DateTime :03/08/2017 06:46:20.994 PM	2017-03-08 13:16:20Z	4003679200081
I-vigil.vshost.exe	Information	0	08/03/2017 18:46:21 : Initializing CameraControl EndTime.. DateTime :03/08/2017 06:46:21.014 PM	2017-03-08 13:16:21Z	4003679259988
I-vigil.vshost.exe	Information	0	08/03/2017 18:46:21 : Initializing CameraControl StartTime.. DateTime :03/08/2017 06:46:21.585 PM	2017-03-08 13:16:21Z	4003680987363
I-vigil.vshost.exe	Information	0	08/03/2017 18:46:21 : Initializing CameraControl EndTime.. DateTime :03/08/2017 06:46:21.591 PM	2017-03-08 13:16:21Z	4003681001669
I-vigil.vshost.exe	Information	0	08/03/2017 18:46:43 : Calendar Event for Luxury Sport Auto - 7325 SW Bonita Rd
Subject - Site has been disarmed for 1560 minutes - [07-03-2017 19:02 - 08-03-2017 21:02] EventStatus - Console Event, isDisabled - True	2017-03-08 13:16:43Z	4003746024191
I-vigil.vshost.exe	Information	0	08/03/2017 18:46:43 : Calendar Event for Waterfleet LLC
Subject - Site has been disarmed for 734 minutes - [08-03-2017 06:46 - 08-03-2017 19:00] EventStatus - Console Event, isDisabled - True	2017-03-08 13:16:43Z	4003746027575
I-vigil.vshost.exe	Information	0	08/03/2017 18:50:00 : Starting Ivigil Client Application.....DateTime :03/08/2017 06:50:00.482 PM	2017-03-08 13:20:00Z	4004342180668
I-vigil.vshost.exe	Information	0	08/03/2017 18:50:04 : Server TimeZone..=Central Standard Time	2017-03-08 13:20:04Z	4004353982853
I-vigil.vshost.exe	Information	0	08/03/2017 18:50:16 : Initializing CameraControl StartTime.. DateTime :03/08/2017 06:50:16.926 PM	2017-03-08 13:20:16Z	4004391798326
I-vigil.vshost.exe	Information	0	08/03/2017 18:50:16 : Initializing CameraControl EndTime.. DateTime :03/08/2017 06:50:16.941 PM	2017-03-08 13:20:16Z	4004391844014
I-vigil.vshost.exe	Information	0	08/03/2017 18:50:17 : Initializing CameraControl StartTime.. DateTime :03/08/2017 06:50:17.534 PM	2017-03-08 13:20:17Z	4004393634522
I-vigil.vshost.exe	Information	0	08/03/2017 18:50:17 : Initializing CameraControl EndTime.. DateTime :03/08/2017 06:50:17.539 PM	2017-03-08 13:20:17Z	4004393647602
I-vigil.vshost.exe	Information	0	08/03/2017 18:50:39 : Calendar Event for Luxury Sport Auto - 7325 SW Bonita Rd
Subject - Site has been disarmed for 1560 minutes - [07-03-2017 19:02 - 08-03-2017 21:02] EventStatus - Console Event, isDisabled - True	2017-03-08 13:20:39Z	4004458599944
I-vigil.vshost.exe	Information	0	08/03/2017 18:50:39 : Calendar Event for Waterfleet LLC
Subject - Site has been disarmed for 734 minutes - [08-03-2017 06:46 - 08-03-2017 19:00] EventStatus - Console Event, isDisabled - True	2017-03-08 13:20:39Z	4004458603501
I-vigil.vshost.exe	Information	0	08/03/2017 18:53:41 : Starting Ivigil Client Application.....DateTime :03/08/2017 06:53:41.049 PM	2017-03-08 13:23:41Z	4005008372473
I-vigil.vshost.exe	Information	0	08/03/2017 18:53:44 : Server TimeZone..=Central Standard Time	2017-03-08 13:23:44Z	4005020227755
I-vigil.vshost.exe	Information	0	08/03/2017 18:53:57 : Initializing CameraControl StartTime.. DateTime :03/08/2017 06:53:57.681 PM	2017-03-08 13:23:57Z	4005058551785
I-vigil.vshost.exe	Information	0	08/03/2017 18:53:57 : Initializing CameraControl EndTime.. DateTime :03/08/2017 06:53:57.703 PM	2017-03-08 13:23:57Z	4005058617602
I-vigil.vshost.exe	Information	0	08/03/2017 18:53:58 : Initializing CameraControl StartTime.. DateTime :03/08/2017 06:53:58.254 PM	2017-03-08 13:23:58Z	4005060284596
I-vigil.vshost.exe	Information	0	08/03/2017 18:53:58 : Initializing CameraControl EndTime.. DateTime :03/08/2017 06:53:58.259 PM	2017-03-08 13:23:58Z	4005060298835
I-vigil.vshost.exe	Information	0	08/03/2017 18:54:19 : Calendar Event for Luxury Sport Auto - 7325 SW Bonita Rd
Subject - Site has been disarmed for 1560 minutes - [07-03-2017 19:02 - 08-03-2017 21:02] EventStatus - Console Event, isDisabled - True	2017-03-08 13:24:19Z	4005125205363
I-vigil.vshost.exe	Information	0	08/03/2017 18:54:19 : Calendar Event for Waterfleet LLC
Subject - Site has been disarmed for 734 minutes - [08-03-2017 06:46 - 08-03-2017 19:00] EventStatus - Console Event, isDisabled - True	2017-03-08 13:24:19Z	4005125209059
I-vigil.vshost.exe	Information	0	08/03/2017 18:54:47 : CameraId - Camera17, eventTime - 2017-03-08 06:23:48	2017-03-08 13:24:47Z	4005210108087
I-vigil.vshost.exe	Information	0	08/03/2017 18:55:17 : Escalate Event(Missed Escalation..	2017-03-08 13:25:17Z	4005298494853
I-vigil.vshost.exe	Information	0	08/03/2017 18:55:17 : [Camera17] - Current Event - 08/03/2017 06:23:48, Allow Auto Escalation = False	2017-03-08 13:25:17Z	4005298530671
I-vigil.vshost.exe	Information	0	08/03/2017 18:56:44 : Starting Ivigil Client Application.....DateTime :03/08/2017 06:56:44.313 PM	2017-03-08 13:26:44Z	4005561890877
I-vigil.vshost.exe	Information	0	08/03/2017 18:56:48 : Server TimeZone..=Central Standard Time	2017-03-08 13:26:48Z	4005573838818
I-vigil.vshost.exe	Information	0	08/03/2017 18:57:24 : Initializing CameraControl StartTime.. DateTime :03/08/2017 06:57:24.316 PM	2017-03-08 13:27:24Z	4005682663292
I-vigil.vshost.exe	Information	0	08/03/2017 18:57:24 : Initializing CameraControl EndTime.. DateTime :03/08/2017 06:57:24.336 PM	2017-03-08 13:27:24Z	4005682723288
I-vigil.vshost.exe	Information	0	08/03/2017 18:57:24 : Initializing CameraControl StartTime.. DateTime :03/08/2017 06:57:24.898 PM	2017-03-08 13:27:24Z	4005684421649
I-vigil.vshost.exe	Information	0	08/03/2017 18:57:24 : Initializing CameraControl EndTime.. DateTime :03/08/2017 06:57:24.903 PM	2017-03-08 13:27:24Z	4005684437443
I-vigil.vshost.exe	Information	0	08/03/2017 18:57:46 : Calendar Event for Luxury Sport Auto - 7325 SW Bonita Rd
Subject - Site has been disarmed for 1560 minutes - [07-03-2017 19:02 - 08-03-2017 21:02] EventStatus - Console Event, isDisabled - True	2017-03-08 13:27:46Z	4005749377611
I-vigil.vshost.exe	Information	0	08/03/2017 18:57:46 : Calendar Event for Waterfleet LLC
Subject - Site has been disarmed for 734 minutes - [08-03-2017 06:46 - 08-03-2017 19:00] EventStatus - Console Event, isDisabled - True	2017-03-08 13:27:46Z	4005749380980
I-vigil.vshost.exe	Information	0	08/03/2017 19:06:19 : Starting Ivigil Client Application.....DateTime :03/08/2017 07:06:19.355 PM	2017-03-08 13:36:19Z	4007298713207
I-vigil.vshost.exe	Information	0	08/03/2017 19:06:23 : Server TimeZone..=Central Standard Time	2017-03-08 13:36:23Z	4007310791499
I-vigil.vshost.exe	Information	0	08/03/2017 19:06:35 : Initializing CameraControl StartTime.. DateTime :03/08/2017 07:06:35.268 PM	2017-03-08 13:36:35Z	4007346729341
I-vigil.vshost.exe	Information	0	08/03/2017 19:06:35 : Initializing CameraControl EndTime.. DateTime :03/08/2017 07:06:35.287 PM	2017-03-08 13:36:35Z	4007346785769
I-vigil.vshost.exe	Information	0	08/03/2017 19:06:35 : Initializing CameraControl StartTime.. DateTime :03/08/2017 07:06:35.901 PM	2017-03-08 13:36:35Z	4007348642386
I-vigil.vshost.exe	Information	0	08/03/2017 19:06:35 : Initializing CameraControl EndTime.. DateTime :03/08/2017 07:06:35.906 PM	2017-03-08 13:36:35Z	4007348656348
I-vigil.vshost.exe	Information	0	08/03/2017 19:06:57 : Calendar Event for Luxury Sport Auto - 7325 SW Bonita Rd
Subject - Site has been disarmed for 1560 minutes - [07-03-2017 19:02 - 08-03-2017 21:02] EventStatus - Console Event, isDisabled - True	2017-03-08 13:36:57Z	4007413710666
I-vigil.vshost.exe	Information	0	08/03/2017 19:06:57 : Calendar Event for Waterfleet LLC
Subject - Site has been disarmed for 734 minutes - [08-03-2017 06:46 - 08-03-2017 19:00] EventStatus - Console Event, isDisabled - True	2017-03-08 13:36:57Z	4007413714930
I-vigil.vshost.exe	Information	0	08/03/2017 19:07:32||-- Exception --
Unexpected character encountered while parsing number: ". Path '[0].sensitivity', line 1, position 70.
Newtonsoft.Json
   at Newtonsoft.Json.JsonTextReader.ReadNumberIntoBuffer()
   at Newtonsoft.Json.JsonTextReader.ParseNumber()
   at Newtonsoft.Json.JsonTextReader.ParseValue()
   at Newtonsoft.Json.JsonTextReader.ReadInternal()
   at Newtonsoft.Json.JsonReader.ReadAsStringInternal()
   at Newtonsoft.Json.Serialization.JsonSerializerInternalReader.ReadForType(JsonReader reader, JsonContract contract, Boolean hasConverter)
   at Newtonsoft.Json.Serialization.JsonSerializerInternalReader.PopulateObject(Object newObject, JsonReader reader, JsonObjectContract contract, JsonProperty member, String id)
   at Newtonsoft.Json.Serialization.JsonSerializerInternalReader.CreateObject(JsonReader reader, Type objectType, JsonContract contract, JsonProperty member, JsonContainerContract containerContract, JsonProperty containerMember, Object existingValue)
   at Newtonsoft.Json.Serialization.JsonSerializerInternalReader.CreateValueInternal(JsonReader reader, Type objectType, JsonContract contract, JsonProperty member, JsonContainerContract containerContract, JsonProperty containerMember, Object existingValue)
   at Newtonsoft.Json.Serialization.JsonSerializerInternalReader.PopulateList(IList list, JsonReader reader, JsonArrayContract contract, JsonProperty containerProperty, String id)
   at Newtonsoft.Json.Serialization.JsonSerializerInternalReader.CreateList(JsonReader reader, Type objectType, JsonContract contract, JsonProperty member, Object existingValue, String id)
   at Newtonsoft.Json.Serialization.JsonSerializerInternalReader.CreateValueInternal(JsonReader reader, Type objectType, JsonContract contract, JsonProperty member, JsonContainerContract containerContract, JsonProperty containerMember, Object existingValue)
   at Newtonsoft.Json.Serialization.JsonSerializerInternalReader.Deserialize(JsonReader reader, Type objectType, Boolean checkAdditionalContent)
   at Newtonsoft.Json.JsonSerializer.DeserializeInternal(JsonReader reader, Type objectType)
   at Newtonsoft.Json.JsonConvert.DeserializeObject(String value, Type type, JsonSerializerSettings settings)
   at Newtonsoft.Json.JsonConvert.DeserializeObject[T](String value, JsonSerializerSettings settings)
   at Newtonsoft.Json.JsonConvert.DeserializeObject[T](String value)
   at I_vigil.Configuration.Motion_Analytics.set() in D:\work\I-vigil\I-vigil\Configuration\Motion_Analytics.xaml.cs:line 34
   at I_vigil.Configuration.Motion_Analytics..ctor() in D:\work\I-vigil\I-vigil\Configuration\Motion_Analytics.xaml.cs:line 26
   at I_vigil.Configuration.JsonConfigurations.CameraConfigJson.btnmotionanalytics_Click(Object sender, RoutedEventArgs e) in D:\work\I-vigil\I-vigil\Configuration\JsonConfigurations\CameraConfigJson.xaml.cs:line 617
   at System.Windows.EventRoute.InvokeHandlersImpl(Object source, RoutedEventArgs args, Boolean reRaised)
   at System.Windows.UIElement.RaiseEventImpl(DependencyObject sender, RoutedEventArgs args)
   at System.Windows.Controls.Button.OnClick()
   at System.Windows.Controls.Primitives.ButtonBase.OnMouseLeftButtonUp(MouseButtonEventArgs e)
   at System.Windows.RoutedEventArgs.InvokeHandler(Delegate handler, Object target)
   at System.Windows.EventRoute.InvokeHandlersImpl(Object source, RoutedEventArgs args, Boolean reRaised)
   at System.Windows.UIElement.ReRaiseEventAs(DependencyObject sender, RoutedEventArgs args, RoutedEvent newEvent)
   at System.Windows.UIElement.OnMouseUpThunk(Object sender, MouseButtonEventArgs e)
   at System.Windows.RoutedEventArgs.InvokeHandler(Delegate handler, Object target)
   at System.Windows.EventRoute.InvokeHandlersImpl(Object source, RoutedEventArgs args, Boolean reRaised)
   at System.Windows.UIElement.RaiseEventImpl(DependencyObject sender, RoutedEventArgs args)
   at System.Windows.UIElement.RaiseEvent(RoutedEventArgs args, Boolean trusted)
   at System.Windows.Input.InputManager.ProcessStagingArea()
   at System.Windows.Input.InputManager.ProcessInput(InputEventArgs input)
   at System.Windows.Input.InputProviderSite.ReportInput(InputReport inputReport)
   at System.Windows.Interop.HwndMouseInputProvider.ReportInput(IntPtr hwnd, InputMode mode, Int32 timestamp, RawMouseActions actions, Int32 x, Int32 y, Int32 wheel)
   at System.Windows.Interop.HwndMouseInputProvider.FilterMessage(IntPtr hwnd, Int32 msg, IntPtr wParam, IntPtr lParam, Boolean& handled)
   at System.Windows.Interop.HwndSource.InputFilterMessage(IntPtr hwnd, Int32 msg, IntPtr wParam, IntPtr lParam, Boolean& handled)
   at MS.Win32.HwndWrapper.WndProc(IntPtr hwnd, Int32 msg, IntPtr wParam, IntPtr lParam, Boolean& handled)
   at MS.Win32.HwndSubclass.DispatcherCallbackOperation(Object o)
   at System.Windows.Threading.ExceptionWrapper.InternalRealCall(Delegate callback, Object args, Boolean isSingleParameter)
   at System.Windows.Threading.ExceptionWrapper.TryCatchWhen(Object source, Delegate callback, Object args, Boolean isSingleParameter, Delegate catchHandler)
	2017-03-08 13:37:32Z	4007519188318
I-vigil.vshost.exe	Information	0	08/03/2017 19:08:32 : Starting Ivigil Client Application.....DateTime :03/08/2017 07:08:32.795 PM	2017-03-08 13:38:32Z	4007701755792
I-vigil.vshost.exe	Information	0	08/03/2017 19:08:37 : Server TimeZone..=Central Standard Time	2017-03-08 13:38:37Z	4007715099321
I-vigil.vshost.exe	Information	0	08/03/2017 19:08:55 : Initializing CameraControl StartTime.. DateTime :03/08/2017 07:08:55.286 PM	2017-03-08 13:38:55Z	4007769630863
I-vigil.vshost.exe	Information	0	08/03/2017 19:08:55 : Initializing CameraControl EndTime.. DateTime :03/08/2017 07:08:55.305 PM	2017-03-08 13:38:55Z	4007769689927
I-vigil.vshost.exe	Information	0	08/03/2017 19:08:55 : Initializing CameraControl StartTime.. DateTime :03/08/2017 07:08:55.905 PM	2017-03-08 13:38:55Z	4007771502022
I-vigil.vshost.exe	Information	0	08/03/2017 19:08:55 : Initializing CameraControl EndTime.. DateTime :03/08/2017 07:08:55.910 PM	2017-03-08 13:38:55Z	4007771515928
I-vigil.vshost.exe	Information	0	08/03/2017 19:09:17 : Calendar Event for Luxury Sport Auto - 7325 SW Bonita Rd
Subject - Site has been disarmed for 1560 minutes - [07-03-2017 19:02 - 08-03-2017 21:02] EventStatus - Console Event, isDisabled - True	2017-03-08 13:39:17Z	4007836611702
I-vigil.vshost.exe	Information	0	08/03/2017 19:09:17 : Calendar Event for Waterfleet LLC
Subject - Site has been disarmed for 734 minutes - [08-03-2017 06:46 - 08-03-2017 19:00] EventStatus - Console Event, isDisabled - True	2017-03-08 13:39:17Z	4007836615251
I-vigil.vshost.exe	Information	0	08/03/2017 19:16:15 : Starting Ivigil Client Application.....DateTime :03/08/2017 07:16:15.388 PM	2017-03-08 13:46:15Z	4009098952343
I-vigil.vshost.exe	Information	0	08/03/2017 19:16:19 : Server TimeZone..=Central Standard Time	2017-03-08 13:46:19Z	4009110426339
I-vigil.vshost.exe	Information	0	08/03/2017 19:16:27 : Initializing CameraControl StartTime.. DateTime :03/08/2017 07:16:27.070 PM	2017-03-08 13:46:27Z	4009134176775
I-vigil.vshost.exe	Information	0	08/03/2017 19:16:27 : Initializing CameraControl EndTime.. DateTime :03/08/2017 07:16:27.088 PM	2017-03-08 13:46:27Z	4009134234187
I-vigil.vshost.exe	Information	0	08/03/2017 19:16:27 : Initializing CameraControl StartTime.. DateTime :03/08/2017 07:16:27.689 PM	2017-03-08 13:46:27Z	4009136047261
I-vigil.vshost.exe	Information	0	08/03/2017 19:16:27 : Initializing CameraControl EndTime.. DateTime :03/08/2017 07:16:27.694 PM	2017-03-08 13:46:27Z	4009136060934
I-vigil.vshost.exe	Information	0	08/03/2017 19:16:49 : Calendar Event for Luxury Sport Auto - 7325 SW Bonita Rd
Subject - Site has been disarmed for 1560 minutes - [07-03-2017 19:02 - 08-03-2017 21:02] EventStatus - Console Event, isDisabled - True	2017-03-08 13:46:49Z	4009200818711
I-vigil.vshost.exe	Information	0	08/03/2017 19:16:49 : Calendar Event for Waterfleet LLC
Subject - Site has been disarmed for 734 minutes - [08-03-2017 06:46 - 08-03-2017 19:00] EventStatus - Console Event, isDisabled - True	2017-03-08 13:46:49Z	4009200822773
I-vigil.vshost.exe	Information	0	08/03/2017 19:17:15 : CameraId - Camera25, eventTime - 2017-03-08 06:46:26	2017-03-08 13:47:15Z	4009279095967
I-vigil.vshost.exe	Information	0	08/03/2017 19:17:16 : CameraId - Camera17, eventTime - 2017-03-08 06:46:31	2017-03-08 13:47:16Z	4009284018306
I-vigil.vshost.exe	Information	0	08/03/2017 19:17:42 : Escalate Event(Missed Escalation..	2017-03-08 13:47:42Z	4009363281236
I-vigil.vshost.exe	Information	0	08/03/2017 19:17:42 : [Camera17] - Current Event - 08/03/2017 06:46:31, Allow Auto Escalation = False	2017-03-08 13:47:42Z	4009363318159
I-vigil.vshost.exe	Information	0	08/03/2017 19:20:23 :    at I_vigil.Configuration.CameraDetails..ctor(String status, Camera cameraDet) in D:\work\I-vigil\I-vigil\Configuration\CameraDetails.xaml.cs:line 107
   at I_vigil.Configuration.JsonConfigurations.CameraConfigJson.btnNew_Click(Object sender, RoutedEventArgs e) in D:\work\I-vigil\I-vigil\Configuration\JsonConfigurations\CameraConfigJson.xaml.cs:line 231	2017-03-08 13:50:23Z	4009849700439
I-vigil.vshost.exe	Information	0	08/03/2017 19:23:27 : Starting Ivigil Client Application.....DateTime :03/08/2017 07:23:27.308 PM	2017-03-08 13:53:27Z	4010403499358
I-vigil.vshost.exe	Information	0	08/03/2017 19:23:31 : Server TimeZone..=Central Standard Time	2017-03-08 13:53:31Z	4010415480643
I-vigil.vshost.exe	Information	0	08/03/2017 19:23:39 : Initializing CameraControl StartTime.. DateTime :03/08/2017 07:23:39.492 PM	2017-03-08 13:53:39Z	4010440241952
I-vigil.vshost.exe	Information	0	08/03/2017 19:23:39 : Initializing CameraControl EndTime.. DateTime :03/08/2017 07:23:39.513 PM	2017-03-08 13:53:39Z	4010440304891
I-vigil.vshost.exe	Information	0	08/03/2017 19:23:40 : Initializing CameraControl StartTime.. DateTime :03/08/2017 07:23:40.137 PM	2017-03-08 13:53:40Z	4010442191644
I-vigil.vshost.exe	Information	0	08/03/2017 19:23:40 : Initializing CameraControl EndTime.. DateTime :03/08/2017 07:23:40.142 PM	2017-03-08 13:53:40Z	4010442206279
I-vigil.vshost.exe	Information	0	08/03/2017 19:24:01 : Calendar Event for Luxury Sport Auto - 7325 SW Bonita Rd
Subject - Site has been disarmed for 1560 minutes - [07-03-2017 19:02 - 08-03-2017 21:02] EventStatus - Console Event, isDisabled - True	2017-03-08 13:54:01Z	4010507125044
I-vigil.vshost.exe	Information	0	08/03/2017 19:24:01 : Calendar Event for Waterfleet LLC
Subject - Site has been disarmed for 734 minutes - [08-03-2017 06:46 - 08-03-2017 19:00] EventStatus - Console Event, isDisabled - True	2017-03-08 13:54:01Z	4010507128498
I-vigil.vshost.exe	Information	0	08/03/2017 19:39:02 : Calendar Event for Luxury Sport Auto - 7325 SW Bonita Rd
Subject - Site has been disarmed for 1560 minutes - [07-03-2017 19:02 - 08-03-2017 21:02] EventStatus - Console Event, isDisabled - True	2017-03-08 14:09:02Z	4013228843260
I-vigil.vshost.exe	Information	0	08/03/2017 19:39:02 : Calendar Event for Waterfleet LLC
Subject - Site has been disarmed for 734 minutes - [08-03-2017 06:46 - 08-03-2017 19:00] EventStatus - Console Event, isDisabled - True	2017-03-08 14:09:02Z	4013228847195
I-vigil.vshost.exe	Information	0	08/03/2017 19:50:42 : Starting Ivigil Client Application.....DateTime :03/08/2017 07:50:42.382 PM	2017-03-08 14:20:42Z	4015341988507
I-vigil.vshost.exe	Information	0	08/03/2017 19:50:46 : Server TimeZone..=Central Standard Time	2017-03-08 14:20:46Z	4015353498911
I-vigil.vshost.exe	Information	0	08/03/2017 19:50:54 : Initializing CameraControl StartTime.. DateTime :03/08/2017 07:50:54.025 PM	2017-03-08 14:20:54Z	4015377100556
I-vigil.vshost.exe	Information	0	08/03/2017 19:50:54 : Initializing CameraControl EndTime.. DateTime :03/08/2017 07:50:54.046 PM	2017-03-08 14:20:54Z	4015377163356
I-vigil.vshost.exe	Information	0	08/03/2017 19:50:54 : Initializing CameraControl StartTime.. DateTime :03/08/2017 07:50:54.618 PM	2017-03-08 14:20:54Z	4015378892353
I-vigil.vshost.exe	Information	0	08/03/2017 19:50:54 : Initializing CameraControl EndTime.. DateTime :03/08/2017 07:50:54.623 PM	2017-03-08 14:20:54Z	4015378905818
I-vigil.vshost.exe	Information	0	08/03/2017 19:51:16 : Calendar Event for Luxury Sport Auto - 7325 SW Bonita Rd
Subject - Site has been disarmed for 1560 minutes - [07-03-2017 19:02 - 08-03-2017 21:02] EventStatus - Console Event, isDisabled - True	2017-03-08 14:21:16Z	4015443863787
I-vigil.vshost.exe	Information	0	08/03/2017 19:51:16 : Calendar Event for Waterfleet LLC
Subject - Site has been disarmed for 734 minutes - [08-03-2017 06:46 - 08-03-2017 19:00] EventStatus - Console Event, isDisabled - True	2017-03-08 14:21:16Z	4015443867018
I-vigil.vshost.exe	Information	0	08/03/2017 19:52:08 : Exception In MaskAreaSettings --> GetWebString...Unable to connect to the remote server	2017-03-08 14:22:08Z	4015601338590
I-vigil.vshost.exe	Information	0	08/03/2017 19:52:08 : Exception In  MotionAnalytics_FgAnalysis --> GetTagsUsingRest..Value cannot be null.
Parameter name: s	2017-03-08 14:22:08Z	4015601416895
I-vigil.vshost.exe	Information	0	08/03/2017 19:52:10 : Url - http://aws0002.pro-vigil.info:8090/pro-vigil//CameraService?event=getForeGroundAnalysis&cameraid=Camera1
Response - {"scale":5,"pdValue":1.0,"bucketSize":10,"pdf1":0.4,"pdf2":0.2,"pdf3":0.1,"timeOut":3600000,"falseTags":["Out of Bounds","Rain / Snow (Bad Weather)","Flapping,HangingObj","Animal, SpiderWeb"]}	2017-03-08 14:22:10Z	4015608718709
I-vigil.vshost.exe	Information	0	08/03/2017 19:53:55 : Url - http://aws0002.pro-vigil.info:8090/pro-vigil//CameraService?event=getForeGroundAnalysis&cameraid=Camera1
Response - {"scale":5,"pdValue":1.0,"bucketSize":10,"pdf1":0.4,"pdf2":0.2,"pdf3":0.1,"timeOut":3600000,"falseTags":["Out of Bounds","Rain / Snow (Bad Weather)","Flapping,HangingObj","Animal, SpiderWeb"]}	2017-03-08 14:23:55Z	4015926514275
I-vigil.vshost.exe	Information	0	08/03/2017 19:54:12 : Url - http://aws0002.pro-vigil.info:8090/pro-vigil//CameraService?event=getForeGroundAnalysis&cameraid=Camera190
Response - {"scale":5,"pdValue":1.0,"bucketSize":10,"pdf1":0.4,"pdf2":0.2,"pdf3":0.1,"timeOut":3600000,"falseTags":["Out of Bounds","Rain / Snow (Bad Weather)","Flapping,HangingObj","Animal, SpiderWeb"]}	2017-03-08 14:24:12Z	4015978007702
I-vigil.vshost.exe	Information	0	08/03/2017 19:56:24 : Url - http://aws0002.pro-vigil.info:8090/pro-vigil//CameraService?event=getForeGroundAnalysis&cameraid=Camera1
Response - {"scale":5,"pdValue":1.0,"bucketSize":10,"pdf1":0.4,"pdf2":0.2,"pdf3":0.1,"timeOut":3600000,"falseTags":["Out of Bounds","Rain / Snow (Bad Weather)","Flapping,HangingObj","Animal, SpiderWeb"]}	2017-03-08 14:26:24Z	4016376197280
I-vigil.vshost.exe	Information	0	08/03/2017 19:57:09 : Url - http://aws0002.pro-vigil.info:8090/pro-vigil//CameraService?event=getForeGroundAnalysis&cameraid=Camera1
Response - {"scale":5,"pdValue":1.0,"bucketSize":10,"pdf1":0.4,"pdf2":0.2,"pdf3":0.1,"timeOut":3600000,"falseTags":["Out of Bounds","Rain / Snow (Bad Weather)","Flapping,HangingObj","Animal, SpiderWeb"]}	2017-03-08 14:27:09Z	4016510408897
I-vigil.vshost.exe	Information	0	08/03/2017 19:57:34 : Url - http://aws0002.pro-vigil.info:8090/pro-vigil//CameraService?event=getForeGroundAnalysis&cameraid=Camera1
Response - {"scale":5,"pdValue":1.0,"bucketSize":10,"pdf1":0.4,"pdf2":0.2,"pdf3":0.1,"timeOut":3600000,"falseTags":["Out of Bounds","Rain / Snow (Bad Weather)","Flapping,HangingObj","Animal, SpiderWeb"]}	2017-03-08 14:27:34Z	4016586805327
I-vigil.vshost.exe	Information	0	08/03/2017 19:58:22 : Url - http://console.pro-vigil.com:8080/ivigil-console//checkversion.jsp
Response - 
51300	2017-03-08 14:28:22Z	4016730792374
